<?xml version="1.0" encoding="UTF-8"?>
<testsuite name="com.springV01.web.DataSourceTest" tests="1" skipped="0" failures="0" errors="0" timestamp="2017-09-03T14:31:13" hostname="jo" time="0.149">
  <properties/>
  <testcase name="testConnection" classname="com.springV01.web.DataSourceTest" time="0.149"/>
  <system-out><![CDATA[23:31:10.068 [Test worker] DEBUG org.springframework.test.context.junit4.SpringJUnit4ClassRunner - SpringJUnit4ClassRunner constructor called with [class com.springV01.web.DataSourceTest]
23:31:10.088 [Test worker] DEBUG org.springframework.test.context.BootstrapUtils - Instantiating CacheAwareContextLoaderDelegate from class [org.springframework.test.context.cache.DefaultCacheAwareContextLoaderDelegate]
23:31:10.139 [Test worker] DEBUG org.springframework.test.context.BootstrapUtils - Instantiating BootstrapContext using constructor [public org.springframework.test.context.support.DefaultBootstrapContext(java.lang.Class,org.springframework.test.context.CacheAwareContextLoaderDelegate)]
23:31:10.165 [Test worker] DEBUG org.springframework.test.context.BootstrapUtils - Instantiating TestContextBootstrapper for test class [com.springV01.web.DataSourceTest] from class [org.springframework.test.context.support.DefaultTestContextBootstrapper]
23:31:10.229 [Test worker] DEBUG org.springframework.test.context.support.AbstractDelegatingSmartContextLoader - Delegating to GenericXmlContextLoader to process context configuration [ContextConfigurationAttributes@6e6f4073 declaringClass = 'com.springV01.web.DataSourceTest', classes = '{}', locations = '{classpath:com/framework/spring/*-context.xml}', inheritLocations = true, initializers = '{}', inheritInitializers = true, name = [null], contextLoaderClass = 'org.springframework.test.context.ContextLoader'].
23:31:10.278 [Test worker] DEBUG org.springframework.test.context.support.ActiveProfilesUtils - Could not find an 'annotation declaring class' for annotation type [org.springframework.test.context.ActiveProfiles] and class [com.springV01.web.DataSourceTest]
23:31:10.279 [Test worker] DEBUG org.springframework.test.context.support.DefaultTestContextBootstrapper - @TestExecutionListeners is not present for class [com.springV01.web.DataSourceTest]: using defaults.
23:31:10.280 [Test worker] INFO org.springframework.test.context.support.DefaultTestContextBootstrapper - Loaded default TestExecutionListener class names from location [META-INF/spring.factories]: [org.springframework.test.context.web.ServletTestExecutionListener, org.springframework.test.context.support.DirtiesContextBeforeModesTestExecutionListener, org.springframework.test.context.support.DependencyInjectionTestExecutionListener, org.springframework.test.context.support.DirtiesContextTestExecutionListener, org.springframework.test.context.transaction.TransactionalTestExecutionListener, org.springframework.test.context.jdbc.SqlScriptsTestExecutionListener]
23:31:10.328 [Test worker] INFO org.springframework.test.context.support.DefaultTestContextBootstrapper - Using TestExecutionListeners: [org.springframework.test.context.web.ServletTestExecutionListener@44be2f40, org.springframework.test.context.support.DirtiesContextBeforeModesTestExecutionListener@5ade383b, org.springframework.test.context.support.DependencyInjectionTestExecutionListener@351e8c75, org.springframework.test.context.support.DirtiesContextTestExecutionListener@57fa63cf, org.springframework.test.context.transaction.TransactionalTestExecutionListener@628b925f, org.springframework.test.context.jdbc.SqlScriptsTestExecutionListener@493f61d5]
23:31:10.331 [Test worker] DEBUG org.springframework.test.annotation.ProfileValueUtils - Retrieved @ProfileValueSourceConfiguration [null] for test class [com.springV01.web.DataSourceTest]
23:31:10.332 [Test worker] DEBUG org.springframework.test.annotation.ProfileValueUtils - Retrieved ProfileValueSource type [class org.springframework.test.annotation.SystemProfileValueSource] for class [com.springV01.web.DataSourceTest]
23:31:10.333 [Test worker] DEBUG org.springframework.test.annotation.ProfileValueUtils - Retrieved @ProfileValueSourceConfiguration [null] for test class [com.springV01.web.DataSourceTest]
23:31:10.333 [Test worker] DEBUG org.springframework.test.annotation.ProfileValueUtils - Retrieved ProfileValueSource type [class org.springframework.test.annotation.SystemProfileValueSource] for class [com.springV01.web.DataSourceTest]
23:31:10.336 [Test worker] DEBUG org.springframework.test.context.support.AbstractDirtiesContextTestExecutionListener - Before test class: context [DefaultTestContext@8ab9ee0 testClass = DataSourceTest, testInstance = [null], testMethod = [null], testException = [null], mergedContextConfiguration = [MergedContextConfiguration@4c0e2605 testClass = DataSourceTest, locations = '{classpath:com/framework/spring/*-context.xml}', classes = '{}', contextInitializerClasses = '[]', activeProfiles = '{}', propertySourceLocations = '{}', propertySourceProperties = '{}', contextCustomizers = set[[empty]], contextLoader = 'org.springframework.test.context.support.DelegatingSmartContextLoader', parent = [null]]], class annotated with @DirtiesContext [false] with mode [null].
23:31:10.337 [Test worker] DEBUG org.springframework.test.annotation.ProfileValueUtils - Retrieved @ProfileValueSourceConfiguration [null] for test class [com.springV01.web.DataSourceTest]
23:31:10.338 [Test worker] DEBUG org.springframework.test.annotation.ProfileValueUtils - Retrieved ProfileValueSource type [class org.springframework.test.annotation.SystemProfileValueSource] for class [com.springV01.web.DataSourceTest]
23:31:10.340 [Test worker] DEBUG org.springframework.test.context.support.DependencyInjectionTestExecutionListener - Performing dependency injection for test context [[DefaultTestContext@8ab9ee0 testClass = DataSourceTest, testInstance = com.springV01.web.DataSourceTest@26288c0c, testMethod = [null], testException = [null], mergedContextConfiguration = [MergedContextConfiguration@4c0e2605 testClass = DataSourceTest, locations = '{classpath:com/framework/spring/*-context.xml}', classes = '{}', contextInitializerClasses = '[]', activeProfiles = '{}', propertySourceLocations = '{}', propertySourceProperties = '{}', contextCustomizers = set[[empty]], contextLoader = 'org.springframework.test.context.support.DelegatingSmartContextLoader', parent = [null]]]].
23:31:10.341 [Test worker] DEBUG org.springframework.test.context.support.AbstractDelegatingSmartContextLoader - Delegating to GenericXmlContextLoader to load context from [MergedContextConfiguration@4c0e2605 testClass = DataSourceTest, locations = '{classpath:com/framework/spring/*-context.xml}', classes = '{}', contextInitializerClasses = '[]', activeProfiles = '{}', propertySourceLocations = '{}', propertySourceProperties = '{}', contextCustomizers = set[[empty]], contextLoader = 'org.springframework.test.context.support.DelegatingSmartContextLoader', parent = [null]].
23:31:10.342 [Test worker] DEBUG org.springframework.test.context.support.AbstractGenericContextLoader - Loading ApplicationContext for merged context configuration [[MergedContextConfiguration@4c0e2605 testClass = DataSourceTest, locations = '{classpath:com/framework/spring/*-context.xml}', classes = '{}', contextInitializerClasses = '[]', activeProfiles = '{}', propertySourceLocations = '{}', propertySourceProperties = '{}', contextCustomizers = set[[empty]], contextLoader = 'org.springframework.test.context.support.DelegatingSmartContextLoader', parent = [null]]].
23:31:10.423 [Test worker] DEBUG org.springframework.core.env.StandardEnvironment - Adding [systemProperties] PropertySource with lowest search precedence
23:31:10.424 [Test worker] DEBUG org.springframework.core.env.StandardEnvironment - Adding [systemEnvironment] PropertySource with lowest search precedence
23:31:10.424 [Test worker] DEBUG org.springframework.core.env.StandardEnvironment - Initialized StandardEnvironment with PropertySources [systemProperties,systemEnvironment]
23:31:10.433 [Test worker] DEBUG org.springframework.core.io.support.PathMatchingResourcePatternResolver - Looking for matching resources in directory tree [/home/nick/IdeaProjects/2017_Spring_v01/build/resources/main/com/framework/spring]
23:31:10.434 [Test worker] DEBUG org.springframework.core.io.support.PathMatchingResourcePatternResolver - Searching directory [/home/nick/IdeaProjects/2017_Spring_v01/build/resources/main/com/framework/spring] for files matching pattern [/home/nick/IdeaProjects/2017_Spring_v01/build/resources/main/com/framework/spring/*-context.xml]
23:31:10.441 [Test worker] DEBUG org.springframework.core.io.support.PathMatchingResourcePatternResolver - Resolved location pattern [classpath:com/framework/spring/*-context.xml] to resources [file [/home/nick/IdeaProjects/2017_Spring_v01/build/resources/main/com/framework/spring/common-context.xml], file [/home/nick/IdeaProjects/2017_Spring_v01/build/resources/main/com/framework/spring/datasource-context.xml], file [/home/nick/IdeaProjects/2017_Spring_v01/build/resources/main/com/framework/spring/mapper-context.xml]]
23:31:10.443 [Test worker] INFO org.springframework.beans.factory.xml.XmlBeanDefinitionReader - Loading XML bean definitions from file [/home/nick/IdeaProjects/2017_Spring_v01/build/resources/main/com/framework/spring/common-context.xml]
23:31:10.568 [Test worker] DEBUG org.springframework.beans.factory.xml.DefaultDocumentLoader - Using JAXP provider [com.sun.org.apache.xerces.internal.jaxp.DocumentBuilderFactoryImpl]
23:31:10.728 [Test worker] DEBUG org.springframework.beans.factory.xml.PluggableSchemaResolver - Loading schema mappings from [META-INF/spring.schemas]
23:31:10.769 [Test worker] DEBUG org.springframework.beans.factory.xml.PluggableSchemaResolver - Loaded schema mappings: {http://www.springframework.org/schema/tx/spring-tx-4.3.xsd=org/springframework/transaction/config/spring-tx-4.3.xsd, http://www.springframework.org/schema/tx/spring-tx-2.5.xsd=org/springframework/transaction/config/spring-tx-2.5.xsd, http://www.springframework.org/schema/cache/spring-cache-4.2.xsd=org/springframework/cache/config/spring-cache-4.2.xsd, http://www.springframework.org/schema/aop/spring-aop-4.1.xsd=org/springframework/aop/config/spring-aop-4.1.xsd, http://www.springframework.org/schema/context/spring-context-3.1.xsd=org/springframework/context/config/spring-context-3.1.xsd, http://www.springframework.org/schema/jdbc/spring-jdbc-4.1.xsd=org/springframework/jdbc/config/spring-jdbc-4.1.xsd, http://www.springframework.org/schema/mvc/spring-mvc-4.1.xsd=org/springframework/web/servlet/config/spring-mvc-4.1.xsd, http://www.springframework.org/schema/util/spring-util-3.0.xsd=org/springframework/beans/factory/xml/spring-util-3.0.xsd, http://www.springframework.org/schema/security/spring-security-3.0.3.xsd=org/springframework/security/config/spring-security-3.0.3.xsd, http://mybatis.org/schema/mybatis-spring-1.2.xsd=org/mybatis/spring/config/mybatis-spring-1.2.xsd, http://www.springframework.org/schema/security/spring-security-2.0.1.xsd=org/springframework/security/config/spring-security-2.0.1.xsd, http://www.springframework.org/schema/aop/spring-aop-3.2.xsd=org/springframework/aop/config/spring-aop-3.2.xsd, http://www.springframework.org/schema/tool/spring-tool.xsd=org/springframework/beans/factory/xml/spring-tool-4.3.xsd, http://www.springframework.org/schema/lang/spring-lang-4.1.xsd=org/springframework/scripting/config/spring-lang-4.1.xsd, http://www.springframework.org/schema/context/spring-context-4.0.xsd=org/springframework/context/config/spring-context-4.0.xsd, http://www.springframework.org/schema/mvc/spring-mvc-3.2.xsd=org/springframework/web/servlet/config/spring-mvc-3.2.xsd, http://www.springframework.org/schema/beans/spring-beans-4.2.xsd=org/springframework/beans/factory/xml/spring-beans-4.2.xsd, http://www.springframework.org/schema/tool/spring-tool-4.1.xsd=org/springframework/beans/factory/xml/spring-tool-4.1.xsd, http://www.springframework.org/schema/lang/spring-lang-3.2.xsd=org/springframework/scripting/config/spring-lang-3.2.xsd, http://www.springframework.org/schema/cache/spring-cache-3.2.xsd=org/springframework/cache/config/spring-cache-3.2.xsd, http://www.springframework.org/schema/jee/spring-jee-4.1.xsd=org/springframework/ejb/config/spring-jee-4.1.xsd, http://www.springframework.org/schema/jdbc/spring-jdbc-3.1.xsd=org/springframework/jdbc/config/spring-jdbc-3.1.xsd, http://www.springframework.org/schema/util/spring-util-2.0.xsd=org/springframework/beans/factory/xml/spring-util-2.0.xsd, http://www.springframework.org/schema/task/spring-task-4.2.xsd=org/springframework/scheduling/config/spring-task-4.2.xsd, http://www.springframework.org/schema/tool/spring-tool-3.2.xsd=org/springframework/beans/factory/xml/spring-tool-3.2.xsd, http://www.springframework.org/schema/context/spring-context.xsd=org/springframework/context/config/spring-context-4.3.xsd, http://www.springframework.org/schema/tx/spring-tx-4.2.xsd=org/springframework/transaction/config/spring-tx-4.2.xsd, http://www.springframework.org/schema/cache/spring-cache-4.1.xsd=org/springframework/cache/config/spring-cache-4.1.xsd, http://www.springframework.org/schema/aop/spring-aop-4.0.xsd=org/springframework/aop/config/spring-aop-4.0.xsd, http://www.springframework.org/schema/security/spring-security-2.0.xsd=org/springframework/security/config/spring-security-2.0.xsd, http://www.springframework.org/schema/jee/spring-jee-3.2.xsd=org/springframework/ejb/config/spring-jee-3.2.xsd, http://www.springframework.org/schema/context/spring-context-3.0.xsd=org/springframework/context/config/spring-context-3.0.xsd, http://www.springframework.org/schema/jdbc/spring-jdbc-4.0.xsd=org/springframework/jdbc/config/spring-jdbc-4.0.xsd, http://www.springframework.org/schema/mvc/spring-mvc-4.0.xsd=org/springframework/web/servlet/config/spring-mvc-4.0.xsd, http://www.springframework.org/schema/util/spring-util-4.3.xsd=org/springframework/beans/factory/xml/spring-util-4.3.xsd, http://www.springframework.org/schema/util/spring-util-2.5.xsd=org/springframework/beans/factory/xml/spring-util-2.5.xsd, http://www.springframework.org/schema/beans/spring-beans-3.2.xsd=org/springframework/beans/factory/xml/spring-beans-3.2.xsd, http://www.springframework.org/schema/aop/spring-aop-3.1.xsd=org/springframework/aop/config/spring-aop-3.1.xsd, http://www.springframework.org/schema/lang/spring-lang-4.0.xsd=org/springframework/scripting/config/spring-lang-4.0.xsd, http://www.springframework.org/schema/mvc/spring-mvc.xsd=org/springframework/web/servlet/config/spring-mvc-4.3.xsd, http://www.springframework.org/schema/mvc/spring-mvc-3.1.xsd=org/springframework/web/servlet/config/spring-mvc-3.1.xsd, http://www.springframework.org/schema/beans/spring-beans-4.1.xsd=org/springframework/beans/factory/xml/spring-beans-4.1.xsd, http://www.springframework.org/schema/tool/spring-tool-4.0.xsd=org/springframework/beans/factory/xml/spring-tool-4.0.xsd, http://www.springframework.org/schema/tx/spring-tx-3.2.xsd=org/springframework/transaction/config/spring-tx-3.2.xsd, http://www.springframework.org/schema/lang/spring-lang-3.1.xsd=org/springframework/scripting/config/spring-lang-3.1.xsd, http://www.springframework.org/schema/cache/spring-cache-3.1.xsd=org/springframework/cache/config/spring-cache-3.1.xsd, http://www.springframework.org/schema/jee/spring-jee-4.0.xsd=org/springframework/ejb/config/spring-jee-4.0.xsd, http://www.springframework.org/schema/jdbc/spring-jdbc-3.0.xsd=org/springframework/jdbc/config/spring-jdbc-3.0.xsd, http://www.springframework.org/schema/task/spring-task-4.1.xsd=org/springframework/scheduling/config/spring-task-4.1.xsd, http://www.springframework.org/schema/jdbc/spring-jdbc.xsd=org/springframework/jdbc/config/spring-jdbc-4.3.xsd, http://www.springframework.org/schema/tool/spring-tool-3.1.xsd=org/springframework/beans/factory/xml/spring-tool-3.1.xsd, http://www.springframework.org/schema/tx/spring-tx-4.1.xsd=org/springframework/transaction/config/spring-tx-4.1.xsd, http://www.springframework.org/schema/cache/spring-cache-4.0.xsd=org/springframework/cache/config/spring-cache-4.0.xsd, http://www.springframework.org/schema/jee/spring-jee-3.1.xsd=org/springframework/ejb/config/spring-jee-3.1.xsd, http://www.springframework.org/schema/util/spring-util-4.2.xsd=org/springframework/beans/factory/xml/spring-util-4.2.xsd, http://www.springframework.org/schema/task/spring-task-3.2.xsd=org/springframework/scheduling/config/spring-task-3.2.xsd, http://www.springframework.org/schema/beans/spring-beans-3.1.xsd=org/springframework/beans/factory/xml/spring-beans-3.1.xsd, http://www.springframework.org/schema/util/spring-util.xsd=org/springframework/beans/factory/xml/spring-util-4.3.xsd, http://www.springframework.org/schema/aop/spring-aop-3.0.xsd=org/springframework/aop/config/spring-aop-3.0.xsd, http://www.springframework.org/schema/security/spring-security-4.2.xsd=org/springframework/security/config/spring-security-4.2.xsd, http://www.springframework.org/schema/mvc/spring-mvc-3.0.xsd=org/springframework/web/servlet/config/spring-mvc-3.0.xsd, http://www.springframework.org/schema/beans/spring-beans-4.0.xsd=org/springframework/beans/factory/xml/spring-beans-4.0.xsd, http://www.springframework.org/schema/beans/spring-beans.xsd=org/springframework/beans/factory/xml/spring-beans-4.3.xsd, http://www.springframework.org/schema/security/spring-security-2.0.4.xsd=org/springframework/security/config/spring-security-2.0.4.xsd, http://www.springframework.org/schema/tx/spring-tx-3.1.xsd=org/springframework/transaction/config/spring-tx-3.1.xsd, http://mybatis.org/schema/mybatis-spring.xsd=org/mybatis/spring/config/mybatis-spring-1.2.xsd, http://www.springframework.org/schema/lang/spring-lang-3.0.xsd=org/springframework/scripting/config/spring-lang-3.0.xsd, http://www.springframework.org/schema/context/spring-context-2.5.xsd=org/springframework/context/config/spring-context-2.5.xsd, http://www.springframework.org/schema/context/spring-context-4.3.xsd=org/springframework/context/config/spring-context-4.3.xsd, http://www.springframework.org/schema/task/spring-task-4.0.xsd=org/springframework/scheduling/config/spring-task-4.0.xsd, http://www.springframework.org/schema/tool/spring-tool-3.0.xsd=org/springframework/beans/factory/xml/spring-tool-3.0.xsd, http://www.springframework.org/schema/tx/spring-tx-4.0.xsd=org/springframework/transaction/config/spring-tx-4.0.xsd, http://www.springframework.org/schema/aop/spring-aop-2.0.xsd=org/springframework/aop/config/spring-aop-2.0.xsd, http://www.springframework.org/schema/security/spring-security-3.2.xsd=org/springframework/security/config/spring-security-3.2.xsd, http://www.springframework.org/schema/jee/spring-jee-3.0.xsd=org/springframework/ejb/config/spring-jee-3.0.xsd, http://www.springframework.org/schema/util/spring-util-4.1.xsd=org/springframework/beans/factory/xml/spring-util-4.1.xsd, http://www.springframework.org/schema/task/spring-task-3.1.xsd=org/springframework/scheduling/config/spring-task-3.1.xsd, http://www.springframework.org/schema/beans/spring-beans-3.0.xsd=org/springframework/beans/factory/xml/spring-beans-3.0.xsd, http://www.springframework.org/schema/jee/spring-jee.xsd=org/springframework/ejb/config/spring-jee-4.3.xsd, http://www.springframework.org/schema/aop/spring-aop-4.3.xsd=org/springframework/aop/config/spring-aop-4.3.xsd, http://www.springframework.org/schema/aop/spring-aop-2.5.xsd=org/springframework/aop/config/spring-aop-2.5.xsd, http://www.springframework.org/schema/security/spring-security-4.1.xsd=org/springframework/security/config/spring-security-4.1.xsd, http://www.springframework.org/schema/lang/spring-lang-2.0.xsd=org/springframework/scripting/config/spring-lang-2.0.xsd, http://www.springframework.org/schema/jdbc/spring-jdbc-4.3.xsd=org/springframework/jdbc/config/spring-jdbc-4.3.xsd, http://www.springframework.org/schema/mvc/spring-mvc-4.3.xsd=org/springframework/web/servlet/config/spring-mvc-4.3.xsd, http://www.springframework.org/schema/util/spring-util-3.2.xsd=org/springframework/beans/factory/xml/spring-util-3.2.xsd, http://www.springframework.org/schema/task/spring-task.xsd=org/springframework/scheduling/config/spring-task-4.3.xsd, http://www.springframework.org/schema/tool/spring-tool-2.0.xsd=org/springframework/beans/factory/xml/spring-tool-2.0.xsd, http://www.springframework.org/schema/tx/spring-tx-3.0.xsd=org/springframework/transaction/config/spring-tx-3.0.xsd, http://www.springframework.org/schema/lang/spring-lang-2.5.xsd=org/springframework/scripting/config/spring-lang-2.5.xsd, http://www.springframework.org/schema/lang/spring-lang-4.3.xsd=org/springframework/scripting/config/spring-lang-4.3.xsd, http://www.springframework.org/schema/context/spring-context-4.2.xsd=org/springframework/context/config/spring-context-4.2.xsd, http://www.springframework.org/schema/jee/spring-jee-2.0.xsd=org/springframework/ejb/config/spring-jee-2.0.xsd, http://www.springframework.org/schema/tool/spring-tool-4.3.xsd=org/springframework/beans/factory/xml/spring-tool-4.3.xsd, http://www.springframework.org/schema/tool/spring-tool-2.5.xsd=org/springframework/beans/factory/xml/spring-tool-2.5.xsd, http://www.springframework.org/schema/security/spring-security-3.1.xsd=org/springframework/security/config/spring-security-3.1.xsd, http://www.springframework.org/schema/jee/spring-jee-4.3.xsd=org/springframework/ejb/config/spring-jee-4.3.xsd, http://www.springframework.org/schema/jee/spring-jee-2.5.xsd=org/springframework/ejb/config/spring-jee-2.5.xsd, http://www.springframework.org/schema/util/spring-util-4.0.xsd=org/springframework/beans/factory/xml/spring-util-4.0.xsd, http://www.springframework.org/schema/task/spring-task-3.0.xsd=org/springframework/scheduling/config/spring-task-3.0.xsd, http://www.springframework.org/schema/cache/spring-cache-4.3.xsd=org/springframework/cache/config/spring-cache-4.3.xsd, http://www.springframework.org/schema/aop/spring-aop-4.2.xsd=org/springframework/aop/config/spring-aop-4.2.xsd, http://www.springframework.org/schema/security/spring-security-4.0.xsd=org/springframework/security/config/spring-security-4.0.xsd, http://www.springframework.org/schema/lang/spring-lang.xsd=org/springframework/scripting/config/spring-lang-4.3.xsd, http://www.springframework.org/schema/context/spring-context-3.2.xsd=org/springframework/context/config/spring-context-3.2.xsd, http://www.springframework.org/schema/jdbc/spring-jdbc-4.2.xsd=org/springframework/jdbc/config/spring-jdbc-4.2.xsd, http://www.springframework.org/schema/mvc/spring-mvc-4.2.xsd=org/springframework/web/servlet/config/spring-mvc-4.2.xsd, http://www.springframework.org/schema/util/spring-util-3.1.xsd=org/springframework/beans/factory/xml/spring-util-3.1.xsd, http://www.springframework.org/schema/beans/spring-beans-2.0.xsd=org/springframework/beans/factory/xml/spring-beans-2.0.xsd, http://www.springframework.org/schema/cache/spring-cache.xsd=org/springframework/cache/config/spring-cache-4.3.xsd, http://www.springframework.org/schema/tx/spring-tx.xsd=org/springframework/transaction/config/spring-tx-4.3.xsd, http://www.springframework.org/schema/security/spring-security-2.0.2.xsd=org/springframework/security/config/spring-security-2.0.2.xsd, http://www.springframework.org/schema/lang/spring-lang-4.2.xsd=org/springframework/scripting/config/spring-lang-4.2.xsd, http://www.springframework.org/schema/context/spring-context-4.1.xsd=org/springframework/context/config/spring-context-4.1.xsd, http://www.springframework.org/schema/beans/spring-beans-2.5.xsd=org/springframework/beans/factory/xml/spring-beans-2.5.xsd, http://www.springframework.org/schema/beans/spring-beans-4.3.xsd=org/springframework/beans/factory/xml/spring-beans-4.3.xsd, http://www.springframework.org/schema/tool/spring-tool-4.2.xsd=org/springframework/beans/factory/xml/spring-tool-4.2.xsd, http://www.springframework.org/schema/tx/spring-tx-2.0.xsd=org/springframework/transaction/config/spring-tx-2.0.xsd, http://www.springframework.org/schema/security/spring-security.xsd=org/springframework/security/config/spring-security-4.2.xsd, http://www.springframework.org/schema/security/spring-security-3.0.xsd=org/springframework/security/config/spring-security-3.0.xsd, http://www.springframework.org/schema/jee/spring-jee-4.2.xsd=org/springframework/ejb/config/spring-jee-4.2.xsd, http://www.springframework.org/schema/jdbc/spring-jdbc-3.2.xsd=org/springframework/jdbc/config/spring-jdbc-3.2.xsd, http://www.springframework.org/schema/aop/spring-aop.xsd=org/springframework/aop/config/spring-aop-4.3.xsd, http://www.springframework.org/schema/task/spring-task-4.3.xsd=org/springframework/scheduling/config/spring-task-4.3.xsd}
23:31:10.777 [Test worker] DEBUG org.springframework.beans.factory.xml.PluggableSchemaResolver - Found XML schema [http://www.springframework.org/schema/beans/spring-beans.xsd] in classpath: org/springframework/beans/factory/xml/spring-beans-4.3.xsd
23:31:10.851 [Test worker] DEBUG org.springframework.beans.factory.xml.PluggableSchemaResolver - Found XML schema [http://www.springframework.org/schema/tx/spring-tx-4.3.xsd] in classpath: org/springframework/transaction/config/spring-tx-4.3.xsd
23:31:10.858 [Test worker] DEBUG org.springframework.beans.factory.xml.PluggableSchemaResolver - Found XML schema [http://www.springframework.org/schema/tool/spring-tool-4.3.xsd] in classpath: org/springframework/beans/factory/xml/spring-tool-4.3.xsd
23:31:10.866 [Test worker] DEBUG org.springframework.beans.factory.xml.PluggableSchemaResolver - Found XML schema [http://www.springframework.org/schema/context/spring-context-4.3.xsd] in classpath: org/springframework/context/config/spring-context-4.3.xsd
23:31:10.884 [Test worker] DEBUG org.springframework.beans.factory.xml.DefaultBeanDefinitionDocumentReader - Loading bean definitions
23:31:10.935 [Test worker] DEBUG org.springframework.beans.factory.xml.DefaultNamespaceHandlerResolver - Loaded NamespaceHandler mappings: {http://www.springframework.org/schema/p=org.springframework.beans.factory.xml.SimplePropertyNamespaceHandler, http://www.springframework.org/schema/mvc=org.springframework.web.servlet.config.MvcNamespaceHandler, http://www.springframework.org/schema/util=org.springframework.beans.factory.xml.UtilNamespaceHandler, http://www.springframework.org/schema/jee=org.springframework.ejb.config.JeeNamespaceHandler, http://www.springframework.org/schema/aop=org.springframework.aop.config.AopNamespaceHandler, http://www.springframework.org/schema/jdbc=org.springframework.jdbc.config.JdbcNamespaceHandler, http://www.springframework.org/schema/cache=org.springframework.cache.config.CacheNamespaceHandler, http://mybatis.org/schema/mybatis-spring=org.mybatis.spring.config.NamespaceHandler, http://www.springframework.org/schema/c=org.springframework.beans.factory.xml.SimpleConstructorNamespaceHandler, http://www.springframework.org/schema/security=org.springframework.security.config.SecurityNamespaceHandler, http://www.springframework.org/schema/tx=org.springframework.transaction.config.TxNamespaceHandler, http://www.springframework.org/schema/task=org.springframework.scheduling.config.TaskNamespaceHandler, http://www.springframework.org/schema/lang=org.springframework.scripting.config.LangNamespaceHandler, http://www.springframework.org/schema/context=org.springframework.context.config.ContextNamespaceHandler}
23:31:10.999 [Test worker] DEBUG org.springframework.context.annotation.ClassPathBeanDefinitionScanner - JSR-330 'javax.inject.Named' annotation found and supported for component scanning
23:31:11.004 [Test worker] DEBUG org.springframework.core.io.support.PathMatchingResourcePatternResolver - Resolved classpath location [com/] to resources [URL [file:/home/nick/IdeaProjects/2017_Spring_v01/build/classes/test/com/], URL [file:/home/nick/IdeaProjects/2017_Spring_v01/build/classes/main/com/], URL [file:/home/nick/IdeaProjects/2017_Spring_v01/build/resources/main/com/], URL [jar:file:/home/nick/.gradle/caches/modules-2/files-2.1/com.fasterxml.jackson.core/jackson-databind/2.8.8/bf88c7b27e95cbadce4e7c316a56c3efffda8026/jackson-databind-2.8.8.jar!/com/], URL [jar:file:/home/nick/.gradle/caches/modules-2/files-2.1/com.fasterxml.jackson.core/jackson-core/2.8.8/d478fb6de45a7c3d2cad07c8ad70c7f0a797a020/jackson-core-2.8.8.jar!/com/], URL [jar:file:/home/nick/.gradle/caches/modules-2/files-2.1/com.fasterxml.jackson.core/jackson-annotations/2.8.8/1ed81c0e4eb2d261d1da0a3a45bd6b199fb5cf9a/jackson-annotations-2.8.8.jar!/com/], URL [jar:file:/home/nick/.gradle/caches/modules-2/files-2.1/com.google.code.gson/gson/2.8.0/c4ba5371a29ac9b2ad6129b1d39ea38750043eff/gson-2.8.0.jar!/com/]]
23:31:11.004 [Test worker] DEBUG org.springframework.core.io.support.PathMatchingResourcePatternResolver - Looking for matching resources in directory tree [/home/nick/IdeaProjects/2017_Spring_v01/build/classes/test/com]
23:31:11.004 [Test worker] DEBUG org.springframework.core.io.support.PathMatchingResourcePatternResolver - Searching directory [/home/nick/IdeaProjects/2017_Spring_v01/build/classes/test/com] for files matching pattern [/home/nick/IdeaProjects/2017_Spring_v01/build/classes/test/com/**/*.class]
23:31:11.004 [Test worker] DEBUG org.springframework.core.io.support.PathMatchingResourcePatternResolver - Searching directory [/home/nick/IdeaProjects/2017_Spring_v01/build/classes/test/com/springV01] for files matching pattern [/home/nick/IdeaProjects/2017_Spring_v01/build/classes/test/com/**/*.class]
23:31:11.005 [Test worker] DEBUG org.springframework.core.io.support.PathMatchingResourcePatternResolver - Searching directory [/home/nick/IdeaProjects/2017_Spring_v01/build/classes/test/com/springV01/web] for files matching pattern [/home/nick/IdeaProjects/2017_Spring_v01/build/classes/test/com/**/*.class]
23:31:11.005 [Test worker] DEBUG org.springframework.core.io.support.PathMatchingResourcePatternResolver - Looking for matching resources in directory tree [/home/nick/IdeaProjects/2017_Spring_v01/build/classes/main/com]
23:31:11.005 [Test worker] DEBUG org.springframework.core.io.support.PathMatchingResourcePatternResolver - Searching directory [/home/nick/IdeaProjects/2017_Spring_v01/build/classes/main/com] for files matching pattern [/home/nick/IdeaProjects/2017_Spring_v01/build/classes/main/com/**/*.class]
23:31:11.006 [Test worker] DEBUG org.springframework.core.io.support.PathMatchingResourcePatternResolver - Searching directory [/home/nick/IdeaProjects/2017_Spring_v01/build/classes/main/com/framework] for files matching pattern [/home/nick/IdeaProjects/2017_Spring_v01/build/classes/main/com/**/*.class]
23:31:11.006 [Test worker] DEBUG org.springframework.core.io.support.PathMatchingResourcePatternResolver - Searching directory [/home/nick/IdeaProjects/2017_Spring_v01/build/classes/main/com/framework/aop] for files matching pattern [/home/nick/IdeaProjects/2017_Spring_v01/build/classes/main/com/**/*.class]
23:31:11.007 [Test worker] DEBUG org.springframework.core.io.support.PathMatchingResourcePatternResolver - Searching directory [/home/nick/IdeaProjects/2017_Spring_v01/build/classes/main/com/framework/comm] for files matching pattern [/home/nick/IdeaProjects/2017_Spring_v01/build/classes/main/com/**/*.class]
23:31:11.007 [Test worker] DEBUG org.springframework.core.io.support.PathMatchingResourcePatternResolver - Searching directory [/home/nick/IdeaProjects/2017_Spring_v01/build/classes/main/com/framework/comm/session] for files matching pattern [/home/nick/IdeaProjects/2017_Spring_v01/build/classes/main/com/**/*.class]
23:31:11.007 [Test worker] DEBUG org.springframework.core.io.support.PathMatchingResourcePatternResolver - Searching directory [/home/nick/IdeaProjects/2017_Spring_v01/build/classes/main/com/framework/dao] for files matching pattern [/home/nick/IdeaProjects/2017_Spring_v01/build/classes/main/com/**/*.class]
23:31:11.008 [Test worker] DEBUG org.springframework.core.io.support.PathMatchingResourcePatternResolver - Searching directory [/home/nick/IdeaProjects/2017_Spring_v01/build/classes/main/com/framework/service] for files matching pattern [/home/nick/IdeaProjects/2017_Spring_v01/build/classes/main/com/**/*.class]
23:31:11.008 [Test worker] DEBUG org.springframework.core.io.support.PathMatchingResourcePatternResolver - Searching directory [/home/nick/IdeaProjects/2017_Spring_v01/build/classes/main/com/framework/util] for files matching pattern [/home/nick/IdeaProjects/2017_Spring_v01/build/classes/main/com/**/*.class]
23:31:11.009 [Test worker] DEBUG org.springframework.core.io.support.PathMatchingResourcePatternResolver - Searching directory [/home/nick/IdeaProjects/2017_Spring_v01/build/classes/main/com/springV01] for files matching pattern [/home/nick/IdeaProjects/2017_Spring_v01/build/classes/main/com/**/*.class]
23:31:11.009 [Test worker] DEBUG org.springframework.core.io.support.PathMatchingResourcePatternResolver - Searching directory [/home/nick/IdeaProjects/2017_Spring_v01/build/classes/main/com/springV01/controller] for files matching pattern [/home/nick/IdeaProjects/2017_Spring_v01/build/classes/main/com/**/*.class]
23:31:11.010 [Test worker] DEBUG org.springframework.core.io.support.PathMatchingResourcePatternResolver - Searching directory [/home/nick/IdeaProjects/2017_Spring_v01/build/classes/main/com/springV01/controller/board] for files matching pattern [/home/nick/IdeaProjects/2017_Spring_v01/build/classes/main/com/**/*.class]
23:31:11.010 [Test worker] DEBUG org.springframework.core.io.support.PathMatchingResourcePatternResolver - Searching directory [/home/nick/IdeaProjects/2017_Spring_v01/build/classes/main/com/springV01/controller/main] for files matching pattern [/home/nick/IdeaProjects/2017_Spring_v01/build/classes/main/com/**/*.class]
23:31:11.011 [Test worker] DEBUG org.springframework.core.io.support.PathMatchingResourcePatternResolver - Searching directory [/home/nick/IdeaProjects/2017_Spring_v01/build/classes/main/com/springV01/domain] for files matching pattern [/home/nick/IdeaProjects/2017_Spring_v01/build/classes/main/com/**/*.class]
23:31:11.012 [Test worker] DEBUG org.springframework.core.io.support.PathMatchingResourcePatternResolver - Searching directory [/home/nick/IdeaProjects/2017_Spring_v01/build/classes/main/com/springV01/service] for files matching pattern [/home/nick/IdeaProjects/2017_Spring_v01/build/classes/main/com/**/*.class]
23:31:11.012 [Test worker] DEBUG org.springframework.core.io.support.PathMatchingResourcePatternResolver - Searching directory [/home/nick/IdeaProjects/2017_Spring_v01/build/classes/main/com/springV01/service/board] for files matching pattern [/home/nick/IdeaProjects/2017_Spring_v01/build/classes/main/com/**/*.class]
23:31:11.013 [Test worker] DEBUG org.springframework.core.io.support.PathMatchingResourcePatternResolver - Searching directory [/home/nick/IdeaProjects/2017_Spring_v01/build/classes/main/com/springV01/service/main] for files matching pattern [/home/nick/IdeaProjects/2017_Spring_v01/build/classes/main/com/**/*.class]
23:31:11.013 [Test worker] DEBUG org.springframework.core.io.support.PathMatchingResourcePatternResolver - Searching directory [/home/nick/IdeaProjects/2017_Spring_v01/build/classes/main/com/springV01/util] for files matching pattern [/home/nick/IdeaProjects/2017_Spring_v01/build/classes/main/com/**/*.class]
23:31:11.014 [Test worker] DEBUG org.springframework.core.io.support.PathMatchingResourcePatternResolver - Looking for matching resources in directory tree [/home/nick/IdeaProjects/2017_Spring_v01/build/resources/main/com]
23:31:11.015 [Test worker] DEBUG org.springframework.core.io.support.PathMatchingResourcePatternResolver - Searching directory [/home/nick/IdeaProjects/2017_Spring_v01/build/resources/main/com] for files matching pattern [/home/nick/IdeaProjects/2017_Spring_v01/build/resources/main/com/**/*.class]
23:31:11.015 [Test worker] DEBUG org.springframework.core.io.support.PathMatchingResourcePatternResolver - Searching directory [/home/nick/IdeaProjects/2017_Spring_v01/build/resources/main/com/framework] for files matching pattern [/home/nick/IdeaProjects/2017_Spring_v01/build/resources/main/com/**/*.class]
23:31:11.015 [Test worker] DEBUG org.springframework.core.io.support.PathMatchingResourcePatternResolver - Searching directory [/home/nick/IdeaProjects/2017_Spring_v01/build/resources/main/com/framework/mybatis] for files matching pattern [/home/nick/IdeaProjects/2017_Spring_v01/build/resources/main/com/**/*.class]
23:31:11.016 [Test worker] DEBUG org.springframework.core.io.support.PathMatchingResourcePatternResolver - Searching directory [/home/nick/IdeaProjects/2017_Spring_v01/build/resources/main/com/framework/spring] for files matching pattern [/home/nick/IdeaProjects/2017_Spring_v01/build/resources/main/com/**/*.class]
23:31:11.017 [Test worker] DEBUG org.springframework.core.io.support.PathMatchingResourcePatternResolver - Searching directory [/home/nick/IdeaProjects/2017_Spring_v01/build/resources/main/com/springV01] for files matching pattern [/home/nick/IdeaProjects/2017_Spring_v01/build/resources/main/com/**/*.class]
23:31:11.017 [Test worker] DEBUG org.springframework.core.io.support.PathMatchingResourcePatternResolver - Searching directory [/home/nick/IdeaProjects/2017_Spring_v01/build/resources/main/com/springV01/mapper] for files matching pattern [/home/nick/IdeaProjects/2017_Spring_v01/build/resources/main/com/**/*.class]
23:31:11.018 [Test worker] DEBUG org.springframework.core.io.support.PathMatchingResourcePatternResolver - Searching directory [/home/nick/IdeaProjects/2017_Spring_v01/build/resources/main/com/springV01/mapper/board] for files matching pattern [/home/nick/IdeaProjects/2017_Spring_v01/build/resources/main/com/**/*.class]
23:31:11.018 [Test worker] DEBUG org.springframework.core.io.support.PathMatchingResourcePatternResolver - Searching directory [/home/nick/IdeaProjects/2017_Spring_v01/build/resources/main/com/springV01/mapper/main] for files matching pattern [/home/nick/IdeaProjects/2017_Spring_v01/build/resources/main/com/**/*.class]
23:31:11.018 [Test worker] DEBUG org.springframework.core.io.support.PathMatchingResourcePatternResolver - Searching directory [/home/nick/IdeaProjects/2017_Spring_v01/build/resources/main/com/springV01/tiles] for files matching pattern [/home/nick/IdeaProjects/2017_Spring_v01/build/resources/main/com/**/*.class]
23:31:11.019 [Test worker] DEBUG org.springframework.core.io.support.PathMatchingResourcePatternResolver - Looking for matching resources in jar file [file:/home/nick/.gradle/caches/modules-2/files-2.1/com.fasterxml.jackson.core/jackson-databind/2.8.8/bf88c7b27e95cbadce4e7c316a56c3efffda8026/jackson-databind-2.8.8.jar]
23:31:11.070 [Test worker] DEBUG org.springframework.core.io.support.PathMatchingResourcePatternResolver - Looking for matching resources in jar file [file:/home/nick/.gradle/caches/modules-2/files-2.1/com.fasterxml.jackson.core/jackson-core/2.8.8/d478fb6de45a7c3d2cad07c8ad70c7f0a797a020/jackson-core-2.8.8.jar]
23:31:11.077 [Test worker] DEBUG org.springframework.core.io.support.PathMatchingResourcePatternResolver - Looking for matching resources in jar file [file:/home/nick/.gradle/caches/modules-2/files-2.1/com.fasterxml.jackson.core/jackson-annotations/2.8.8/1ed81c0e4eb2d261d1da0a3a45bd6b199fb5cf9a/jackson-annotations-2.8.8.jar]
23:31:11.083 [Test worker] DEBUG org.springframework.core.io.support.PathMatchingResourcePatternResolver - Looking for matching resources in jar file [file:/home/nick/.gradle/caches/modules-2/files-2.1/com.google.code.gson/gson/2.8.0/c4ba5371a29ac9b2ad6129b1d39ea38750043eff/gson-2.8.0.jar]
23:31:11.099 [Test worker] DEBUG org.springframework.core.io.support.PathMatchingResourcePatternResolver - Resolved location pattern [classpath*:com/**/*.class] to resources [file [/home/nick/IdeaProjects/2017_Spring_v01/build/classes/test/com/springV01/web/DataSourceTest.class], file [/home/nick/IdeaProjects/2017_Spring_v01/build/classes/main/com/framework/aop/ControllerAdvice.class], file [/home/nick/IdeaProjects/2017_Spring_v01/build/classes/main/com/framework/comm/session/SessionBindingListener.class], file [/home/nick/IdeaProjects/2017_Spring_v01/build/classes/main/com/framework/dao/MybatisDao.class], file [/home/nick/IdeaProjects/2017_Spring_v01/build/classes/main/com/framework/dao/MybatisService.class], file [/home/nick/IdeaProjects/2017_Spring_v01/build/classes/main/com/framework/service/BaseService.class], file [/home/nick/IdeaProjects/2017_Spring_v01/build/classes/main/com/framework/util/BindingInitializer.class], file [/home/nick/IdeaProjects/2017_Spring_v01/build/classes/main/com/framework/util/Constant.class], file [/home/nick/IdeaProjects/2017_Spring_v01/build/classes/main/com/framework/util/RequestUtil.class], file [/home/nick/IdeaProjects/2017_Spring_v01/build/classes/main/com/framework/util/StrUtil.class], file [/home/nick/IdeaProjects/2017_Spring_v01/build/classes/main/com/springV01/controller/board/Board001Controller.class], file [/home/nick/IdeaProjects/2017_Spring_v01/build/classes/main/com/springV01/controller/board/Board002Controller.class], file [/home/nick/IdeaProjects/2017_Spring_v01/build/classes/main/com/springV01/controller/main/Main001Controller.class], file [/home/nick/IdeaProjects/2017_Spring_v01/build/classes/main/com/springV01/domain/BoardVO.class], file [/home/nick/IdeaProjects/2017_Spring_v01/build/classes/main/com/springV01/service/board/Board001Service.class], file [/home/nick/IdeaProjects/2017_Spring_v01/build/classes/main/com/springV01/service/main/Main001Service.class], file [/home/nick/IdeaProjects/2017_Spring_v01/build/classes/main/com/springV01/util/AjaxResponseUtil.class], URL [jar:file:/home/nick/.gradle/caches/modules-2/files-2.1/com.fasterxml.jackson.core/jackson-databind/2.8.8/bf88c7b27e95cbadce4e7c316a56c3efffda8026/jackson-databind-2.8.8.jar!/com/fasterxml/jackson/databind/AbstractTypeResolver.class], URL [jar:file:/home/nick/.gradle/caches/modules-2/files-2.1/com.fasterxml.jackson.core/jackson-databind/2.8.8/bf88c7b27e95cbadce4e7c316a56c3efffda8026/jackson-databind-2.8.8.jar!/com/fasterxml/jackson/databind/AnnotationIntrospector$ReferenceProperty$Type.class], URL [jar:file:/home/nick/.gradle/caches/modules-2/files-2.1/com.fasterxml.jackson.core/jackson-databind/2.8.8/bf88c7b27e95cbadce4e7c316a56c3efffda8026/jackson-databind-2.8.8.jar!/com/fasterxml/jackson/databind/AnnotationIntrospector$ReferenceProperty.class], URL [jar:file:/home/nick/.gradle/caches/modules-2/files-2.1/com.fasterxml.jackson.core/jackson-databind/2.8.8/bf88c7b27e95cbadce4e7c316a56c3efffda8026/jackson-databind-2.8.8.jar!/com/fasterxml/jackson/databind/AnnotationIntrospector.class], URL [jar:file:/home/nick/.gradle/caches/modules-2/files-2.1/com.fasterxml.jackson.core/jackson-databind/2.8.8/bf88c7b27e95cbadce4e7c316a56c3efffda8026/jackson-databind-2.8.8.jar!/com/fasterxml/jackson/databind/BeanDescription.class], URL [jar:file:/home/nick/.gradle/caches/modules-2/files-2.1/com.fasterxml.jackson.core/jackson-databind/2.8.8/bf88c7b27e95cbadce4e7c316a56c3efffda8026/jackson-databind-2.8.8.jar!/com/fasterxml/jackson/databind/BeanProperty$Std.class], URL [jar:file:/home/nick/.gradle/caches/modules-2/files-2.1/com.fasterxml.jackson.core/jackson-databind/2.8.8/bf88c7b27e95cbadce4e7c316a56c3efffda8026/jackson-databind-2.8.8.jar!/com/fasterxml/jackson/databind/BeanProperty.class], URL [jar:file:/home/nick/.gradle/caches/modules-2/files-2.1/com.fasterxml.jackson.core/jackson-databind/2.8.8/bf88c7b27e95cbadce4e7c316a56c3efffda8026/jackson-databind-2.8.8.jar!/com/fasterxml/jackson/databind/DatabindContext.class], URL [jar:file:/home/nick/.gradle/caches/modules-2/files-2.1/com.fasterxml.jackson.core/jackson-databind/2.8.8/bf88c7b27e95cbadce4e7c316a56c3efffda8026/jackson-databind-2.8.8.jar!/com/fasterxml/jackson/databind/DeserializationConfig.class], URL [jar:file:/home/nick/.gradle/caches/modules-2/files-2.1/com.fasterxml.jackson.core/jackson-databind/2.8.8/bf88c7b27e95cbadce4e7c316a56c3efffda8026/jackson-databind-2.8.8.jar!/com/fasterxml/jackson/databind/DeserializationContext.class], URL [jar:file:/home/nick/.gradle/caches/modules-2/files-2.1/com.fasterxml.jackson.core/jackson-databind/2.8.8/bf88c7b27e95cbadce4e7c316a56c3efffda8026/jackson-databind-2.8.8.jar!/com/fasterxml/jackson/databind/DeserializationFeature.class], URL [jar:file:/home/nick/.gradle/caches/modules-2/files-2.1/com.fasterxml.jackson.core/jackson-databind/2.8.8/bf88c7b27e95cbadce4e7c316a56c3efffda8026/jackson-databind-2.8.8.jar!/com/fasterxml/jackson/databind/InjectableValues$Std.class], URL [jar:file:/home/nick/.gradle/caches/modules-2/files-2.1/com.fasterxml.jackson.core/jackson-databind/2.8.8/bf88c7b27e95cbadce4e7c316a56c3efffda8026/jackson-databind-2.8.8.jar!/com/fasterxml/jackson/databind/InjectableValues.class], URL [jar:file:/home/nick/.gradle/caches/modules-2/files-2.1/com.fasterxml.jackson.core/jackson-databind/2.8.8/bf88c7b27e95cbadce4e7c316a56c3efffda8026/jackson-databind-2.8.8.jar!/com/fasterxml/jackson/databind/JavaType.class], URL [jar:file:/home/nick/.gradle/caches/modules-2/files-2.1/com.fasterxml.jackson.core/jackson-databind/2.8.8/bf88c7b27e95cbadce4e7c316a56c3efffda8026/jackson-databind-2.8.8.jar!/com/fasterxml/jackson/databind/JsonDeserializer$None.class], URL [jar:file:/home/nick/.gradle/caches/modules-2/files-2.1/com.fasterxml.jackson.core/jackson-databind/2.8.8/bf88c7b27e95cbadce4e7c316a56c3efffda8026/jackson-databind-2.8.8.jar!/com/fasterxml/jackson/databind/JsonDeserializer.class], URL [jar:file:/home/nick/.gradle/caches/modules-2/files-2.1/com.fasterxml.jackson.core/jackson-databind/2.8.8/bf88c7b27e95cbadce4e7c316a56c3efffda8026/jackson-databind-2.8.8.jar!/com/fasterxml/jackson/databind/JsonMappingException$Reference.class], URL [jar:file:/home/nick/.gradle/caches/modules-2/files-2.1/com.fasterxml.jackson.core/jackson-databind/2.8.8/bf88c7b27e95cbadce4e7c316a56c3efffda8026/jackson-databind-2.8.8.jar!/com/fasterxml/jackson/databind/JsonMappingException.class], URL [jar:file:/home/nick/.gradle/caches/modules-2/files-2.1/com.fasterxml.jackson.core/jackson-databind/2.8.8/bf88c7b27e95cbadce4e7c316a56c3efffda8026/jackson-databind-2.8.8.jar!/com/fasterxml/jackson/databind/JsonNode$1.class], URL [jar:file:/home/nick/.gradle/caches/modules-2/files-2.1/com.fasterxml.jackson.core/jackson-databind/2.8.8/bf88c7b27e95cbadce4e7c316a56c3efffda8026/jackson-databind-2.8.8.jar!/com/fasterxml/jackson/databind/JsonNode.class], URL [jar:file:/home/nick/.gradle/caches/modules-2/files-2.1/com.fasterxml.jackson.core/jackson-databind/2.8.8/bf88c7b27e95cbadce4e7c316a56c3efffda8026/jackson-databind-2.8.8.jar!/com/fasterxml/jackson/databind/JsonSerializable$Base.class], URL [jar:file:/home/nick/.gradle/caches/modules-2/files-2.1/com.fasterxml.jackson.core/jackson-databind/2.8.8/bf88c7b27e95cbadce4e7c316a56c3efffda8026/jackson-databind-2.8.8.jar!/com/fasterxml/jackson/databind/JsonSerializable.class], URL [jar:file:/home/nick/.gradle/caches/modules-2/files-2.1/com.fasterxml.jackson.core/jackson-databind/2.8.8/bf88c7b27e95cbadce4e7c316a56c3efffda8026/jackson-databind-2.8.8.jar!/com/fasterxml/jackson/databind/JsonSerializer$None.class], URL [jar:file:/home/nick/.gradle/caches/modules-2/files-2.1/com.fasterxml.jackson.core/jackson-databind/2.8.8/bf88c7b27e95cbadce4e7c316a56c3efffda8026/jackson-databind-2.8.8.jar!/com/fasterxml/jackson/databind/JsonSerializer.class], URL [jar:file:/home/nick/.gradle/caches/modules-2/files-2.1/com.fasterxml.jackson.core/jackson-databind/2.8.8/bf88c7b27e95cbadce4e7c316a56c3efffda8026/jackson-databind-2.8.8.jar!/com/fasterxml/jackson/databind/KeyDeserializer$None.class], URL [jar:file:/home/nick/.gradle/caches/modules-2/files-2.1/com.fasterxml.jackson.core/jackson-databind/2.8.8/bf88c7b27e95cbadce4e7c316a56c3efffda8026/jackson-databind-2.8.8.jar!/com/fasterxml/jackson/databind/KeyDeserializer.class], URL [jar:file:/home/nick/.gradle/caches/modules-2/files-2.1/com.fasterxml.jackson.core/jackson-databind/2.8.8/bf88c7b27e95cbadce4e7c316a56c3efffda8026/jackson-databind-2.8.8.jar!/com/fasterxml/jackson/databind/MapperFeature.class], URL [jar:file:/home/nick/.gradle/caches/modules-2/files-2.1/com.fasterxml.jackson.core/jackson-databind/2.8.8/bf88c7b27e95cbadce4e7c316a56c3efffda8026/jackson-databind-2.8.8.jar!/com/fasterxml/jackson/databind/MappingIterator.class], URL [jar:file:/home/nick/.gradle/caches/modules-2/files-2.1/com.fasterxml.jackson.core/jackson-databind/2.8.8/bf88c7b27e95cbadce4e7c316a56c3efffda8026/jackson-databind-2.8.8.jar!/com/fasterxml/jackson/databind/MappingJsonFactory.class], URL [jar:file:/home/nick/.gradle/caches/modules-2/files-2.1/com.fasterxml.jackson.core/jackson-databind/2.8.8/bf88c7b27e95cbadce4e7c316a56c3efffda8026/jackson-databind-2.8.8.jar!/com/fasterxml/jackson/databind/Module$SetupContext.class], URL [jar:file:/home/nick/.gradle/caches/modules-2/files-2.1/com.fasterxml.jackson.core/jackson-databind/2.8.8/bf88c7b27e95cbadce4e7c316a56c3efffda8026/jackson-databind-2.8.8.jar!/com/fasterxml/jackson/databind/Module.class], URL [jar:file:/home/nick/.gradle/caches/modules-2/files-2.1/com.fasterxml.jackson.core/jackson-databind/2.8.8/bf88c7b27e95cbadce4e7c316a56c3efffda8026/jackson-databind-2.8.8.jar!/com/fasterxml/jackson/databind/ObjectMapper$1.class], URL [jar:file:/home/nick/.gradle/caches/modules-2/files-2.1/com.fasterxml.jackson.core/jackson-databind/2.8.8/bf88c7b27e95cbadce4e7c316a56c3efffda8026/jackson-databind-2.8.8.jar!/com/fasterxml/jackson/databind/ObjectMapper$2.class], URL [jar:file:/home/nick/.gradle/caches/modules-2/files-2.1/com.fasterxml.jackson.core/jackson-databind/2.8.8/bf88c7b27e95cbadce4e7c316a56c3efffda8026/jackson-databind-2.8.8.jar!/com/fasterxml/jackson/databind/ObjectMapper$DefaultTypeResolverBuilder.class], URL [jar:file:/home/nick/.gradle/caches/modules-2/files-2.1/com.fasterxml.jackson.core/jackson-databind/2.8.8/bf88c7b27e95cbadce4e7c316a56c3efffda8026/jackson-databind-2.8.8.jar!/com/fasterxml/jackson/databind/ObjectMapper$DefaultTyping.class], URL [jar:file:/home/nick/.gradle/caches/modules-2/files-2.1/com.fasterxml.jackson.core/jackson-databind/2.8.8/bf88c7b27e95cbadce4e7c316a56c3efffda8026/jackson-databind-2.8.8.jar!/com/fasterxml/jackson/databind/ObjectMapper.class], URL [jar:file:/home/nick/.gradle/caches/modules-2/files-2.1/com.fasterxml.jackson.core/jackson-databind/2.8.8/bf88c7b27e95cbadce4e7c316a56c3efffda8026/jackson-databind-2.8.8.jar!/com/fasterxml/jackson/databind/ObjectReader.class], URL [jar:file:/home/nick/.gradle/caches/modules-2/files-2.1/com.fasterxml.jackson.core/jackson-databind/2.8.8/bf88c7b27e95cbadce4e7c316a56c3efffda8026/jackson-databind-2.8.8.jar!/com/fasterxml/jackson/databind/ObjectWriter$GeneratorSettings.class], URL [jar:file:/home/nick/.gradle/caches/modules-2/files-2.1/com.fasterxml.jackson.core/jackson-databind/2.8.8/bf88c7b27e95cbadce4e7c316a56c3efffda8026/jackson-databind-2.8.8.jar!/com/fasterxml/jackson/databind/ObjectWriter$Prefetch.class], URL [jar:file:/home/nick/.gradle/caches/modules-2/files-2.1/com.fasterxml.jackson.core/jackson-databind/2.8.8/bf88c7b27e95cbadce4e7c316a56c3efffda8026/jackson-databind-2.8.8.jar!/com/fasterxml/jackson/databind/ObjectWriter.class], URL [jar:file:/home/nick/.gradle/caches/modules-2/files-2.1/com.fasterxml.jackson.core/jackson-databind/2.8.8/bf88c7b27e95cbadce4e7c316a56c3efffda8026/jackson-databind-2.8.8.jar!/com/fasterxml/jackson/databind/PropertyMetadata.class], URL [jar:file:/home/nick/.gradle/caches/modules-2/files-2.1/com.fasterxml.jackson.core/jackson-databind/2.8.8/bf88c7b27e95cbadce4e7c316a56c3efffda8026/jackson-databind-2.8.8.jar!/com/fasterxml/jackson/databind/PropertyName.class], URL [jar:file:/home/nick/.gradle/caches/modules-2/files-2.1/com.fasterxml.jackson.core/jackson-databind/2.8.8/bf88c7b27e95cbadce4e7c316a56c3efffda8026/jackson-databind-2.8.8.jar!/com/fasterxml/jackson/databind/PropertyNamingStrategy$KebabCaseStrategy.class], URL [jar:file:/home/nick/.gradle/caches/modules-2/files-2.1/com.fasterxml.jackson.core/jackson-databind/2.8.8/bf88c7b27e95cbadce4e7c316a56c3efffda8026/jackson-databind-2.8.8.jar!/com/fasterxml/jackson/databind/PropertyNamingStrategy$LowerCaseStrategy.class], URL [jar:file:/home/nick/.gradle/caches/modules-2/files-2.1/com.fasterxml.jackson.core/jackson-databind/2.8.8/bf88c7b27e95cbadce4e7c316a56c3efffda8026/jackson-databind-2.8.8.jar!/com/fasterxml/jackson/databind/PropertyNamingStrategy$LowerCaseWithUnderscoresStrategy.class], URL [jar:file:/home/nick/.gradle/caches/modules-2/files-2.1/com.fasterxml.jackson.core/jackson-databind/2.8.8/bf88c7b27e95cbadce4e7c316a56c3efffda8026/jackson-databind-2.8.8.jar!/com/fasterxml/jackson/databind/PropertyNamingStrategy$PascalCaseStrategy.class], URL [jar:file:/home/nick/.gradle/caches/modules-2/files-2.1/com.fasterxml.jackson.core/jackson-databind/2.8.8/bf88c7b27e95cbadce4e7c316a56c3efffda8026/jackson-databind-2.8.8.jar!/com/fasterxml/jackson/databind/PropertyNamingStrategy$PropertyNamingStrategyBase.class], URL [jar:file:/home/nick/.gradle/caches/modules-2/files-2.1/com.fasterxml.jackson.core/jackson-databind/2.8.8/bf88c7b27e95cbadce4e7c316a56c3efffda8026/jackson-databind-2.8.8.jar!/com/fasterxml/jackson/databind/PropertyNamingStrategy$SnakeCaseStrategy.class], URL [jar:file:/home/nick/.gradle/caches/modules-2/files-2.1/com.fasterxml.jackson.core/jackson-databind/2.8.8/bf88c7b27e95cbadce4e7c316a56c3efffda8026/jackson-databind-2.8.8.jar!/com/fasterxml/jackson/databind/PropertyNamingStrategy$UpperCamelCaseStrategy.class], URL [jar:file:/home/nick/.gradle/caches/modules-2/files-2.1/com.fasterxml.jackson.core/jackson-databind/2.8.8/bf88c7b27e95cbadce4e7c316a56c3efffda8026/jackson-databind-2.8.8.jar!/com/fasterxml/jackson/databind/PropertyNamingStrategy.class], URL [jar:file:/home/nick/.gradle/caches/modules-2/files-2.1/com.fasterxml.jackson.core/jackson-databind/2.8.8/bf88c7b27e95cbadce4e7c316a56c3efffda8026/jackson-databind-2.8.8.jar!/com/fasterxml/jackson/databind/RuntimeJsonMappingException.class], URL [jar:file:/home/nick/.gradle/caches/modules-2/files-2.1/com.fasterxml.jackson.core/jackson-databind/2.8.8/bf88c7b27e95cbadce4e7c316a56c3efffda8026/jackson-databind-2.8.8.jar!/com/fasterxml/jackson/databind/SequenceWriter.class], URL [jar:file:/home/nick/.gradle/caches/modules-2/files-2.1/com.fasterxml.jackson.core/jackson-databind/2.8.8/bf88c7b27e95cbadce4e7c316a56c3efffda8026/jackson-databind-2.8.8.jar!/com/fasterxml/jackson/databind/SerializationConfig.class], URL [jar:file:/home/nick/.gradle/caches/modules-2/files-2.1/com.fasterxml.jackson.core/jackson-databind/2.8.8/bf88c7b27e95cbadce4e7c316a56c3efffda8026/jackson-databind-2.8.8.jar!/com/fasterxml/jackson/databind/SerializationFeature.class], URL [jar:file:/home/nick/.gradle/caches/modules-2/files-2.1/com.fasterxml.jackson.core/jackson-databind/2.8.8/bf88c7b27e95cbadce4e7c316a56c3efffda8026/jackson-databind-2.8.8.jar!/com/fasterxml/jackson/databind/SerializerProvider.class], URL [jar:file:/home/nick/.gradle/caches/modules-2/files-2.1/com.fasterxml.jackson.core/jackson-databind/2.8.8/bf88c7b27e95cbadce4e7c316a56c3efffda8026/jackson-databind-2.8.8.jar!/com/fasterxml/jackson/databind/annotation/JacksonStdImpl.class], URL [jar:file:/home/nick/.gradle/caches/modules-2/files-2.1/com.fasterxml.jackson.core/jackson-databind/2.8.8/bf88c7b27e95cbadce4e7c316a56c3efffda8026/jackson-databind-2.8.8.jar!/com/fasterxml/jackson/databind/annotation/JsonAppend$Attr.class], URL [jar:file:/home/nick/.gradle/caches/modules-2/files-2.1/com.fasterxml.jackson.core/jackson-databind/2.8.8/bf88c7b27e95cbadce4e7c316a56c3efffda8026/jackson-databind-2.8.8.jar!/com/fasterxml/jackson/databind/annotation/JsonAppend$Prop.class], URL [jar:file:/home/nick/.gradle/caches/modules-2/files-2.1/com.fasterxml.jackson.core/jackson-databind/2.8.8/bf88c7b27e95cbadce4e7c316a56c3efffda8026/jackson-databind-2.8.8.jar!/com/fasterxml/jackson/databind/annotation/JsonAppend.class], URL [jar:file:/home/nick/.gradle/caches/modules-2/files-2.1/com.fasterxml.jackson.core/jackson-databind/2.8.8/bf88c7b27e95cbadce4e7c316a56c3efffda8026/jackson-databind-2.8.8.jar!/com/fasterxml/jackson/databind/annotation/JsonDeserialize.class], URL [jar:file:/home/nick/.gradle/caches/modules-2/files-2.1/com.fasterxml.jackson.core/jackson-databind/2.8.8/bf88c7b27e95cbadce4e7c316a56c3efffda8026/jackson-databind-2.8.8.jar!/com/fasterxml/jackson/databind/annotation/JsonNaming.class], URL [jar:file:/home/nick/.gradle/caches/modules-2/files-2.1/com.fasterxml.jackson.core/jackson-databind/2.8.8/bf88c7b27e95cbadce4e7c316a56c3efffda8026/jackson-databind-2.8.8.jar!/com/fasterxml/jackson/databind/annotation/JsonPOJOBuilder$Value.class], URL [jar:file:/home/nick/.gradle/caches/modules-2/files-2.1/com.fasterxml.jackson.core/jackson-databind/2.8.8/bf88c7b27e95cbadce4e7c316a56c3efffda8026/jackson-databind-2.8.8.jar!/com/fasterxml/jackson/databind/annotation/JsonPOJOBuilder.class], URL [jar:file:/home/nick/.gradle/caches/modules-2/files-2.1/com.fasterxml.jackson.core/jackson-databind/2.8.8/bf88c7b27e95cbadce4e7c316a56c3efffda8026/jackson-databind-2.8.8.jar!/com/fasterxml/jackson/databind/annotation/JsonSerialize$Inclusion.class], URL [jar:file:/home/nick/.gradle/caches/modules-2/files-2.1/com.fasterxml.jackson.core/jackson-databind/2.8.8/bf88c7b27e95cbadce4e7c316a56c3efffda8026/jackson-databind-2.8.8.jar!/com/fasterxml/jackson/databind/annotation/JsonSerialize$Typing.class], URL [jar:file:/home/nick/.gradle/caches/modules-2/files-2.1/com.fasterxml.jackson.core/jackson-databind/2.8.8/bf88c7b27e95cbadce4e7c316a56c3efffda8026/jackson-databind-2.8.8.jar!/com/fasterxml/jackson/databind/annotation/JsonSerialize.class], URL [jar:file:/home/nick/.gradle/caches/modules-2/files-2.1/com.fasterxml.jackson.core/jackson-databind/2.8.8/bf88c7b27e95cbadce4e7c316a56c3efffda8026/jackson-databind-2.8.8.jar!/com/fasterxml/jackson/databind/annotation/JsonTypeIdResolver.class], URL [jar:file:/home/nick/.gradle/caches/modules-2/files-2.1/com.fasterxml.jackson.core/jackson-databind/2.8.8/bf88c7b27e95cbadce4e7c316a56c3efffda8026/jackson-databind-2.8.8.jar!/com/fasterxml/jackson/databind/annotation/JsonTypeResolver.class], URL [jar:file:/home/nick/.gradle/caches/modules-2/files-2.1/com.fasterxml.jackson.core/jackson-databind/2.8.8/bf88c7b27e95cbadce4e7c316a56c3efffda8026/jackson-databind-2.8.8.jar!/com/fasterxml/jackson/databind/annotation/JsonValueInstantiator.class], URL [jar:file:/home/nick/.gradle/caches/modules-2/files-2.1/com.fasterxml.jackson.core/jackson-databind/2.8.8/bf88c7b27e95cbadce4e7c316a56c3efffda8026/jackson-databind-2.8.8.jar!/com/fasterxml/jackson/databind/annotation/NoClass.class], URL [jar:file:/home/nick/.gradle/caches/modules-2/files-2.1/com.fasterxml.jackson.core/jackson-databind/2.8.8/bf88c7b27e95cbadce4e7c316a56c3efffda8026/jackson-databind-2.8.8.jar!/com/fasterxml/jackson/databind/cfg/BaseSettings.class], URL [jar:file:/home/nick/.gradle/caches/modules-2/files-2.1/com.fasterxml.jackson.core/jackson-databind/2.8.8/bf88c7b27e95cbadce4e7c316a56c3efffda8026/jackson-databind-2.8.8.jar!/com/fasterxml/jackson/databind/cfg/ConfigFeature.class], URL [jar:file:/home/nick/.gradle/caches/modules-2/files-2.1/com.fasterxml.jackson.core/jackson-databind/2.8.8/bf88c7b27e95cbadce4e7c316a56c3efffda8026/jackson-databind-2.8.8.jar!/com/fasterxml/jackson/databind/cfg/ConfigOverride.class], URL [jar:file:/home/nick/.gradle/caches/modules-2/files-2.1/com.fasterxml.jackson.core/jackson-databind/2.8.8/bf88c7b27e95cbadce4e7c316a56c3efffda8026/jackson-databind-2.8.8.jar!/com/fasterxml/jackson/databind/cfg/ConfigOverrides.class], URL [jar:file:/home/nick/.gradle/caches/modules-2/files-2.1/com.fasterxml.jackson.core/jackson-databind/2.8.8/bf88c7b27e95cbadce4e7c316a56c3efffda8026/jackson-databind-2.8.8.jar!/com/fasterxml/jackson/databind/cfg/ContextAttributes$Impl.class], URL [jar:file:/home/nick/.gradle/caches/modules-2/files-2.1/com.fasterxml.jackson.core/jackson-databind/2.8.8/bf88c7b27e95cbadce4e7c316a56c3efffda8026/jackson-databind-2.8.8.jar!/com/fasterxml/jackson/databind/cfg/ContextAttributes.class], URL [jar:file:/home/nick/.gradle/caches/modules-2/files-2.1/com.fasterxml.jackson.core/jackson-databind/2.8.8/bf88c7b27e95cbadce4e7c316a56c3efffda8026/jackson-databind-2.8.8.jar!/com/fasterxml/jackson/databind/cfg/DeserializerFactoryConfig.class], URL [jar:file:/home/nick/.gradle/caches/modules-2/files-2.1/com.fasterxml.jackson.core/jackson-databind/2.8.8/bf88c7b27e95cbadce4e7c316a56c3efffda8026/jackson-databind-2.8.8.jar!/com/fasterxml/jackson/databind/cfg/HandlerInstantiator.class], URL [jar:file:/home/nick/.gradle/caches/modules-2/files-2.1/com.fasterxml.jackson.core/jackson-databind/2.8.8/bf88c7b27e95cbadce4e7c316a56c3efffda8026/jackson-databind-2.8.8.jar!/com/fasterxml/jackson/databind/cfg/MapperConfig.class], URL [jar:file:/home/nick/.gradle/caches/modules-2/files-2.1/com.fasterxml.jackson.core/jackson-databind/2.8.8/bf88c7b27e95cbadce4e7c316a56c3efffda8026/jackson-databind-2.8.8.jar!/com/fasterxml/jackson/databind/cfg/MapperConfigBase.class], URL [jar:file:/home/nick/.gradle/caches/modules-2/files-2.1/com.fasterxml.jackson.core/jackson-databind/2.8.8/bf88c7b27e95cbadce4e7c316a56c3efffda8026/jackson-databind-2.8.8.jar!/com/fasterxml/jackson/databind/cfg/MutableConfigOverride.class], URL [jar:file:/home/nick/.gradle/caches/modules-2/files-2.1/com.fasterxml.jackson.core/jackson-databind/2.8.8/bf88c7b27e95cbadce4e7c316a56c3efffda8026/jackson-databind-2.8.8.jar!/com/fasterxml/jackson/databind/cfg/PackageVersion.class], URL [jar:file:/home/nick/.gradle/caches/modules-2/files-2.1/com.fasterxml.jackson.core/jackson-databind/2.8.8/bf88c7b27e95cbadce4e7c316a56c3efffda8026/jackson-databind-2.8.8.jar!/com/fasterxml/jackson/databind/cfg/SerializerFactoryConfig.class], URL [jar:file:/home/nick/.gradle/caches/modules-2/files-2.1/com.fasterxml.jackson.core/jackson-databind/2.8.8/bf88c7b27e95cbadce4e7c316a56c3efffda8026/jackson-databind-2.8.8.jar!/com/fasterxml/jackson/databind/deser/AbstractDeserializer.class], URL [jar:file:/home/nick/.gradle/caches/modules-2/files-2.1/com.fasterxml.jackson.core/jackson-databind/2.8.8/bf88c7b27e95cbadce4e7c316a56c3efffda8026/jackson-databind-2.8.8.jar!/com/fasterxml/jackson/databind/deser/BasicDeserializerFactory.class], URL [jar:file:/home/nick/.gradle/caches/modules-2/files-2.1/com.fasterxml.jackson.core/jackson-databind/2.8.8/bf88c7b27e95cbadce4e7c316a56c3efffda8026/jackson-databind-2.8.8.jar!/com/fasterxml/jackson/databind/deser/BeanDeserializer$1.class], URL [jar:file:/home/nick/.gradle/caches/modules-2/files-2.1/com.fasterxml.jackson.core/jackson-databind/2.8.8/bf88c7b27e95cbadce4e7c316a56c3efffda8026/jackson-databind-2.8.8.jar!/com/fasterxml/jackson/databind/deser/BeanDeserializer$BeanReferring.class], URL [jar:file:/home/nick/.gradle/caches/modules-2/files-2.1/com.fasterxml.jackson.core/jackson-databind/2.8.8/bf88c7b27e95cbadce4e7c316a56c3efffda8026/jackson-databind-2.8.8.jar!/com/fasterxml/jackson/databind/deser/BeanDeserializer.class], URL [jar:file:/home/nick/.gradle/caches/modules-2/files-2.1/com.fasterxml.jackson.core/jackson-databind/2.8.8/bf88c7b27e95cbadce4e7c316a56c3efffda8026/jackson-databind-2.8.8.jar!/com/fasterxml/jackson/databind/deser/BeanDeserializerBase$1.class], URL [jar:file:/home/nick/.gradle/caches/modules-2/files-2.1/com.fasterxml.jackson.core/jackson-databind/2.8.8/bf88c7b27e95cbadce4e7c316a56c3efffda8026/jackson-databind-2.8.8.jar!/com/fasterxml/jackson/databind/deser/BeanDeserializerBase.class], URL [jar:file:/home/nick/.gradle/caches/modules-2/files-2.1/com.fasterxml.jackson.core/jackson-databind/2.8.8/bf88c7b27e95cbadce4e7c316a56c3efffda8026/jackson-databind-2.8.8.jar!/com/fasterxml/jackson/databind/deser/BeanDeserializerBuilder.class], URL [jar:file:/home/nick/.gradle/caches/modules-2/files-2.1/com.fasterxml.jackson.core/jackson-databind/2.8.8/bf88c7b27e95cbadce4e7c316a56c3efffda8026/jackson-databind-2.8.8.jar!/com/fasterxml/jackson/databind/deser/BeanDeserializerFactory.class], URL [jar:file:/home/nick/.gradle/caches/modules-2/files-2.1/com.fasterxml.jackson.core/jackson-databind/2.8.8/bf88c7b27e95cbadce4e7c316a56c3efffda8026/jackson-databind-2.8.8.jar!/com/fasterxml/jackson/databind/deser/BeanDeserializerModifier.class], URL [jar:file:/home/nick/.gradle/caches/modules-2/files-2.1/com.fasterxml.jackson.core/jackson-databind/2.8.8/bf88c7b27e95cbadce4e7c316a56c3efffda8026/jackson-databind-2.8.8.jar!/com/fasterxml/jackson/databind/deser/BuilderBasedDeserializer$1.class], URL [jar:file:/home/nick/.gradle/caches/modules-2/files-2.1/com.fasterxml.jackson.core/jackson-databind/2.8.8/bf88c7b27e95cbadce4e7c316a56c3efffda8026/jackson-databind-2.8.8.jar!/com/fasterxml/jackson/databind/deser/BuilderBasedDeserializer.class], URL [jar:file:/home/nick/.gradle/caches/modules-2/files-2.1/com.fasterxml.jackson.core/jackson-databind/2.8.8/bf88c7b27e95cbadce4e7c316a56c3efffda8026/jackson-databind-2.8.8.jar!/com/fasterxml/jackson/databind/deser/ContextualDeserializer.class], URL [jar:file:/home/nick/.gradle/caches/modules-2/files-2.1/com.fasterxml.jackson.core/jackson-databind/2.8.8/bf88c7b27e95cbadce4e7c316a56c3efffda8026/jackson-databind-2.8.8.jar!/com/fasterxml/jackson/databind/deser/ContextualKeyDeserializer.class], URL [jar:file:/home/nick/.gradle/caches/modules-2/files-2.1/com.fasterxml.jackson.core/jackson-databind/2.8.8/bf88c7b27e95cbadce4e7c316a56c3efffda8026/jackson-databind-2.8.8.jar!/com/fasterxml/jackson/databind/deser/CreatorProperty.class], URL [jar:file:/home/nick/.gradle/caches/modules-2/files-2.1/com.fasterxml.jackson.core/jackson-databind/2.8.8/bf88c7b27e95cbadce4e7c316a56c3efffda8026/jackson-databind-2.8.8.jar!/com/fasterxml/jackson/databind/deser/DataFormatReaders$AccessorForReader.class], URL [jar:file:/home/nick/.gradle/caches/modules-2/files-2.1/com.fasterxml.jackson.core/jackson-databind/2.8.8/bf88c7b27e95cbadce4e7c316a56c3efffda8026/jackson-databind-2.8.8.jar!/com/fasterxml/jackson/databind/deser/DataFormatReaders$Match.class], URL [jar:file:/home/nick/.gradle/caches/modules-2/files-2.1/com.fasterxml.jackson.core/jackson-databind/2.8.8/bf88c7b27e95cbadce4e7c316a56c3efffda8026/jackson-databind-2.8.8.jar!/com/fasterxml/jackson/databind/deser/DataFormatReaders.class], URL [jar:file:/home/nick/.gradle/caches/modules-2/files-2.1/com.fasterxml.jackson.core/jackson-databind/2.8.8/bf88c7b27e95cbadce4e7c316a56c3efffda8026/jackson-databind-2.8.8.jar!/com/fasterxml/jackson/databind/deser/DefaultDeserializationContext$Impl.class], URL [jar:file:/home/nick/.gradle/caches/modules-2/files-2.1/com.fasterxml.jackson.core/jackson-databind/2.8.8/bf88c7b27e95cbadce4e7c316a56c3efffda8026/jackson-databind-2.8.8.jar!/com/fasterxml/jackson/databind/deser/DefaultDeserializationContext.class], URL [jar:file:/home/nick/.gradle/caches/modules-2/files-2.1/com.fasterxml.jackson.core/jackson-databind/2.8.8/bf88c7b27e95cbadce4e7c316a56c3efffda8026/jackson-databind-2.8.8.jar!/com/fasterxml/jackson/databind/deser/DeserializationProblemHandler.class], URL [jar:file:/home/nick/.gradle/caches/modules-2/files-2.1/com.fasterxml.jackson.core/jackson-databind/2.8.8/bf88c7b27e95cbadce4e7c316a56c3efffda8026/jackson-databind-2.8.8.jar!/com/fasterxml/jackson/databind/deser/DeserializerCache.class], URL [jar:file:/home/nick/.gradle/caches/modules-2/files-2.1/com.fasterxml.jackson.core/jackson-databind/2.8.8/bf88c7b27e95cbadce4e7c316a56c3efffda8026/jackson-databind-2.8.8.jar!/com/fasterxml/jackson/databind/deser/DeserializerFactory.class], URL [jar:file:/home/nick/.gradle/caches/modules-2/files-2.1/com.fasterxml.jackson.core/jackson-databind/2.8.8/bf88c7b27e95cbadce4e7c316a56c3efffda8026/jackson-databind-2.8.8.jar!/com/fasterxml/jackson/databind/deser/Deserializers$Base.class], URL [jar:file:/home/nick/.gradle/caches/modules-2/files-2.1/com.fasterxml.jackson.core/jackson-databind/2.8.8/bf88c7b27e95cbadce4e7c316a56c3efffda8026/jackson-databind-2.8.8.jar!/com/fasterxml/jackson/databind/deser/Deserializers.class], URL [jar:file:/home/nick/.gradle/caches/modules-2/files-2.1/com.fasterxml.jackson.core/jackson-databind/2.8.8/bf88c7b27e95cbadce4e7c316a56c3efffda8026/jackson-databind-2.8.8.jar!/com/fasterxml/jackson/databind/deser/KeyDeserializers.class], URL [jar:file:/home/nick/.gradle/caches/modules-2/files-2.1/com.fasterxml.jackson.core/jackson-databind/2.8.8/bf88c7b27e95cbadce4e7c316a56c3efffda8026/jackson-databind-2.8.8.jar!/com/fasterxml/jackson/databind/deser/ResolvableDeserializer.class], URL [jar:file:/home/nick/.gradle/caches/modules-2/files-2.1/com.fasterxml.jackson.core/jackson-databind/2.8.8/bf88c7b27e95cbadce4e7c316a56c3efffda8026/jackson-databind-2.8.8.jar!/com/fasterxml/jackson/databind/deser/SettableAnyProperty$AnySetterReferring.class], URL [jar:file:/home/nick/.gradle/caches/modules-2/files-2.1/com.fasterxml.jackson.core/jackson-databind/2.8.8/bf88c7b27e95cbadce4e7c316a56c3efffda8026/jackson-databind-2.8.8.jar!/com/fasterxml/jackson/databind/deser/SettableAnyProperty.class], URL [jar:file:/home/nick/.gradle/caches/modules-2/files-2.1/com.fasterxml.jackson.core/jackson-databind/2.8.8/bf88c7b27e95cbadce4e7c316a56c3efffda8026/jackson-databind-2.8.8.jar!/com/fasterxml/jackson/databind/deser/SettableBeanProperty.class], URL [jar:file:/home/nick/.gradle/caches/modules-2/files-2.1/com.fasterxml.jackson.core/jackson-databind/2.8.8/bf88c7b27e95cbadce4e7c316a56c3efffda8026/jackson-databind-2.8.8.jar!/com/fasterxml/jackson/databind/deser/UnresolvedForwardReference.class], URL [jar:file:/home/nick/.gradle/caches/modules-2/files-2.1/com.fasterxml.jackson.core/jackson-databind/2.8.8/bf88c7b27e95cbadce4e7c316a56c3efffda8026/jackson-databind-2.8.8.jar!/com/fasterxml/jackson/databind/deser/UnresolvedId.class], URL [jar:file:/home/nick/.gradle/caches/modules-2/files-2.1/com.fasterxml.jackson.core/jackson-databind/2.8.8/bf88c7b27e95cbadce4e7c316a56c3efffda8026/jackson-databind-2.8.8.jar!/com/fasterxml/jackson/databind/deser/ValueInstantiator$Base.class], URL [jar:file:/home/nick/.gradle/caches/modules-2/files-2.1/com.fasterxml.jackson.core/jackson-databind/2.8.8/bf88c7b27e95cbadce4e7c316a56c3efffda8026/jackson-databind-2.8.8.jar!/com/fasterxml/jackson/databind/deser/ValueInstantiator.class], URL [jar:file:/home/nick/.gradle/caches/modules-2/files-2.1/com.fasterxml.jackson.core/jackson-databind/2.8.8/bf88c7b27e95cbadce4e7c316a56c3efffda8026/jackson-databind-2.8.8.jar!/com/fasterxml/jackson/databind/deser/ValueInstantiators$Base.class], URL [jar:file:/home/nick/.gradle/caches/modules-2/files-2.1/com.fasterxml.jackson.core/jackson-databind/2.8.8/bf88c7b27e95cbadce4e7c316a56c3efffda8026/jackson-databind-2.8.8.jar!/com/fasterxml/jackson/databind/deser/ValueInstantiators.class], URL [jar:file:/home/nick/.gradle/caches/modules-2/files-2.1/com.fasterxml.jackson.core/jackson-databind/2.8.8/bf88c7b27e95cbadce4e7c316a56c3efffda8026/jackson-databind-2.8.8.jar!/com/fasterxml/jackson/databind/deser/impl/BeanAsArrayBuilderDeserializer.class], URL [jar:file:/home/nick/.gradle/caches/modules-2/files-2.1/com.fasterxml.jackson.core/jackson-databind/2.8.8/bf88c7b27e95cbadce4e7c316a56c3efffda8026/jackson-databind-2.8.8.jar!/com/fasterxml/jackson/databind/deser/impl/BeanAsArrayDeserializer.class], URL [jar:file:/home/nick/.gradle/caches/modules-2/files-2.1/com.fasterxml.jackson.core/jackson-databind/2.8.8/bf88c7b27e95cbadce4e7c316a56c3efffda8026/jackson-databind-2.8.8.jar!/com/fasterxml/jackson/databind/deser/impl/BeanPropertyMap.class], URL [jar:file:/home/nick/.gradle/caches/modules-2/files-2.1/com.fasterxml.jackson.core/jackson-databind/2.8.8/bf88c7b27e95cbadce4e7c316a56c3efffda8026/jackson-databind-2.8.8.jar!/com/fasterxml/jackson/databind/deser/impl/CreatorCollector$StdTypeConstructor.class], URL [jar:file:/home/nick/.gradle/caches/modules-2/files-2.1/com.fasterxml.jackson.core/jackson-databind/2.8.8/bf88c7b27e95cbadce4e7c316a56c3efffda8026/jackson-databind-2.8.8.jar!/com/fasterxml/jackson/databind/deser/impl/CreatorCollector.class], URL [jar:file:/home/nick/.gradle/caches/modules-2/files-2.1/com.fasterxml.jackson.core/jackson-databind/2.8.8/bf88c7b27e95cbadce4e7c316a56c3efffda8026/jackson-databind-2.8.8.jar!/com/fasterxml/jackson/databind/deser/impl/ErrorThrowingDeserializer.class], URL [jar:file:/home/nick/.gradle/caches/modules-2/files-2.1/com.fasterxml.jackson.core/jackson-databind/2.8.8/bf88c7b27e95cbadce4e7c316a56c3efffda8026/jackson-databind-2.8.8.jar!/com/fasterxml/jackson/databind/deser/impl/ExternalTypeHandler$Builder.class], URL [jar:file:/home/nick/.gradle/caches/modules-2/files-2.1/com.fasterxml.jackson.core/jackson-databind/2.8.8/bf88c7b27e95cbadce4e7c316a56c3efffda8026/jackson-databind-2.8.8.jar!/com/fasterxml/jackson/databind/deser/impl/ExternalTypeHandler$ExtTypedProperty.class], URL [jar:file:/home/nick/.gradle/caches/modules-2/files-2.1/com.fasterxml.jackson.core/jackson-databind/2.8.8/bf88c7b27e95cbadce4e7c316a56c3efffda8026/jackson-databind-2.8.8.jar!/com/fasterxml/jackson/databind/deser/impl/ExternalTypeHandler.class], URL [jar:file:/home/nick/.gradle/caches/modules-2/files-2.1/com.fasterxml.jackson.core/jackson-databind/2.8.8/bf88c7b27e95cbadce4e7c316a56c3efffda8026/jackson-databind-2.8.8.jar!/com/fasterxml/jackson/databind/deser/impl/FailingDeserializer.class], URL [jar:file:/home/nick/.gradle/caches/modules-2/files-2.1/com.fasterxml.jackson.core/jackson-databind/2.8.8/bf88c7b27e95cbadce4e7c316a56c3efffda8026/jackson-databind-2.8.8.jar!/com/fasterxml/jackson/databind/deser/impl/FieldProperty.class], URL [jar:file:/home/nick/.gradle/caches/modules-2/files-2.1/com.fasterxml.jackson.core/jackson-databind/2.8.8/bf88c7b27e95cbadce4e7c316a56c3efffda8026/jackson-databind-2.8.8.jar!/com/fasterxml/jackson/databind/deser/impl/InnerClassProperty.class], URL [jar:file:/home/nick/.gradle/caches/modules-2/files-2.1/com.fasterxml.jackson.core/jackson-databind/2.8.8/bf88c7b27e95cbadce4e7c316a56c3efffda8026/jackson-databind-2.8.8.jar!/com/fasterxml/jackson/databind/deser/impl/ManagedReferenceProperty.class], URL [jar:file:/home/nick/.gradle/caches/modules-2/files-2.1/com.fasterxml.jackson.core/jackson-databind/2.8.8/bf88c7b27e95cbadce4e7c316a56c3efffda8026/jackson-databind-2.8.8.jar!/com/fasterxml/jackson/databind/deser/impl/MethodProperty.class], URL [jar:file:/home/nick/.gradle/caches/modules-2/files-2.1/com.fasterxml.jackson.core/jackson-databind/2.8.8/bf88c7b27e95cbadce4e7c316a56c3efffda8026/jackson-databind-2.8.8.jar!/com/fasterxml/jackson/databind/deser/impl/ObjectIdReader.class], URL [jar:file:/home/nick/.gradle/caches/modules-2/files-2.1/com.fasterxml.jackson.core/jackson-databind/2.8.8/bf88c7b27e95cbadce4e7c316a56c3efffda8026/jackson-databind-2.8.8.jar!/com/fasterxml/jackson/databind/deser/impl/ObjectIdReferenceProperty$PropertyReferring.class], URL [jar:file:/home/nick/.gradle/caches/modules-2/files-2.1/com.fasterxml.jackson.core/jackson-databind/2.8.8/bf88c7b27e95cbadce4e7c316a56c3efffda8026/jackson-databind-2.8.8.jar!/com/fasterxml/jackson/databind/deser/impl/ObjectIdReferenceProperty.class], URL [jar:file:/home/nick/.gradle/caches/modules-2/files-2.1/com.fasterxml.jackson.core/jackson-databind/2.8.8/bf88c7b27e95cbadce4e7c316a56c3efffda8026/jackson-databind-2.8.8.jar!/com/fasterxml/jackson/databind/deser/impl/ObjectIdValueProperty.class], URL [jar:file:/home/nick/.gradle/caches/modules-2/files-2.1/com.fasterxml.jackson.core/jackson-databind/2.8.8/bf88c7b27e95cbadce4e7c316a56c3efffda8026/jackson-databind-2.8.8.jar!/com/fasterxml/jackson/databind/deser/impl/PropertyBasedCreator$CaseInsensitiveMap.class], URL [jar:file:/home/nick/.gradle/caches/modules-2/files-2.1/com.fasterxml.jackson.core/jackson-databind/2.8.8/bf88c7b27e95cbadce4e7c316a56c3efffda8026/jackson-databind-2.8.8.jar!/com/fasterxml/jackson/databind/deser/impl/PropertyBasedCreator.class], URL [jar:file:/home/nick/.gradle/caches/modules-2/files-2.1/com.fasterxml.jackson.core/jackson-databind/2.8.8/bf88c7b27e95cbadce4e7c316a56c3efffda8026/jackson-databind-2.8.8.jar!/com/fasterxml/jackson/databind/deser/impl/PropertyBasedObjectIdGenerator.class], URL [jar:file:/home/nick/.gradle/caches/modules-2/files-2.1/com.fasterxml.jackson.core/jackson-databind/2.8.8/bf88c7b27e95cbadce4e7c316a56c3efffda8026/jackson-databind-2.8.8.jar!/com/fasterxml/jackson/databind/deser/impl/PropertyValue$Any.class], URL [jar:file:/home/nick/.gradle/caches/modules-2/files-2.1/com.fasterxml.jackson.core/jackson-databind/2.8.8/bf88c7b27e95cbadce4e7c316a56c3efffda8026/jackson-databind-2.8.8.jar!/com/fasterxml/jackson/databind/deser/impl/PropertyValue$Map.class], URL [jar:file:/home/nick/.gradle/caches/modules-2/files-2.1/com.fasterxml.jackson.core/jackson-databind/2.8.8/bf88c7b27e95cbadce4e7c316a56c3efffda8026/jackson-databind-2.8.8.jar!/com/fasterxml/jackson/databind/deser/impl/PropertyValue$Regular.class], URL [jar:file:/home/nick/.gradle/caches/modules-2/files-2.1/com.fasterxml.jackson.core/jackson-databind/2.8.8/bf88c7b27e95cbadce4e7c316a56c3efffda8026/jackson-databind-2.8.8.jar!/com/fasterxml/jackson/databind/deser/impl/PropertyValue.class], URL [jar:file:/home/nick/.gradle/caches/modules-2/files-2.1/com.fasterxml.jackson.core/jackson-databind/2.8.8/bf88c7b27e95cbadce4e7c316a56c3efffda8026/jackson-databind-2.8.8.jar!/com/fasterxml/jackson/databind/deser/impl/PropertyValueBuffer.class], URL [jar:file:/home/nick/.gradle/caches/modules-2/files-2.1/com.fasterxml.jackson.core/jackson-databind/2.8.8/bf88c7b27e95cbadce4e7c316a56c3efffda8026/jackson-databind-2.8.8.jar!/com/fasterxml/jackson/databind/deser/impl/ReadableObjectId$Referring.class], URL [jar:file:/home/nick/.gradle/caches/modules-2/files-2.1/com.fasterxml.jackson.core/jackson-databind/2.8.8/bf88c7b27e95cbadce4e7c316a56c3efffda8026/jackson-databind-2.8.8.jar!/com/fasterxml/jackson/databind/deser/impl/ReadableObjectId.class], URL [jar:file:/home/nick/.gradle/caches/modules-2/files-2.1/com.fasterxml.jackson.core/jackson-databind/2.8.8/bf88c7b27e95cbadce4e7c316a56c3efffda8026/jackson-databind-2.8.8.jar!/com/fasterxml/jackson/databind/deser/impl/SetterlessProperty.class], URL [jar:file:/home/nick/.gradle/caches/modules-2/files-2.1/com.fasterxml.jackson.core/jackson-databind/2.8.8/bf88c7b27e95cbadce4e7c316a56c3efffda8026/jackson-databind-2.8.8.jar!/com/fasterxml/jackson/databind/deser/impl/TypeWrappedDeserializer.class], URL [jar:file:/home/nick/.gradle/caches/modules-2/files-2.1/com.fasterxml.jackson.core/jackson-databind/2.8.8/bf88c7b27e95cbadce4e7c316a56c3efffda8026/jackson-databind-2.8.8.jar!/com/fasterxml/jackson/databind/deser/impl/UnwrappedPropertyHandler.class], URL [jar:file:/home/nick/.gradle/caches/modules-2/files-2.1/com.fasterxml.jackson.core/jackson-databind/2.8.8/bf88c7b27e95cbadce4e7c316a56c3efffda8026/jackson-databind-2.8.8.jar!/com/fasterxml/jackson/databind/deser/impl/ValueInjector.class], URL [jar:file:/home/nick/.gradle/caches/modules-2/files-2.1/com.fasterxml.jackson.core/jackson-databind/2.8.8/bf88c7b27e95cbadce4e7c316a56c3efffda8026/jackson-databind-2.8.8.jar!/com/fasterxml/jackson/databind/deser/std/ArrayBlockingQueueDeserializer.class], URL [jar:file:/home/nick/.gradle/caches/modules-2/files-2.1/com.fasterxml.jackson.core/jackson-databind/2.8.8/bf88c7b27e95cbadce4e7c316a56c3efffda8026/jackson-databind-2.8.8.jar!/com/fasterxml/jackson/databind/deser/std/AtomicBooleanDeserializer.class], URL [jar:file:/home/nick/.gradle/caches/modules-2/files-2.1/com.fasterxml.jackson.core/jackson-databind/2.8.8/bf88c7b27e95cbadce4e7c316a56c3efffda8026/jackson-databind-2.8.8.jar!/com/fasterxml/jackson/databind/deser/std/AtomicReferenceDeserializer.class], URL [jar:file:/home/nick/.gradle/caches/modules-2/files-2.1/com.fasterxml.jackson.core/jackson-databind/2.8.8/bf88c7b27e95cbadce4e7c316a56c3efffda8026/jackson-databind-2.8.8.jar!/com/fasterxml/jackson/databind/deser/std/BaseNodeDeserializer.class], URL [jar:file:/home/nick/.gradle/caches/modules-2/files-2.1/com.fasterxml.jackson.core/jackson-databind/2.8.8/bf88c7b27e95cbadce4e7c316a56c3efffda8026/jackson-databind-2.8.8.jar!/com/fasterxml/jackson/databind/deser/std/ByteBufferDeserializer.class], URL [jar:file:/home/nick/.gradle/caches/modules-2/files-2.1/com.fasterxml.jackson.core/jackson-databind/2.8.8/bf88c7b27e95cbadce4e7c316a56c3efffda8026/jackson-databind-2.8.8.jar!/com/fasterxml/jackson/databind/deser/std/CollectionDeserializer$CollectionReferring.class], URL [jar:file:/home/nick/.gradle/caches/modules-2/files-2.1/com.fasterxml.jackson.core/jackson-databind/2.8.8/bf88c7b27e95cbadce4e7c316a56c3efffda8026/jackson-databind-2.8.8.jar!/com/fasterxml/jackson/databind/deser/std/CollectionDeserializer$CollectionReferringAccumulator.class], URL [jar:file:/home/nick/.gradle/caches/modules-2/files-2.1/com.fasterxml.jackson.core/jackson-databind/2.8.8/bf88c7b27e95cbadce4e7c316a56c3efffda8026/jackson-databind-2.8.8.jar!/com/fasterxml/jackson/databind/deser/std/CollectionDeserializer.class], URL [jar:file:/home/nick/.gradle/caches/modules-2/files-2.1/com.fasterxml.jackson.core/jackson-databind/2.8.8/bf88c7b27e95cbadce4e7c316a56c3efffda8026/jackson-databind-2.8.8.jar!/com/fasterxml/jackson/databind/deser/std/ContainerDeserializerBase.class], URL [jar:file:/home/nick/.gradle/caches/modules-2/files-2.1/com.fasterxml.jackson.core/jackson-databind/2.8.8/bf88c7b27e95cbadce4e7c316a56c3efffda8026/jackson-databind-2.8.8.jar!/com/fasterxml/jackson/databind/deser/std/DateDeserializers$CalendarDeserializer.class], URL [jar:file:/home/nick/.gradle/caches/modules-2/files-2.1/com.fasterxml.jackson.core/jackson-databind/2.8.8/bf88c7b27e95cbadce4e7c316a56c3efffda8026/jackson-databind-2.8.8.jar!/com/fasterxml/jackson/databind/deser/std/DateDeserializers$DateBasedDeserializer.class], URL [jar:file:/home/nick/.gradle/caches/modules-2/files-2.1/com.fasterxml.jackson.core/jackson-databind/2.8.8/bf88c7b27e95cbadce4e7c316a56c3efffda8026/jackson-databind-2.8.8.jar!/com/fasterxml/jackson/databind/deser/std/DateDeserializers$DateDeserializer.class], URL [jar:file:/home/nick/.gradle/caches/modules-2/files-2.1/com.fasterxml.jackson.core/jackson-databind/2.8.8/bf88c7b27e95cbadce4e7c316a56c3efffda8026/jackson-databind-2.8.8.jar!/com/fasterxml/jackson/databind/deser/std/DateDeserializers$SqlDateDeserializer.class], URL [jar:file:/home/nick/.gradle/caches/modules-2/files-2.1/com.fasterxml.jackson.core/jackson-databind/2.8.8/bf88c7b27e95cbadce4e7c316a56c3efffda8026/jackson-databind-2.8.8.jar!/com/fasterxml/jackson/databind/deser/std/DateDeserializers$TimestampDeserializer.class], URL [jar:file:/home/nick/.gradle/caches/modules-2/files-2.1/com.fasterxml.jackson.core/jackson-databind/2.8.8/bf88c7b27e95cbadce4e7c316a56c3efffda8026/jackson-databind-2.8.8.jar!/com/fasterxml/jackson/databind/deser/std/DateDeserializers.class], URL [jar:file:/home/nick/.gradle/caches/modules-2/files-2.1/com.fasterxml.jackson.core/jackson-databind/2.8.8/bf88c7b27e95cbadce4e7c316a56c3efffda8026/jackson-databind-2.8.8.jar!/com/fasterxml/jackson/databind/deser/std/DelegatingDeserializer.class], URL [jar:file:/home/nick/.gradle/caches/modules-2/files-2.1/com.fasterxml.jackson.core/jackson-databind/2.8.8/bf88c7b27e95cbadce4e7c316a56c3efffda8026/jackson-databind-2.8.8.jar!/com/fasterxml/jackson/databind/deser/std/EnumDeserializer.class], URL [jar:file:/home/nick/.gradle/caches/modules-2/files-2.1/com.fasterxml.jackson.core/jackson-databind/2.8.8/bf88c7b27e95cbadce4e7c316a56c3efffda8026/jackson-databind-2.8.8.jar!/com/fasterxml/jackson/databind/deser/std/EnumMapDeserializer.class], URL [jar:file:/home/nick/.gradle/caches/modules-2/files-2.1/com.fasterxml.jackson.core/jackson-databind/2.8.8/bf88c7b27e95cbadce4e7c316a56c3efffda8026/jackson-databind-2.8.8.jar!/com/fasterxml/jackson/databind/deser/std/EnumSetDeserializer.class], URL [jar:file:/home/nick/.gradle/caches/modules-2/files-2.1/com.fasterxml.jackson.core/jackson-databind/2.8.8/bf88c7b27e95cbadce4e7c316a56c3efffda8026/jackson-databind-2.8.8.jar!/com/fasterxml/jackson/databind/deser/std/FactoryBasedEnumDeserializer.class], URL [jar:file:/home/nick/.gradle/caches/modules-2/files-2.1/com.fasterxml.jackson.core/jackson-databind/2.8.8/bf88c7b27e95cbadce4e7c316a56c3efffda8026/jackson-databind-2.8.8.jar!/com/fasterxml/jackson/databind/deser/std/FromStringDeserializer$Std.class], URL [jar:file:/home/nick/.gradle/caches/modules-2/files-2.1/com.fasterxml.jackson.core/jackson-databind/2.8.8/bf88c7b27e95cbadce4e7c316a56c3efffda8026/jackson-databind-2.8.8.jar!/com/fasterxml/jackson/databind/deser/std/FromStringDeserializer.class], URL [jar:file:/home/nick/.gradle/caches/modules-2/files-2.1/com.fasterxml.jackson.core/jackson-databind/2.8.8/bf88c7b27e95cbadce4e7c316a56c3efffda8026/jackson-databind-2.8.8.jar!/com/fasterxml/jackson/databind/deser/std/JdkDeserializers.class], URL [jar:file:/home/nick/.gradle/caches/modules-2/files-2.1/com.fasterxml.jackson.core/jackson-databind/2.8.8/bf88c7b27e95cbadce4e7c316a56c3efffda8026/jackson-databind-2.8.8.jar!/com/fasterxml/jackson/databind/deser/std/JsonLocationInstantiator.class], URL [jar:file:/home/nick/.gradle/caches/modules-2/files-2.1/com.fasterxml.jackson.core/jackson-databind/2.8.8/bf88c7b27e95cbadce4e7c316a56c3efffda8026/jackson-databind-2.8.8.jar!/com/fasterxml/jackson/databind/deser/std/JsonNodeDeserializer$ArrayDeserializer.class], URL [jar:file:/home/nick/.gradle/caches/modules-2/files-2.1/com.fasterxml.jackson.core/jackson-databind/2.8.8/bf88c7b27e95cbadce4e7c316a56c3efffda8026/jackson-databind-2.8.8.jar!/com/fasterxml/jackson/databind/deser/std/JsonNodeDeserializer$ObjectDeserializer.class], URL [jar:file:/home/nick/.gradle/caches/modules-2/files-2.1/com.fasterxml.jackson.core/jackson-databind/2.8.8/bf88c7b27e95cbadce4e7c316a56c3efffda8026/jackson-databind-2.8.8.jar!/com/fasterxml/jackson/databind/deser/std/JsonNodeDeserializer.class], URL [jar:file:/home/nick/.gradle/caches/modules-2/files-2.1/com.fasterxml.jackson.core/jackson-databind/2.8.8/bf88c7b27e95cbadce4e7c316a56c3efffda8026/jackson-databind-2.8.8.jar!/com/fasterxml/jackson/databind/deser/std/MapDeserializer$MapReferring.class], URL [jar:file:/home/nick/.gradle/caches/modules-2/files-2.1/com.fasterxml.jackson.core/jackson-databind/2.8.8/bf88c7b27e95cbadce4e7c316a56c3efffda8026/jackson-databind-2.8.8.jar!/com/fasterxml/jackson/databind/deser/std/MapDeserializer$MapReferringAccumulator.class], URL [jar:file:/home/nick/.gradle/caches/modules-2/files-2.1/com.fasterxml.jackson.core/jackson-databind/2.8.8/bf88c7b27e95cbadce4e7c316a56c3efffda8026/jackson-databind-2.8.8.jar!/com/fasterxml/jackson/databind/deser/std/MapDeserializer.class], URL [jar:file:/home/nick/.gradle/caches/modules-2/files-2.1/com.fasterxml.jackson.core/jackson-databind/2.8.8/bf88c7b27e95cbadce4e7c316a56c3efffda8026/jackson-databind-2.8.8.jar!/com/fasterxml/jackson/databind/deser/std/MapEntryDeserializer.class], URL [jar:file:/home/nick/.gradle/caches/modules-2/files-2.1/com.fasterxml.jackson.core/jackson-databind/2.8.8/bf88c7b27e95cbadce4e7c316a56c3efffda8026/jackson-databind-2.8.8.jar!/com/fasterxml/jackson/databind/deser/std/NullifyingDeserializer.class], URL [jar:file:/home/nick/.gradle/caches/modules-2/files-2.1/com.fasterxml.jackson.core/jackson-databind/2.8.8/bf88c7b27e95cbadce4e7c316a56c3efffda8026/jackson-databind-2.8.8.jar!/com/fasterxml/jackson/databind/deser/std/NumberDeserializers$1.class], URL [jar:file:/home/nick/.gradle/caches/modules-2/files-2.1/com.fasterxml.jackson.core/jackson-databind/2.8.8/bf88c7b27e95cbadce4e7c316a56c3efffda8026/jackson-databind-2.8.8.jar!/com/fasterxml/jackson/databind/deser/std/NumberDeserializers$BigDecimalDeserializer.class], URL [jar:file:/home/nick/.gradle/caches/modules-2/files-2.1/com.fasterxml.jackson.core/jackson-databind/2.8.8/bf88c7b27e95cbadce4e7c316a56c3efffda8026/jackson-databind-2.8.8.jar!/com/fasterxml/jackson/databind/deser/std/NumberDeserializers$BigIntegerDeserializer.class], URL [jar:file:/home/nick/.gradle/caches/modules-2/files-2.1/com.fasterxml.jackson.core/jackson-databind/2.8.8/bf88c7b27e95cbadce4e7c316a56c3efffda8026/jackson-databind-2.8.8.jar!/com/fasterxml/jackson/databind/deser/std/NumberDeserializers$BooleanDeserializer.class], URL [jar:file:/home/nick/.gradle/caches/modules-2/files-2.1/com.fasterxml.jackson.core/jackson-databind/2.8.8/bf88c7b27e95cbadce4e7c316a56c3efffda8026/jackson-databind-2.8.8.jar!/com/fasterxml/jackson/databind/deser/std/NumberDeserializers$ByteDeserializer.class], URL [jar:file:/home/nick/.gradle/caches/modules-2/files-2.1/com.fasterxml.jackson.core/jackson-databind/2.8.8/bf88c7b27e95cbadce4e7c316a56c3efffda8026/jackson-databind-2.8.8.jar!/com/fasterxml/jackson/databind/deser/std/NumberDeserializers$CharacterDeserializer.class], URL [jar:file:/home/nick/.gradle/caches/modules-2/files-2.1/com.fasterxml.jackson.core/jackson-databind/2.8.8/bf88c7b27e95cbadce4e7c316a56c3efffda8026/jackson-databind-2.8.8.jar!/com/fasterxml/jackson/databind/deser/std/NumberDeserializers$DoubleDeserializer.class], URL [jar:file:/home/nick/.gradle/caches/modules-2/files-2.1/com.fasterxml.jackson.core/jackson-databind/2.8.8/bf88c7b27e95cbadce4e7c316a56c3efffda8026/jackson-databind-2.8.8.jar!/com/fasterxml/jackson/databind/deser/std/NumberDeserializers$FloatDeserializer.class], URL [jar:file:/home/nick/.gradle/caches/modules-2/files-2.1/com.fasterxml.jackson.core/jackson-databind/2.8.8/bf88c7b27e95cbadce4e7c316a56c3efffda8026/jackson-databind-2.8.8.jar!/com/fasterxml/jackson/databind/deser/std/NumberDeserializers$IntegerDeserializer.class], URL [jar:file:/home/nick/.gradle/caches/modules-2/files-2.1/com.fasterxml.jackson.core/jackson-databind/2.8.8/bf88c7b27e95cbadce4e7c316a56c3efffda8026/jackson-databind-2.8.8.jar!/com/fasterxml/jackson/databind/deser/std/NumberDeserializers$LongDeserializer.class], URL [jar:file:/home/nick/.gradle/caches/modules-2/files-2.1/com.fasterxml.jackson.core/jackson-databind/2.8.8/bf88c7b27e95cbadce4e7c316a56c3efffda8026/jackson-databind-2.8.8.jar!/com/fasterxml/jackson/databind/deser/std/NumberDeserializers$NumberDeserializer.class], URL [jar:file:/home/nick/.gradle/caches/modules-2/files-2.1/com.fasterxml.jackson.core/jackson-databind/2.8.8/bf88c7b27e95cbadce4e7c316a56c3efffda8026/jackson-databind-2.8.8.jar!/com/fasterxml/jackson/databind/deser/std/NumberDeserializers$PrimitiveOrWrapperDeserializer.class], URL [jar:file:/home/nick/.gradle/caches/modules-2/files-2.1/com.fasterxml.jackson.core/jackson-databind/2.8.8/bf88c7b27e95cbadce4e7c316a56c3efffda8026/jackson-databind-2.8.8.jar!/com/fasterxml/jackson/databind/deser/std/NumberDeserializers$ShortDeserializer.class], URL [jar:file:/home/nick/.gradle/caches/modules-2/files-2.1/com.fasterxml.jackson.core/jackson-databind/2.8.8/bf88c7b27e95cbadce4e7c316a56c3efffda8026/jackson-databind-2.8.8.jar!/com/fasterxml/jackson/databind/deser/std/NumberDeserializers.class], URL [jar:file:/home/nick/.gradle/caches/modules-2/files-2.1/com.fasterxml.jackson.core/jackson-databind/2.8.8/bf88c7b27e95cbadce4e7c316a56c3efffda8026/jackson-databind-2.8.8.jar!/com/fasterxml/jackson/databind/deser/std/ObjectArrayDeserializer.class], URL [jar:file:/home/nick/.gradle/caches/modules-2/files-2.1/com.fasterxml.jackson.core/jackson-databind/2.8.8/bf88c7b27e95cbadce4e7c316a56c3efffda8026/jackson-databind-2.8.8.jar!/com/fasterxml/jackson/databind/deser/std/PrimitiveArrayDeserializers$BooleanDeser.class], URL [jar:file:/home/nick/.gradle/caches/modules-2/files-2.1/com.fasterxml.jackson.core/jackson-databind/2.8.8/bf88c7b27e95cbadce4e7c316a56c3efffda8026/jackson-databind-2.8.8.jar!/com/fasterxml/jackson/databind/deser/std/PrimitiveArrayDeserializers$ByteDeser.class], URL [jar:file:/home/nick/.gradle/caches/modules-2/files-2.1/com.fasterxml.jackson.core/jackson-databind/2.8.8/bf88c7b27e95cbadce4e7c316a56c3efffda8026/jackson-databind-2.8.8.jar!/com/fasterxml/jackson/databind/deser/std/PrimitiveArrayDeserializers$CharDeser.class], URL [jar:file:/home/nick/.gradle/caches/modules-2/files-2.1/com.fasterxml.jackson.core/jackson-databind/2.8.8/bf88c7b27e95cbadce4e7c316a56c3efffda8026/jackson-databind-2.8.8.jar!/com/fasterxml/jackson/databind/deser/std/PrimitiveArrayDeserializers$DoubleDeser.class], URL [jar:file:/home/nick/.gradle/caches/modules-2/files-2.1/com.fasterxml.jackson.core/jackson-databind/2.8.8/bf88c7b27e95cbadce4e7c316a56c3efffda8026/jackson-databind-2.8.8.jar!/com/fasterxml/jackson/databind/deser/std/PrimitiveArrayDeserializers$FloatDeser.class], URL [jar:file:/home/nick/.gradle/caches/modules-2/files-2.1/com.fasterxml.jackson.core/jackson-databind/2.8.8/bf88c7b27e95cbadce4e7c316a56c3efffda8026/jackson-databind-2.8.8.jar!/com/fasterxml/jackson/databind/deser/std/PrimitiveArrayDeserializers$IntDeser.class], URL [jar:file:/home/nick/.gradle/caches/modules-2/files-2.1/com.fasterxml.jackson.core/jackson-databind/2.8.8/bf88c7b27e95cbadce4e7c316a56c3efffda8026/jackson-databind-2.8.8.jar!/com/fasterxml/jackson/databind/deser/std/PrimitiveArrayDeserializers$LongDeser.class], URL [jar:file:/home/nick/.gradle/caches/modules-2/files-2.1/com.fasterxml.jackson.core/jackson-databind/2.8.8/bf88c7b27e95cbadce4e7c316a56c3efffda8026/jackson-databind-2.8.8.jar!/com/fasterxml/jackson/databind/deser/std/PrimitiveArrayDeserializers$ShortDeser.class], URL [jar:file:/home/nick/.gradle/caches/modules-2/files-2.1/com.fasterxml.jackson.core/jackson-databind/2.8.8/bf88c7b27e95cbadce4e7c316a56c3efffda8026/jackson-databind-2.8.8.jar!/com/fasterxml/jackson/databind/deser/std/PrimitiveArrayDeserializers.class], URL [jar:file:/home/nick/.gradle/caches/modules-2/files-2.1/com.fasterxml.jackson.core/jackson-databind/2.8.8/bf88c7b27e95cbadce4e7c316a56c3efffda8026/jackson-databind-2.8.8.jar!/com/fasterxml/jackson/databind/deser/std/ReferenceTypeDeserializer.class], URL [jar:file:/home/nick/.gradle/caches/modules-2/files-2.1/com.fasterxml.jackson.core/jackson-databind/2.8.8/bf88c7b27e95cbadce4e7c316a56c3efffda8026/jackson-databind-2.8.8.jar!/com/fasterxml/jackson/databind/deser/std/StackTraceElementDeserializer.class], URL [jar:file:/home/nick/.gradle/caches/modules-2/files-2.1/com.fasterxml.jackson.core/jackson-databind/2.8.8/bf88c7b27e95cbadce4e7c316a56c3efffda8026/jackson-databind-2.8.8.jar!/com/fasterxml/jackson/databind/deser/std/StdDelegatingDeserializer.class], URL [jar:file:/home/nick/.gradle/caches/modules-2/files-2.1/com.fasterxml.jackson.core/jackson-databind/2.8.8/bf88c7b27e95cbadce4e7c316a56c3efffda8026/jackson-databind-2.8.8.jar!/com/fasterxml/jackson/databind/deser/std/StdDeserializer.class], URL [jar:file:/home/nick/.gradle/caches/modules-2/files-2.1/com.fasterxml.jackson.core/jackson-databind/2.8.8/bf88c7b27e95cbadce4e7c316a56c3efffda8026/jackson-databind-2.8.8.jar!/com/fasterxml/jackson/databind/deser/std/StdKeyDeserializer$DelegatingKD.class], URL [jar:file:/home/nick/.gradle/caches/modules-2/files-2.1/com.fasterxml.jackson.core/jackson-databind/2.8.8/bf88c7b27e95cbadce4e7c316a56c3efffda8026/jackson-databind-2.8.8.jar!/com/fasterxml/jackson/databind/deser/std/StdKeyDeserializer$EnumKD.class], URL [jar:file:/home/nick/.gradle/caches/modules-2/files-2.1/com.fasterxml.jackson.core/jackson-databind/2.8.8/bf88c7b27e95cbadce4e7c316a56c3efffda8026/jackson-databind-2.8.8.jar!/com/fasterxml/jackson/databind/deser/std/StdKeyDeserializer$StringCtorKeyDeserializer.class], URL [jar:file:/home/nick/.gradle/caches/modules-2/files-2.1/com.fasterxml.jackson.core/jackson-databind/2.8.8/bf88c7b27e95cbadce4e7c316a56c3efffda8026/jackson-databind-2.8.8.jar!/com/fasterxml/jackson/databind/deser/std/StdKeyDeserializer$StringFactoryKeyDeserializer.class], URL [jar:file:/home/nick/.gradle/caches/modules-2/files-2.1/com.fasterxml.jackson.core/jackson-databind/2.8.8/bf88c7b27e95cbadce4e7c316a56c3efffda8026/jackson-databind-2.8.8.jar!/com/fasterxml/jackson/databind/deser/std/StdKeyDeserializer$StringKD.class], URL [jar:file:/home/nick/.gradle/caches/modules-2/files-2.1/com.fasterxml.jackson.core/jackson-databind/2.8.8/bf88c7b27e95cbadce4e7c316a56c3efffda8026/jackson-databind-2.8.8.jar!/com/fasterxml/jackson/databind/deser/std/StdKeyDeserializer.class], URL [jar:file:/home/nick/.gradle/caches/modules-2/files-2.1/com.fasterxml.jackson.core/jackson-databind/2.8.8/bf88c7b27e95cbadce4e7c316a56c3efffda8026/jackson-databind-2.8.8.jar!/com/fasterxml/jackson/databind/deser/std/StdKeyDeserializers.class], URL [jar:file:/home/nick/.gradle/caches/modules-2/files-2.1/com.fasterxml.jackson.core/jackson-databind/2.8.8/bf88c7b27e95cbadce4e7c316a56c3efffda8026/jackson-databind-2.8.8.jar!/com/fasterxml/jackson/databind/deser/std/StdNodeBasedDeserializer.class], URL [jar:file:/home/nick/.gradle/caches/modules-2/files-2.1/com.fasterxml.jackson.core/jackson-databind/2.8.8/bf88c7b27e95cbadce4e7c316a56c3efffda8026/jackson-databind-2.8.8.jar!/com/fasterxml/jackson/databind/deser/std/StdScalarDeserializer.class], URL [jar:file:/home/nick/.gradle/caches/modules-2/files-2.1/com.fasterxml.jackson.core/jackson-databind/2.8.8/bf88c7b27e95cbadce4e7c316a56c3efffda8026/jackson-databind-2.8.8.jar!/com/fasterxml/jackson/databind/deser/std/StdValueInstantiator.class], URL [jar:file:/home/nick/.gradle/caches/modules-2/files-2.1/com.fasterxml.jackson.core/jackson-databind/2.8.8/bf88c7b27e95cbadce4e7c316a56c3efffda8026/jackson-databind-2.8.8.jar!/com/fasterxml/jackson/databind/deser/std/StringArrayDeserializer.class], URL [jar:file:/home/nick/.gradle/caches/modules-2/files-2.1/com.fasterxml.jackson.core/jackson-databind/2.8.8/bf88c7b27e95cbadce4e7c316a56c3efffda8026/jackson-databind-2.8.8.jar!/com/fasterxml/jackson/databind/deser/std/StringCollectionDeserializer.class], URL [jar:file:/home/nick/.gradle/caches/modules-2/files-2.1/com.fasterxml.jackson.core/jackson-databind/2.8.8/bf88c7b27e95cbadce4e7c316a56c3efffda8026/jackson-databind-2.8.8.jar!/com/fasterxml/jackson/databind/deser/std/StringDeserializer.class], URL [jar:file:/home/nick/.gradle/caches/modules-2/files-2.1/com.fasterxml.jackson.core/jackson-databind/2.8.8/bf88c7b27e95cbadce4e7c316a56c3efffda8026/jackson-databind-2.8.8.jar!/com/fasterxml/jackson/databind/deser/std/ThrowableDeserializer.class], URL [jar:file:/home/nick/.gradle/caches/modules-2/files-2.1/com.fasterxml.jackson.core/jackson-databind/2.8.8/bf88c7b27e95cbadce4e7c316a56c3efffda8026/jackson-databind-2.8.8.jar!/com/fasterxml/jackson/databind/deser/std/TokenBufferDeserializer.class], URL [jar:file:/home/nick/.gradle/caches/modules-2/files-2.1/com.fasterxml.jackson.core/jackson-databind/2.8.8/bf88c7b27e95cbadce4e7c316a56c3efffda8026/jackson-databind-2.8.8.jar!/com/fasterxml/jackson/databind/deser/std/UUIDDeserializer.class], URL [jar:file:/home/nick/.gradle/caches/modules-2/files-2.1/com.fasterxml.jackson.core/jackson-databind/2.8.8/bf88c7b27e95cbadce4e7c316a56c3efffda8026/jackson-databind-2.8.8.jar!/com/fasterxml/jackson/databind/deser/std/UntypedObjectDeserializer$Vanilla.class], URL [jar:file:/home/nick/.gradle/caches/modules-2/files-2.1/com.fasterxml.jackson.core/jackson-databind/2.8.8/bf88c7b27e95cbadce4e7c316a56c3efffda8026/jackson-databind-2.8.8.jar!/com/fasterxml/jackson/databind/deser/std/UntypedObjectDeserializer.class], URL [jar:file:/home/nick/.gradle/caches/modules-2/files-2.1/com.fasterxml.jackson.core/jackson-databind/2.8.8/bf88c7b27e95cbadce4e7c316a56c3efffda8026/jackson-databind-2.8.8.jar!/com/fasterxml/jackson/databind/exc/IgnoredPropertyException.class], URL [jar:file:/home/nick/.gradle/caches/modules-2/files-2.1/com.fasterxml.jackson.core/jackson-databind/2.8.8/bf88c7b27e95cbadce4e7c316a56c3efffda8026/jackson-databind-2.8.8.jar!/com/fasterxml/jackson/databind/exc/InvalidFormatException.class], URL [jar:file:/home/nick/.gradle/caches/modules-2/files-2.1/com.fasterxml.jackson.core/jackson-databind/2.8.8/bf88c7b27e95cbadce4e7c316a56c3efffda8026/jackson-databind-2.8.8.jar!/com/fasterxml/jackson/databind/exc/InvalidTypeIdException.class], URL [jar:file:/home/nick/.gradle/caches/modules-2/files-2.1/com.fasterxml.jackson.core/jackson-databind/2.8.8/bf88c7b27e95cbadce4e7c316a56c3efffda8026/jackson-databind-2.8.8.jar!/com/fasterxml/jackson/databind/exc/PropertyBindingException.class], URL [jar:file:/home/nick/.gradle/caches/modules-2/files-2.1/com.fasterxml.jackson.core/jackson-databind/2.8.8/bf88c7b27e95cbadce4e7c316a56c3efffda8026/jackson-databind-2.8.8.jar!/com/fasterxml/jackson/databind/exc/UnrecognizedPropertyException.class], URL [jar:file:/home/nick/.gradle/caches/modules-2/files-2.1/com.fasterxml.jackson.core/jackson-databind/2.8.8/bf88c7b27e95cbadce4e7c316a56c3efffda8026/jackson-databind-2.8.8.jar!/com/fasterxml/jackson/databind/ext/CoreXMLDeserializers$Std.class], URL [jar:file:/home/nick/.gradle/caches/modules-2/files-2.1/com.fasterxml.jackson.core/jackson-databind/2.8.8/bf88c7b27e95cbadce4e7c316a56c3efffda8026/jackson-databind-2.8.8.jar!/com/fasterxml/jackson/databind/ext/CoreXMLDeserializers.class], URL [jar:file:/home/nick/.gradle/caches/modules-2/files-2.1/com.fasterxml.jackson.core/jackson-databind/2.8.8/bf88c7b27e95cbadce4e7c316a56c3efffda8026/jackson-databind-2.8.8.jar!/com/fasterxml/jackson/databind/ext/CoreXMLSerializers$XMLGregorianCalendarSerializer.class], URL [jar:file:/home/nick/.gradle/caches/modules-2/files-2.1/com.fasterxml.jackson.core/jackson-databind/2.8.8/bf88c7b27e95cbadce4e7c316a56c3efffda8026/jackson-databind-2.8.8.jar!/com/fasterxml/jackson/databind/ext/CoreXMLSerializers.class], URL [jar:file:/home/nick/.gradle/caches/modules-2/files-2.1/com.fasterxml.jackson.core/jackson-databind/2.8.8/bf88c7b27e95cbadce4e7c316a56c3efffda8026/jackson-databind-2.8.8.jar!/com/fasterxml/jackson/databind/ext/DOMDeserializer$DocumentDeserializer.class], URL [jar:file:/home/nick/.gradle/caches/modules-2/files-2.1/com.fasterxml.jackson.core/jackson-databind/2.8.8/bf88c7b27e95cbadce4e7c316a56c3efffda8026/jackson-databind-2.8.8.jar!/com/fasterxml/jackson/databind/ext/DOMDeserializer$NodeDeserializer.class], URL [jar:file:/home/nick/.gradle/caches/modules-2/files-2.1/com.fasterxml.jackson.core/jackson-databind/2.8.8/bf88c7b27e95cbadce4e7c316a56c3efffda8026/jackson-databind-2.8.8.jar!/com/fasterxml/jackson/databind/ext/DOMDeserializer.class], URL [jar:file:/home/nick/.gradle/caches/modules-2/files-2.1/com.fasterxml.jackson.core/jackson-databind/2.8.8/bf88c7b27e95cbadce4e7c316a56c3efffda8026/jackson-databind-2.8.8.jar!/com/fasterxml/jackson/databind/ext/DOMSerializer.class], URL [jar:file:/home/nick/.gradle/caches/modules-2/files-2.1/com.fasterxml.jackson.core/jackson-databind/2.8.8/bf88c7b27e95cbadce4e7c316a56c3efffda8026/jackson-databind-2.8.8.jar!/com/fasterxml/jackson/databind/ext/Java7Support.class], URL [jar:file:/home/nick/.gradle/caches/modules-2/files-2.1/com.fasterxml.jackson.core/jackson-databind/2.8.8/bf88c7b27e95cbadce4e7c316a56c3efffda8026/jackson-databind-2.8.8.jar!/com/fasterxml/jackson/databind/ext/Java7SupportImpl.class], URL [jar:file:/home/nick/.gradle/caches/modules-2/files-2.1/com.fasterxml.jackson.core/jackson-databind/2.8.8/bf88c7b27e95cbadce4e7c316a56c3efffda8026/jackson-databind-2.8.8.jar!/com/fasterxml/jackson/databind/ext/NioPathDeserializer.class], URL [jar:file:/home/nick/.gradle/caches/modules-2/files-2.1/com.fasterxml.jackson.core/jackson-databind/2.8.8/bf88c7b27e95cbadce4e7c316a56c3efffda8026/jackson-databind-2.8.8.jar!/com/fasterxml/jackson/databind/ext/NioPathSerializer.class], URL [jar:file:/home/nick/.gradle/caches/modules-2/files-2.1/com.fasterxml.jackson.core/jackson-databind/2.8.8/bf88c7b27e95cbadce4e7c316a56c3efffda8026/jackson-databind-2.8.8.jar!/com/fasterxml/jackson/databind/ext/OptionalHandlerFactory.class], URL [jar:file:/home/nick/.gradle/caches/modules-2/files-2.1/com.fasterxml.jackson.core/jackson-databind/2.8.8/bf88c7b27e95cbadce4e7c316a56c3efffda8026/jackson-databind-2.8.8.jar!/com/fasterxml/jackson/databind/introspect/Annotated.class], URL [jar:file:/home/nick/.gradle/caches/modules-2/files-2.1/com.fasterxml.jackson.core/jackson-databind/2.8.8/bf88c7b27e95cbadce4e7c316a56c3efffda8026/jackson-databind-2.8.8.jar!/com/fasterxml/jackson/databind/introspect/AnnotatedClass.class], URL [jar:file:/home/nick/.gradle/caches/modules-2/files-2.1/com.fasterxml.jackson.core/jackson-databind/2.8.8/bf88c7b27e95cbadce4e7c316a56c3efffda8026/jackson-databind-2.8.8.jar!/com/fasterxml/jackson/databind/introspect/AnnotatedConstructor$Serialization.class], URL [jar:file:/home/nick/.gradle/caches/modules-2/files-2.1/com.fasterxml.jackson.core/jackson-databind/2.8.8/bf88c7b27e95cbadce4e7c316a56c3efffda8026/jackson-databind-2.8.8.jar!/com/fasterxml/jackson/databind/introspect/AnnotatedConstructor.class], URL [jar:file:/home/nick/.gradle/caches/modules-2/files-2.1/com.fasterxml.jackson.core/jackson-databind/2.8.8/bf88c7b27e95cbadce4e7c316a56c3efffda8026/jackson-databind-2.8.8.jar!/com/fasterxml/jackson/databind/introspect/AnnotatedField$Serialization.class], URL [jar:file:/home/nick/.gradle/caches/modules-2/files-2.1/com.fasterxml.jackson.core/jackson-databind/2.8.8/bf88c7b27e95cbadce4e7c316a56c3efffda8026/jackson-databind-2.8.8.jar!/com/fasterxml/jackson/databind/introspect/AnnotatedField.class], URL [jar:file:/home/nick/.gradle/caches/modules-2/files-2.1/com.fasterxml.jackson.core/jackson-databind/2.8.8/bf88c7b27e95cbadce4e7c316a56c3efffda8026/jackson-databind-2.8.8.jar!/com/fasterxml/jackson/databind/introspect/AnnotatedMember.class], URL [jar:file:/home/nick/.gradle/caches/modules-2/files-2.1/com.fasterxml.jackson.core/jackson-databind/2.8.8/bf88c7b27e95cbadce4e7c316a56c3efffda8026/jackson-databind-2.8.8.jar!/com/fasterxml/jackson/databind/introspect/AnnotatedMethod$Serialization.class], URL [jar:file:/home/nick/.gradle/caches/modules-2/files-2.1/com.fasterxml.jackson.core/jackson-databind/2.8.8/bf88c7b27e95cbadce4e7c316a56c3efffda8026/jackson-databind-2.8.8.jar!/com/fasterxml/jackson/databind/introspect/AnnotatedMethod.class], URL [jar:file:/home/nick/.gradle/caches/modules-2/files-2.1/com.fasterxml.jackson.core/jackson-databind/2.8.8/bf88c7b27e95cbadce4e7c316a56c3efffda8026/jackson-databind-2.8.8.jar!/com/fasterxml/jackson/databind/introspect/AnnotatedMethodMap.class], URL [jar:file:/home/nick/.gradle/caches/modules-2/files-2.1/com.fasterxml.jackson.core/jackson-databind/2.8.8/bf88c7b27e95cbadce4e7c316a56c3efffda8026/jackson-databind-2.8.8.jar!/com/fasterxml/jackson/databind/introspect/AnnotatedParameter.class], URL [jar:file:/home/nick/.gradle/caches/modules-2/files-2.1/com.fasterxml.jackson.core/jackson-databind/2.8.8/bf88c7b27e95cbadce4e7c316a56c3efffda8026/jackson-databind-2.8.8.jar!/com/fasterxml/jackson/databind/introspect/AnnotatedWithParams.class], URL [jar:file:/home/nick/.gradle/caches/modules-2/files-2.1/com.fasterxml.jackson.core/jackson-databind/2.8.8/bf88c7b27e95cbadce4e7c316a56c3efffda8026/jackson-databind-2.8.8.jar!/com/fasterxml/jackson/databind/introspect/AnnotationIntrospectorPair.class], URL [jar:file:/home/nick/.gradle/caches/modules-2/files-2.1/com.fasterxml.jackson.core/jackson-databind/2.8.8/bf88c7b27e95cbadce4e7c316a56c3efffda8026/jackson-databind-2.8.8.jar!/com/fasterxml/jackson/databind/introspect/AnnotationMap.class], URL [jar:file:/home/nick/.gradle/caches/modules-2/files-2.1/com.fasterxml.jackson.core/jackson-databind/2.8.8/bf88c7b27e95cbadce4e7c316a56c3efffda8026/jackson-databind-2.8.8.jar!/com/fasterxml/jackson/databind/introspect/BasicBeanDescription.class], URL [jar:file:/home/nick/.gradle/caches/modules-2/files-2.1/com.fasterxml.jackson.core/jackson-databind/2.8.8/bf88c7b27e95cbadce4e7c316a56c3efffda8026/jackson-databind-2.8.8.jar!/com/fasterxml/jackson/databind/introspect/BasicClassIntrospector.class], URL [jar:file:/home/nick/.gradle/caches/modules-2/files-2.1/com.fasterxml.jackson.core/jackson-databind/2.8.8/bf88c7b27e95cbadce4e7c316a56c3efffda8026/jackson-databind-2.8.8.jar!/com/fasterxml/jackson/databind/introspect/BeanPropertyDefinition.class], URL [jar:file:/home/nick/.gradle/caches/modules-2/files-2.1/com.fasterxml.jackson.core/jackson-databind/2.8.8/bf88c7b27e95cbadce4e7c316a56c3efffda8026/jackson-databind-2.8.8.jar!/com/fasterxml/jackson/databind/introspect/ClassIntrospector$MixInResolver.class], URL [jar:file:/home/nick/.gradle/caches/modules-2/files-2.1/com.fasterxml.jackson.core/jackson-databind/2.8.8/bf88c7b27e95cbadce4e7c316a56c3efffda8026/jackson-databind-2.8.8.jar!/com/fasterxml/jackson/databind/introspect/ClassIntrospector.class], URL [jar:file:/home/nick/.gradle/caches/modules-2/files-2.1/com.fasterxml.jackson.core/jackson-databind/2.8.8/bf88c7b27e95cbadce4e7c316a56c3efffda8026/jackson-databind-2.8.8.jar!/com/fasterxml/jackson/databind/introspect/ConcreteBeanPropertyBase.class], URL [jar:file:/home/nick/.gradle/caches/modules-2/files-2.1/com.fasterxml.jackson.core/jackson-databind/2.8.8/bf88c7b27e95cbadce4e7c316a56c3efffda8026/jackson-databind-2.8.8.jar!/com/fasterxml/jackson/databind/introspect/JacksonAnnotationIntrospector$1.class], URL [jar:file:/home/nick/.gradle/caches/modules-2/files-2.1/com.fasterxml.jackson.core/jackson-databind/2.8.8/bf88c7b27e95cbadce4e7c316a56c3efffda8026/jackson-databind-2.8.8.jar!/com/fasterxml/jackson/databind/introspect/JacksonAnnotationIntrospector.class], URL [jar:file:/home/nick/.gradle/caches/modules-2/files-2.1/com.fasterxml.jackson.core/jackson-databind/2.8.8/bf88c7b27e95cbadce4e7c316a56c3efffda8026/jackson-databind-2.8.8.jar!/com/fasterxml/jackson/databind/introspect/MemberKey.class], URL [jar:file:/home/nick/.gradle/caches/modules-2/files-2.1/com.fasterxml.jackson.core/jackson-databind/2.8.8/bf88c7b27e95cbadce4e7c316a56c3efffda8026/jackson-databind-2.8.8.jar!/com/fasterxml/jackson/databind/introspect/NopAnnotationIntrospector$1.class], URL [jar:file:/home/nick/.gradle/caches/modules-2/files-2.1/com.fasterxml.jackson.core/jackson-databind/2.8.8/bf88c7b27e95cbadce4e7c316a56c3efffda8026/jackson-databind-2.8.8.jar!/com/fasterxml/jackson/databind/introspect/NopAnnotationIntrospector.class], URL [jar:file:/home/nick/.gradle/caches/modules-2/files-2.1/com.fasterxml.jackson.core/jackson-databind/2.8.8/bf88c7b27e95cbadce4e7c316a56c3efffda8026/jackson-databind-2.8.8.jar!/com/fasterxml/jackson/databind/introspect/ObjectIdInfo.class], URL [jar:file:/home/nick/.gradle/caches/modules-2/files-2.1/com.fasterxml.jackson.core/jackson-databind/2.8.8/bf88c7b27e95cbadce4e7c316a56c3efffda8026/jackson-databind-2.8.8.jar!/com/fasterxml/jackson/databind/introspect/POJOPropertiesCollector.class], URL [jar:file:/home/nick/.gradle/caches/modules-2/files-2.1/com.fasterxml.jackson.core/jackson-databind/2.8.8/bf88c7b27e95cbadce4e7c316a56c3efffda8026/jackson-databind-2.8.8.jar!/com/fasterxml/jackson/databind/introspect/POJOPropertyBuilder$1.class], URL [jar:file:/home/nick/.gradle/caches/modules-2/files-2.1/com.fasterxml.jackson.core/jackson-databind/2.8.8/bf88c7b27e95cbadce4e7c316a56c3efffda8026/jackson-databind-2.8.8.jar!/com/fasterxml/jackson/databind/introspect/POJOPropertyBuilder$10.class], URL [jar:file:/home/nick/.gradle/caches/modules-2/files-2.1/com.fasterxml.jackson.core/jackson-databind/2.8.8/bf88c7b27e95cbadce4e7c316a56c3efffda8026/jackson-databind-2.8.8.jar!/com/fasterxml/jackson/databind/introspect/POJOPropertyBuilder$2.class], URL [jar:file:/home/nick/.gradle/caches/modules-2/files-2.1/com.fasterxml.jackson.core/jackson-databind/2.8.8/bf88c7b27e95cbadce4e7c316a56c3efffda8026/jackson-databind-2.8.8.jar!/com/fasterxml/jackson/databind/introspect/POJOPropertyBuilder$3.class], URL [jar:file:/home/nick/.gradle/caches/modules-2/files-2.1/com.fasterxml.jackson.core/jackson-databind/2.8.8/bf88c7b27e95cbadce4e7c316a56c3efffda8026/jackson-databind-2.8.8.jar!/com/fasterxml/jackson/databind/introspect/POJOPropertyBuilder$4.class], URL [jar:file:/home/nick/.gradle/caches/modules-2/files-2.1/com.fasterxml.jackson.core/jackson-databind/2.8.8/bf88c7b27e95cbadce4e7c316a56c3efffda8026/jackson-databind-2.8.8.jar!/com/fasterxml/jackson/databind/introspect/POJOPropertyBuilder$5.class], URL [jar:file:/home/nick/.gradle/caches/modules-2/files-2.1/com.fasterxml.jackson.core/jackson-databind/2.8.8/bf88c7b27e95cbadce4e7c316a56c3efffda8026/jackson-databind-2.8.8.jar!/com/fasterxml/jackson/databind/introspect/POJOPropertyBuilder$6.class], URL [jar:file:/home/nick/.gradle/caches/modules-2/files-2.1/com.fasterxml.jackson.core/jackson-databind/2.8.8/bf88c7b27e95cbadce4e7c316a56c3efffda8026/jackson-databind-2.8.8.jar!/com/fasterxml/jackson/databind/introspect/POJOPropertyBuilder$7.class], URL [jar:file:/home/nick/.gradle/caches/modules-2/files-2.1/com.fasterxml.jackson.core/jackson-databind/2.8.8/bf88c7b27e95cbadce4e7c316a56c3efffda8026/jackson-databind-2.8.8.jar!/com/fasterxml/jackson/databind/introspect/POJOPropertyBuilder$8.class], URL [jar:file:/home/nick/.gradle/caches/modules-2/files-2.1/com.fasterxml.jackson.core/jackson-databind/2.8.8/bf88c7b27e95cbadce4e7c316a56c3efffda8026/jackson-databind-2.8.8.jar!/com/fasterxml/jackson/databind/introspect/POJOPropertyBuilder$9.class], URL [jar:file:/home/nick/.gradle/caches/modules-2/files-2.1/com.fasterxml.jackson.core/jackson-databind/2.8.8/bf88c7b27e95cbadce4e7c316a56c3efffda8026/jackson-databind-2.8.8.jar!/com/fasterxml/jackson/databind/introspect/POJOPropertyBuilder$Linked.class], URL [jar:file:/home/nick/.gradle/caches/modules-2/files-2.1/com.fasterxml.jackson.core/jackson-databind/2.8.8/bf88c7b27e95cbadce4e7c316a56c3efffda8026/jackson-databind-2.8.8.jar!/com/fasterxml/jackson/databind/introspect/POJOPropertyBuilder$MemberIterator.class], URL [jar:file:/home/nick/.gradle/caches/modules-2/files-2.1/com.fasterxml.jackson.core/jackson-databind/2.8.8/bf88c7b27e95cbadce4e7c316a56c3efffda8026/jackson-databind-2.8.8.jar!/com/fasterxml/jackson/databind/introspect/POJOPropertyBuilder$WithMember.class], URL [jar:file:/home/nick/.gradle/caches/modules-2/files-2.1/com.fasterxml.jackson.core/jackson-databind/2.8.8/bf88c7b27e95cbadce4e7c316a56c3efffda8026/jackson-databind-2.8.8.jar!/com/fasterxml/jackson/databind/introspect/POJOPropertyBuilder.class], URL [jar:file:/home/nick/.gradle/caches/modules-2/files-2.1/com.fasterxml.jackson.core/jackson-databind/2.8.8/bf88c7b27e95cbadce4e7c316a56c3efffda8026/jackson-databind-2.8.8.jar!/com/fasterxml/jackson/databind/introspect/SimpleMixInResolver.class], URL [jar:file:/home/nick/.gradle/caches/modules-2/files-2.1/com.fasterxml.jackson.core/jackson-databind/2.8.8/bf88c7b27e95cbadce4e7c316a56c3efffda8026/jackson-databind-2.8.8.jar!/com/fasterxml/jackson/databind/introspect/TypeResolutionContext$Basic.class], URL [jar:file:/home/nick/.gradle/caches/modules-2/files-2.1/com.fasterxml.jackson.core/jackson-databind/2.8.8/bf88c7b27e95cbadce4e7c316a56c3efffda8026/jackson-databind-2.8.8.jar!/com/fasterxml/jackson/databind/introspect/TypeResolutionContext.class], URL [jar:file:/home/nick/.gradle/caches/modules-2/files-2.1/com.fasterxml.jackson.core/jackson-databind/2.8.8/bf88c7b27e95cbadce4e7c316a56c3efffda8026/jackson-databind-2.8.8.jar!/com/fasterxml/jackson/databind/introspect/VirtualAnnotatedMember.class], URL [jar:file:/home/nick/.gradle/caches/modules-2/files-2.1/com.fasterxml.jackson.core/jackson-databind/2.8.8/bf88c7b27e95cbadce4e7c316a56c3efffda8026/jackson-databind-2.8.8.jar!/com/fasterxml/jackson/databind/introspect/VisibilityChecker$1.class], URL [jar:file:/home/nick/.gradle/caches/modules-2/files-2.1/com.fasterxml.jackson.core/jackson-databind/2.8.8/bf88c7b27e95cbadce4e7c316a56c3efffda8026/jackson-databind-2.8.8.jar!/com/fasterxml/jackson/databind/introspect/VisibilityChecker$Std.class], URL [jar:file:/home/nick/.gradle/caches/modules-2/files-2.1/com.fasterxml.jackson.core/jackson-databind/2.8.8/bf88c7b27e95cbadce4e7c316a56c3efffda8026/jackson-databind-2.8.8.jar!/com/fasterxml/jackson/databind/introspect/VisibilityChecker.class], URL [jar:file:/home/nick/.gradle/caches/modules-2/files-2.1/com.fasterxml.jackson.core/jackson-databind/2.8.8/bf88c7b27e95cbadce4e7c316a56c3efffda8026/jackson-databind-2.8.8.jar!/com/fasterxml/jackson/databind/introspect/WithMember.class], URL [jar:file:/home/nick/.gradle/caches/modules-2/files-2.1/com.fasterxml.jackson.core/jackson-databind/2.8.8/bf88c7b27e95cbadce4e7c316a56c3efffda8026/jackson-databind-2.8.8.jar!/com/fasterxml/jackson/databind/jsonFormatVisitors/JsonAnyFormatVisitor$Base.class], URL [jar:file:/home/nick/.gradle/caches/modules-2/files-2.1/com.fasterxml.jackson.core/jackson-databind/2.8.8/bf88c7b27e95cbadce4e7c316a56c3efffda8026/jackson-databind-2.8.8.jar!/com/fasterxml/jackson/databind/jsonFormatVisitors/JsonAnyFormatVisitor.class], URL [jar:file:/home/nick/.gradle/caches/modules-2/files-2.1/com.fasterxml.jackson.core/jackson-databind/2.8.8/bf88c7b27e95cbadce4e7c316a56c3efffda8026/jackson-databind-2.8.8.jar!/com/fasterxml/jackson/databind/jsonFormatVisitors/JsonArrayFormatVisitor$Base.class], URL [jar:file:/home/nick/.gradle/caches/modules-2/files-2.1/com.fasterxml.jackson.core/jackson-databind/2.8.8/bf88c7b27e95cbadce4e7c316a56c3efffda8026/jackson-databind-2.8.8.jar!/com/fasterxml/jackson/databind/jsonFormatVisitors/JsonArrayFormatVisitor.class], URL [jar:file:/home/nick/.gradle/caches/modules-2/files-2.1/com.fasterxml.jackson.core/jackson-databind/2.8.8/bf88c7b27e95cbadce4e7c316a56c3efffda8026/jackson-databind-2.8.8.jar!/com/fasterxml/jackson/databind/jsonFormatVisitors/JsonBooleanFormatVisitor$Base.class], URL [jar:file:/home/nick/.gradle/caches/modules-2/files-2.1/com.fasterxml.jackson.core/jackson-databind/2.8.8/bf88c7b27e95cbadce4e7c316a56c3efffda8026/jackson-databind-2.8.8.jar!/com/fasterxml/jackson/databind/jsonFormatVisitors/JsonBooleanFormatVisitor.class], URL [jar:file:/home/nick/.gradle/caches/modules-2/files-2.1/com.fasterxml.jackson.core/jackson-databind/2.8.8/bf88c7b27e95cbadce4e7c316a56c3efffda8026/jackson-databind-2.8.8.jar!/com/fasterxml/jackson/databind/jsonFormatVisitors/JsonFormatTypes.class], URL [jar:file:/home/nick/.gradle/caches/modules-2/files-2.1/com.fasterxml.jackson.core/jackson-databind/2.8.8/bf88c7b27e95cbadce4e7c316a56c3efffda8026/jackson-databind-2.8.8.jar!/com/fasterxml/jackson/databind/jsonFormatVisitors/JsonFormatVisitable.class], URL [jar:file:/home/nick/.gradle/caches/modules-2/files-2.1/com.fasterxml.jackson.core/jackson-databind/2.8.8/bf88c7b27e95cbadce4e7c316a56c3efffda8026/jackson-databind-2.8.8.jar!/com/fasterxml/jackson/databind/jsonFormatVisitors/JsonFormatVisitorWithSerializerProvider.class], URL [jar:file:/home/nick/.gradle/caches/modules-2/files-2.1/com.fasterxml.jackson.core/jackson-databind/2.8.8/bf88c7b27e95cbadce4e7c316a56c3efffda8026/jackson-databind-2.8.8.jar!/com/fasterxml/jackson/databind/jsonFormatVisitors/JsonFormatVisitorWrapper$Base.class], URL [jar:file:/home/nick/.gradle/caches/modules-2/files-2.1/com.fasterxml.jackson.core/jackson-databind/2.8.8/bf88c7b27e95cbadce4e7c316a56c3efffda8026/jackson-databind-2.8.8.jar!/com/fasterxml/jackson/databind/jsonFormatVisitors/JsonFormatVisitorWrapper.class], URL [jar:file:/home/nick/.gradle/caches/modules-2/files-2.1/com.fasterxml.jackson.core/jackson-databind/2.8.8/bf88c7b27e95cbadce4e7c316a56c3efffda8026/jackson-databind-2.8.8.jar!/com/fasterxml/jackson/databind/jsonFormatVisitors/JsonIntegerFormatVisitor$Base.class], URL [jar:file:/home/nick/.gradle/caches/modules-2/files-2.1/com.fasterxml.jackson.core/jackson-databind/2.8.8/bf88c7b27e95cbadce4e7c316a56c3efffda8026/jackson-databind-2.8.8.jar!/com/fasterxml/jackson/databind/jsonFormatVisitors/JsonIntegerFormatVisitor.class], URL [jar:file:/home/nick/.gradle/caches/modules-2/files-2.1/com.fasterxml.jackson.core/jackson-databind/2.8.8/bf88c7b27e95cbadce4e7c316a56c3efffda8026/jackson-databind-2.8.8.jar!/com/fasterxml/jackson/databind/jsonFormatVisitors/JsonMapFormatVisitor$Base.class], URL [jar:file:/home/nick/.gradle/caches/modules-2/files-2.1/com.fasterxml.jackson.core/jackson-databind/2.8.8/bf88c7b27e95cbadce4e7c316a56c3efffda8026/jackson-databind-2.8.8.jar!/com/fasterxml/jackson/databind/jsonFormatVisitors/JsonMapFormatVisitor.class], URL [jar:file:/home/nick/.gradle/caches/modules-2/files-2.1/com.fasterxml.jackson.core/jackson-databind/2.8.8/bf88c7b27e95cbadce4e7c316a56c3efffda8026/jackson-databind-2.8.8.jar!/com/fasterxml/jackson/databind/jsonFormatVisitors/JsonNullFormatVisitor$Base.class], URL [jar:file:/home/nick/.gradle/caches/modules-2/files-2.1/com.fasterxml.jackson.core/jackson-databind/2.8.8/bf88c7b27e95cbadce4e7c316a56c3efffda8026/jackson-databind-2.8.8.jar!/com/fasterxml/jackson/databind/jsonFormatVisitors/JsonNullFormatVisitor.class], URL [jar:file:/home/nick/.gradle/caches/modules-2/files-2.1/com.fasterxml.jackson.core/jackson-databind/2.8.8/bf88c7b27e95cbadce4e7c316a56c3efffda8026/jackson-databind-2.8.8.jar!/com/fasterxml/jackson/databind/jsonFormatVisitors/JsonNumberFormatVisitor$Base.class], URL [jar:file:/home/nick/.gradle/caches/modules-2/files-2.1/com.fasterxml.jackson.core/jackson-databind/2.8.8/bf88c7b27e95cbadce4e7c316a56c3efffda8026/jackson-databind-2.8.8.jar!/com/fasterxml/jackson/databind/jsonFormatVisitors/JsonNumberFormatVisitor.class], URL [jar:file:/home/nick/.gradle/caches/modules-2/files-2.1/com.fasterxml.jackson.core/jackson-databind/2.8.8/bf88c7b27e95cbadce4e7c316a56c3efffda8026/jackson-databind-2.8.8.jar!/com/fasterxml/jackson/databind/jsonFormatVisitors/JsonObjectFormatVisitor$Base.class], URL [jar:file:/home/nick/.gradle/caches/modules-2/files-2.1/com.fasterxml.jackson.core/jackson-databind/2.8.8/bf88c7b27e95cbadce4e7c316a56c3efffda8026/jackson-databind-2.8.8.jar!/com/fasterxml/jackson/databind/jsonFormatVisitors/JsonObjectFormatVisitor.class], URL [jar:file:/home/nick/.gradle/caches/modules-2/files-2.1/com.fasterxml.jackson.core/jackson-databind/2.8.8/bf88c7b27e95cbadce4e7c316a56c3efffda8026/jackson-databind-2.8.8.jar!/com/fasterxml/jackson/databind/jsonFormatVisitors/JsonStringFormatVisitor$Base.class], URL [jar:file:/home/nick/.gradle/caches/modules-2/files-2.1/com.fasterxml.jackson.core/jackson-databind/2.8.8/bf88c7b27e95cbadce4e7c316a56c3efffda8026/jackson-databind-2.8.8.jar!/com/fasterxml/jackson/databind/jsonFormatVisitors/JsonStringFormatVisitor.class], URL [jar:file:/home/nick/.gradle/caches/modules-2/files-2.1/com.fasterxml.jackson.core/jackson-databind/2.8.8/bf88c7b27e95cbadce4e7c316a56c3efffda8026/jackson-databind-2.8.8.jar!/com/fasterxml/jackson/databind/jsonFormatVisitors/JsonValueFormat.class], URL [jar:file:/home/nick/.gradle/caches/modules-2/files-2.1/com.fasterxml.jackson.core/jackson-databind/2.8.8/bf88c7b27e95cbadce4e7c316a56c3efffda8026/jackson-databind-2.8.8.jar!/com/fasterxml/jackson/databind/jsonFormatVisitors/JsonValueFormatVisitor$Base.class], URL [jar:file:/home/nick/.gradle/caches/modules-2/files-2.1/com.fasterxml.jackson.core/jackson-databind/2.8.8/bf88c7b27e95cbadce4e7c316a56c3efffda8026/jackson-databind-2.8.8.jar!/com/fasterxml/jackson/databind/jsonFormatVisitors/JsonValueFormatVisitor.class], URL [jar:file:/home/nick/.gradle/caches/modules-2/files-2.1/com.fasterxml.jackson.core/jackson-databind/2.8.8/bf88c7b27e95cbadce4e7c316a56c3efffda8026/jackson-databind-2.8.8.jar!/com/fasterxml/jackson/databind/jsonschema/JsonSchema.class], URL [jar:file:/home/nick/.gradle/caches/modules-2/files-2.1/com.fasterxml.jackson.core/jackson-databind/2.8.8/bf88c7b27e95cbadce4e7c316a56c3efffda8026/jackson-databind-2.8.8.jar!/com/fasterxml/jackson/databind/jsonschema/JsonSerializableSchema.class], URL [jar:file:/home/nick/.gradle/caches/modules-2/files-2.1/com.fasterxml.jackson.core/jackson-databind/2.8.8/bf88c7b27e95cbadce4e7c316a56c3efffda8026/jackson-databind-2.8.8.jar!/com/fasterxml/jackson/databind/jsonschema/SchemaAware.class], URL [jar:file:/home/nick/.gradle/caches/modules-2/files-2.1/com.fasterxml.jackson.core/jackson-databind/2.8.8/bf88c7b27e95cbadce4e7c316a56c3efffda8026/jackson-databind-2.8.8.jar!/com/fasterxml/jackson/databind/jsontype/NamedType.class], URL [jar:file:/home/nick/.gradle/caches/modules-2/files-2.1/com.fasterxml.jackson.core/jackson-databind/2.8.8/bf88c7b27e95cbadce4e7c316a56c3efffda8026/jackson-databind-2.8.8.jar!/com/fasterxml/jackson/databind/jsontype/SubtypeResolver.class], URL [jar:file:/home/nick/.gradle/caches/modules-2/files-2.1/com.fasterxml.jackson.core/jackson-databind/2.8.8/bf88c7b27e95cbadce4e7c316a56c3efffda8026/jackson-databind-2.8.8.jar!/com/fasterxml/jackson/databind/jsontype/TypeDeserializer$1.class], URL [jar:file:/home/nick/.gradle/caches/modules-2/files-2.1/com.fasterxml.jackson.core/jackson-databind/2.8.8/bf88c7b27e95cbadce4e7c316a56c3efffda8026/jackson-databind-2.8.8.jar!/com/fasterxml/jackson/databind/jsontype/TypeDeserializer.class], URL [jar:file:/home/nick/.gradle/caches/modules-2/files-2.1/com.fasterxml.jackson.core/jackson-databind/2.8.8/bf88c7b27e95cbadce4e7c316a56c3efffda8026/jackson-databind-2.8.8.jar!/com/fasterxml/jackson/databind/jsontype/TypeIdResolver.class], URL [jar:file:/home/nick/.gradle/caches/modules-2/files-2.1/com.fasterxml.jackson.core/jackson-databind/2.8.8/bf88c7b27e95cbadce4e7c316a56c3efffda8026/jackson-databind-2.8.8.jar!/com/fasterxml/jackson/databind/jsontype/TypeResolverBuilder.class], URL [jar:file:/home/nick/.gradle/caches/modules-2/files-2.1/com.fasterxml.jackson.core/jackson-databind/2.8.8/bf88c7b27e95cbadce4e7c316a56c3efffda8026/jackson-databind-2.8.8.jar!/com/fasterxml/jackson/databind/jsontype/TypeSerializer.class], URL [jar:file:/home/nick/.gradle/caches/modules-2/files-2.1/com.fasterxml.jackson.core/jackson-databind/2.8.8/bf88c7b27e95cbadce4e7c316a56c3efffda8026/jackson-databind-2.8.8.jar!/com/fasterxml/jackson/databind/jsontype/impl/AsArrayTypeDeserializer.class], URL [jar:file:/home/nick/.gradle/caches/modules-2/files-2.1/com.fasterxml.jackson.core/jackson-databind/2.8.8/bf88c7b27e95cbadce4e7c316a56c3efffda8026/jackson-databind-2.8.8.jar!/com/fasterxml/jackson/databind/jsontype/impl/AsArrayTypeSerializer.class], URL [jar:file:/home/nick/.gradle/caches/modules-2/files-2.1/com.fasterxml.jackson.core/jackson-databind/2.8.8/bf88c7b27e95cbadce4e7c316a56c3efffda8026/jackson-databind-2.8.8.jar!/com/fasterxml/jackson/databind/jsontype/impl/AsExistingPropertyTypeSerializer.class], URL [jar:file:/home/nick/.gradle/caches/modules-2/files-2.1/com.fasterxml.jackson.core/jackson-databind/2.8.8/bf88c7b27e95cbadce4e7c316a56c3efffda8026/jackson-databind-2.8.8.jar!/com/fasterxml/jackson/databind/jsontype/impl/AsExternalTypeDeserializer.class], URL [jar:file:/home/nick/.gradle/caches/modules-2/files-2.1/com.fasterxml.jackson.core/jackson-databind/2.8.8/bf88c7b27e95cbadce4e7c316a56c3efffda8026/jackson-databind-2.8.8.jar!/com/fasterxml/jackson/databind/jsontype/impl/AsExternalTypeSerializer.class], URL [jar:file:/home/nick/.gradle/caches/modules-2/files-2.1/com.fasterxml.jackson.core/jackson-databind/2.8.8/bf88c7b27e95cbadce4e7c316a56c3efffda8026/jackson-databind-2.8.8.jar!/com/fasterxml/jackson/databind/jsontype/impl/AsPropertyTypeDeserializer.class], URL [jar:file:/home/nick/.gradle/caches/modules-2/files-2.1/com.fasterxml.jackson.core/jackson-databind/2.8.8/bf88c7b27e95cbadce4e7c316a56c3efffda8026/jackson-databind-2.8.8.jar!/com/fasterxml/jackson/databind/jsontype/impl/AsPropertyTypeSerializer.class], URL [jar:file:/home/nick/.gradle/caches/modules-2/files-2.1/com.fasterxml.jackson.core/jackson-databind/2.8.8/bf88c7b27e95cbadce4e7c316a56c3efffda8026/jackson-databind-2.8.8.jar!/com/fasterxml/jackson/databind/jsontype/impl/AsWrapperTypeDeserializer.class], URL [jar:file:/home/nick/.gradle/caches/modules-2/files-2.1/com.fasterxml.jackson.core/jackson-databind/2.8.8/bf88c7b27e95cbadce4e7c316a56c3efffda8026/jackson-databind-2.8.8.jar!/com/fasterxml/jackson/databind/jsontype/impl/AsWrapperTypeSerializer.class], URL [jar:file:/home/nick/.gradle/caches/modules-2/files-2.1/com.fasterxml.jackson.core/jackson-databind/2.8.8/bf88c7b27e95cbadce4e7c316a56c3efffda8026/jackson-databind-2.8.8.jar!/com/fasterxml/jackson/databind/jsontype/impl/ClassNameIdResolver.class], URL [jar:file:/home/nick/.gradle/caches/modules-2/files-2.1/com.fasterxml.jackson.core/jackson-databind/2.8.8/bf88c7b27e95cbadce4e7c316a56c3efffda8026/jackson-databind-2.8.8.jar!/com/fasterxml/jackson/databind/jsontype/impl/MinimalClassNameIdResolver.class], URL [jar:file:/home/nick/.gradle/caches/modules-2/files-2.1/com.fasterxml.jackson.core/jackson-databind/2.8.8/bf88c7b27e95cbadce4e7c316a56c3efffda8026/jackson-databind-2.8.8.jar!/com/fasterxml/jackson/databind/jsontype/impl/StdSubtypeResolver.class], URL [jar:file:/home/nick/.gradle/caches/modules-2/files-2.1/com.fasterxml.jackson.core/jackson-databind/2.8.8/bf88c7b27e95cbadce4e7c316a56c3efffda8026/jackson-databind-2.8.8.jar!/com/fasterxml/jackson/databind/jsontype/impl/StdTypeResolverBuilder$1.class], URL [jar:file:/home/nick/.gradle/caches/modules-2/files-2.1/com.fasterxml.jackson.core/jackson-databind/2.8.8/bf88c7b27e95cbadce4e7c316a56c3efffda8026/jackson-databind-2.8.8.jar!/com/fasterxml/jackson/databind/jsontype/impl/StdTypeResolverBuilder.class], URL [jar:file:/home/nick/.gradle/caches/modules-2/files-2.1/com.fasterxml.jackson.core/jackson-databind/2.8.8/bf88c7b27e95cbadce4e7c316a56c3efffda8026/jackson-databind-2.8.8.jar!/com/fasterxml/jackson/databind/jsontype/impl/TypeDeserializerBase.class], URL [jar:file:/home/nick/.gradle/caches/modules-2/files-2.1/com.fasterxml.jackson.core/jackson-databind/2.8.8/bf88c7b27e95cbadce4e7c316a56c3efffda8026/jackson-databind-2.8.8.jar!/com/fasterxml/jackson/databind/jsontype/impl/TypeIdResolverBase.class], URL [jar:file:/home/nick/.gradle/caches/modules-2/files-2.1/com.fasterxml.jackson.core/jackson-databind/2.8.8/bf88c7b27e95cbadce4e7c316a56c3efffda8026/jackson-databind-2.8.8.jar!/com/fasterxml/jackson/databind/jsontype/impl/TypeNameIdResolver.class], URL [jar:file:/home/nick/.gradle/caches/modules-2/files-2.1/com.fasterxml.jackson.core/jackson-databind/2.8.8/bf88c7b27e95cbadce4e7c316a56c3efffda8026/jackson-databind-2.8.8.jar!/com/fasterxml/jackson/databind/jsontype/impl/TypeSerializerBase.class], URL [jar:file:/home/nick/.gradle/caches/modules-2/files-2.1/com.fasterxml.jackson.core/jackson-databind/2.8.8/bf88c7b27e95cbadce4e7c316a56c3efffda8026/jackson-databind-2.8.8.jar!/com/fasterxml/jackson/databind/module/SimpleAbstractTypeResolver.class], URL [jar:file:/home/nick/.gradle/caches/modules-2/files-2.1/com.fasterxml.jackson.core/jackson-databind/2.8.8/bf88c7b27e95cbadce4e7c316a56c3efffda8026/jackson-databind-2.8.8.jar!/com/fasterxml/jackson/databind/module/SimpleDeserializers.class], URL [jar:file:/home/nick/.gradle/caches/modules-2/files-2.1/com.fasterxml.jackson.core/jackson-databind/2.8.8/bf88c7b27e95cbadce4e7c316a56c3efffda8026/jackson-databind-2.8.8.jar!/com/fasterxml/jackson/databind/module/SimpleKeyDeserializers.class], URL [jar:file:/home/nick/.gradle/caches/modules-2/files-2.1/com.fasterxml.jackson.core/jackson-databind/2.8.8/bf88c7b27e95cbadce4e7c316a56c3efffda8026/jackson-databind-2.8.8.jar!/com/fasterxml/jackson/databind/module/SimpleModule.class], URL [jar:file:/home/nick/.gradle/caches/modules-2/files-2.1/com.fasterxml.jackson.core/jackson-databind/2.8.8/bf88c7b27e95cbadce4e7c316a56c3efffda8026/jackson-databind-2.8.8.jar!/com/fasterxml/jackson/databind/module/SimpleSerializers.class], URL [jar:file:/home/nick/.gradle/caches/modules-2/files-2.1/com.fasterxml.jackson.core/jackson-databind/2.8.8/bf88c7b27e95cbadce4e7c316a56c3efffda8026/jackson-databind-2.8.8.jar!/com/fasterxml/jackson/databind/module/SimpleValueInstantiators.class], URL [jar:file:/home/nick/.gradle/caches/modules-2/files-2.1/com.fasterxml.jackson.core/jackson-databind/2.8.8/bf88c7b27e95cbadce4e7c316a56c3efffda8026/jackson-databind-2.8.8.jar!/com/fasterxml/jackson/databind/node/ArrayNode.class], URL [jar:file:/home/nick/.gradle/caches/modules-2/files-2.1/com.fasterxml.jackson.core/jackson-databind/2.8.8/bf88c7b27e95cbadce4e7c316a56c3efffda8026/jackson-databind-2.8.8.jar!/com/fasterxml/jackson/databind/node/BaseJsonNode.class], URL [jar:file:/home/nick/.gradle/caches/modules-2/files-2.1/com.fasterxml.jackson.core/jackson-databind/2.8.8/bf88c7b27e95cbadce4e7c316a56c3efffda8026/jackson-databind-2.8.8.jar!/com/fasterxml/jackson/databind/node/BigIntegerNode.class], URL [jar:file:/home/nick/.gradle/caches/modules-2/files-2.1/com.fasterxml.jackson.core/jackson-databind/2.8.8/bf88c7b27e95cbadce4e7c316a56c3efffda8026/jackson-databind-2.8.8.jar!/com/fasterxml/jackson/databind/node/BinaryNode.class], URL [jar:file:/home/nick/.gradle/caches/modules-2/files-2.1/com.fasterxml.jackson.core/jackson-databind/2.8.8/bf88c7b27e95cbadce4e7c316a56c3efffda8026/jackson-databind-2.8.8.jar!/com/fasterxml/jackson/databind/node/BooleanNode.class], URL [jar:file:/home/nick/.gradle/caches/modules-2/files-2.1/com.fasterxml.jackson.core/jackson-databind/2.8.8/bf88c7b27e95cbadce4e7c316a56c3efffda8026/jackson-databind-2.8.8.jar!/com/fasterxml/jackson/databind/node/ContainerNode.class], URL [jar:file:/home/nick/.gradle/caches/modules-2/files-2.1/com.fasterxml.jackson.core/jackson-databind/2.8.8/bf88c7b27e95cbadce4e7c316a56c3efffda8026/jackson-databind-2.8.8.jar!/com/fasterxml/jackson/databind/node/DecimalNode.class], URL [jar:file:/home/nick/.gradle/caches/modules-2/files-2.1/com.fasterxml.jackson.core/jackson-databind/2.8.8/bf88c7b27e95cbadce4e7c316a56c3efffda8026/jackson-databind-2.8.8.jar!/com/fasterxml/jackson/databind/node/DoubleNode.class], URL [jar:file:/home/nick/.gradle/caches/modules-2/files-2.1/com.fasterxml.jackson.core/jackson-databind/2.8.8/bf88c7b27e95cbadce4e7c316a56c3efffda8026/jackson-databind-2.8.8.jar!/com/fasterxml/jackson/databind/node/FloatNode.class], URL [jar:file:/home/nick/.gradle/caches/modules-2/files-2.1/com.fasterxml.jackson.core/jackson-databind/2.8.8/bf88c7b27e95cbadce4e7c316a56c3efffda8026/jackson-databind-2.8.8.jar!/com/fasterxml/jackson/databind/node/IntNode.class], URL [jar:file:/home/nick/.gradle/caches/modules-2/files-2.1/com.fasterxml.jackson.core/jackson-databind/2.8.8/bf88c7b27e95cbadce4e7c316a56c3efffda8026/jackson-databind-2.8.8.jar!/com/fasterxml/jackson/databind/node/JsonNodeCreator.class], URL [jar:file:/home/nick/.gradle/caches/modules-2/files-2.1/com.fasterxml.jackson.core/jackson-databind/2.8.8/bf88c7b27e95cbadce4e7c316a56c3efffda8026/jackson-databind-2.8.8.jar!/com/fasterxml/jackson/databind/node/JsonNodeFactory.class], URL [jar:file:/home/nick/.gradle/caches/modules-2/files-2.1/com.fasterxml.jackson.core/jackson-databind/2.8.8/bf88c7b27e95cbadce4e7c316a56c3efffda8026/jackson-databind-2.8.8.jar!/com/fasterxml/jackson/databind/node/JsonNodeType.class], URL [jar:file:/home/nick/.gradle/caches/modules-2/files-2.1/com.fasterxml.jackson.core/jackson-databind/2.8.8/bf88c7b27e95cbadce4e7c316a56c3efffda8026/jackson-databind-2.8.8.jar!/com/fasterxml/jackson/databind/node/LongNode.class], URL [jar:file:/home/nick/.gradle/caches/modules-2/files-2.1/com.fasterxml.jackson.core/jackson-databind/2.8.8/bf88c7b27e95cbadce4e7c316a56c3efffda8026/jackson-databind-2.8.8.jar!/com/fasterxml/jackson/databind/node/MissingNode.class], URL [jar:file:/home/nick/.gradle/caches/modules-2/files-2.1/com.fasterxml.jackson.core/jackson-databind/2.8.8/bf88c7b27e95cbadce4e7c316a56c3efffda8026/jackson-databind-2.8.8.jar!/com/fasterxml/jackson/databind/node/NodeCursor$ArrayCursor.class], URL [jar:file:/home/nick/.gradle/caches/modules-2/files-2.1/com.fasterxml.jackson.core/jackson-databind/2.8.8/bf88c7b27e95cbadce4e7c316a56c3efffda8026/jackson-databind-2.8.8.jar!/com/fasterxml/jackson/databind/node/NodeCursor$ObjectCursor.class], URL [jar:file:/home/nick/.gradle/caches/modules-2/files-2.1/com.fasterxml.jackson.core/jackson-databind/2.8.8/bf88c7b27e95cbadce4e7c316a56c3efffda8026/jackson-databind-2.8.8.jar!/com/fasterxml/jackson/databind/node/NodeCursor$RootCursor.class], URL [jar:file:/home/nick/.gradle/caches/modules-2/files-2.1/com.fasterxml.jackson.core/jackson-databind/2.8.8/bf88c7b27e95cbadce4e7c316a56c3efffda8026/jackson-databind-2.8.8.jar!/com/fasterxml/jackson/databind/node/NodeCursor.class], URL [jar:file:/home/nick/.gradle/caches/modules-2/files-2.1/com.fasterxml.jackson.core/jackson-databind/2.8.8/bf88c7b27e95cbadce4e7c316a56c3efffda8026/jackson-databind-2.8.8.jar!/com/fasterxml/jackson/databind/node/NullNode.class], URL [jar:file:/home/nick/.gradle/caches/modules-2/files-2.1/com.fasterxml.jackson.core/jackson-databind/2.8.8/bf88c7b27e95cbadce4e7c316a56c3efffda8026/jackson-databind-2.8.8.jar!/com/fasterxml/jackson/databind/node/NumericNode.class], URL [jar:file:/home/nick/.gradle/caches/modules-2/files-2.1/com.fasterxml.jackson.core/jackson-databind/2.8.8/bf88c7b27e95cbadce4e7c316a56c3efffda8026/jackson-databind-2.8.8.jar!/com/fasterxml/jackson/databind/node/ObjectNode.class], URL [jar:file:/home/nick/.gradle/caches/modules-2/files-2.1/com.fasterxml.jackson.core/jackson-databind/2.8.8/bf88c7b27e95cbadce4e7c316a56c3efffda8026/jackson-databind-2.8.8.jar!/com/fasterxml/jackson/databind/node/POJONode.class], URL [jar:file:/home/nick/.gradle/caches/modules-2/files-2.1/com.fasterxml.jackson.core/jackson-databind/2.8.8/bf88c7b27e95cbadce4e7c316a56c3efffda8026/jackson-databind-2.8.8.jar!/com/fasterxml/jackson/databind/node/ShortNode.class], URL [jar:file:/home/nick/.gradle/caches/modules-2/files-2.1/com.fasterxml.jackson.core/jackson-databind/2.8.8/bf88c7b27e95cbadce4e7c316a56c3efffda8026/jackson-databind-2.8.8.jar!/com/fasterxml/jackson/databind/node/TextNode.class], URL [jar:file:/home/nick/.gradle/caches/modules-2/files-2.1/com.fasterxml.jackson.core/jackson-databind/2.8.8/bf88c7b27e95cbadce4e7c316a56c3efffda8026/jackson-databind-2.8.8.jar!/com/fasterxml/jackson/databind/node/TreeTraversingParser$1.class], URL [jar:file:/home/nick/.gradle/caches/modules-2/files-2.1/com.fasterxml.jackson.core/jackson-databind/2.8.8/bf88c7b27e95cbadce4e7c316a56c3efffda8026/jackson-databind-2.8.8.jar!/com/fasterxml/jackson/databind/node/TreeTraversingParser.class], URL [jar:file:/home/nick/.gradle/caches/modules-2/files-2.1/com.fasterxml.jackson.core/jackson-databind/2.8.8/bf88c7b27e95cbadce4e7c316a56c3efffda8026/jackson-databind-2.8.8.jar!/com/fasterxml/jackson/databind/node/ValueNode.class], URL [jar:file:/home/nick/.gradle/caches/modules-2/files-2.1/com.fasterxml.jackson.core/jackson-databind/2.8.8/bf88c7b27e95cbadce4e7c316a56c3efffda8026/jackson-databind-2.8.8.jar!/com/fasterxml/jackson/databind/ser/AnyGetterWriter.class], URL [jar:file:/home/nick/.gradle/caches/modules-2/files-2.1/com.fasterxml.jackson.core/jackson-databind/2.8.8/bf88c7b27e95cbadce4e7c316a56c3efffda8026/jackson-databind-2.8.8.jar!/com/fasterxml/jackson/databind/ser/BasicSerializerFactory$1.class], URL [jar:file:/home/nick/.gradle/caches/modules-2/files-2.1/com.fasterxml.jackson.core/jackson-databind/2.8.8/bf88c7b27e95cbadce4e7c316a56c3efffda8026/jackson-databind-2.8.8.jar!/com/fasterxml/jackson/databind/ser/BasicSerializerFactory.class], URL [jar:file:/home/nick/.gradle/caches/modules-2/files-2.1/com.fasterxml.jackson.core/jackson-databind/2.8.8/bf88c7b27e95cbadce4e7c316a56c3efffda8026/jackson-databind-2.8.8.jar!/com/fasterxml/jackson/databind/ser/BeanPropertyFilter.class], URL [jar:file:/home/nick/.gradle/caches/modules-2/files-2.1/com.fasterxml.jackson.core/jackson-databind/2.8.8/bf88c7b27e95cbadce4e7c316a56c3efffda8026/jackson-databind-2.8.8.jar!/com/fasterxml/jackson/databind/ser/BeanPropertyWriter.class], URL [jar:file:/home/nick/.gradle/caches/modules-2/files-2.1/com.fasterxml.jackson.core/jackson-databind/2.8.8/bf88c7b27e95cbadce4e7c316a56c3efffda8026/jackson-databind-2.8.8.jar!/com/fasterxml/jackson/databind/ser/BeanSerializer.class], URL [jar:file:/home/nick/.gradle/caches/modules-2/files-2.1/com.fasterxml.jackson.core/jackson-databind/2.8.8/bf88c7b27e95cbadce4e7c316a56c3efffda8026/jackson-databind-2.8.8.jar!/com/fasterxml/jackson/databind/ser/BeanSerializerBuilder.class], URL [jar:file:/home/nick/.gradle/caches/modules-2/files-2.1/com.fasterxml.jackson.core/jackson-databind/2.8.8/bf88c7b27e95cbadce4e7c316a56c3efffda8026/jackson-databind-2.8.8.jar!/com/fasterxml/jackson/databind/ser/BeanSerializerFactory.class], URL [jar:file:/home/nick/.gradle/caches/modules-2/files-2.1/com.fasterxml.jackson.core/jackson-databind/2.8.8/bf88c7b27e95cbadce4e7c316a56c3efffda8026/jackson-databind-2.8.8.jar!/com/fasterxml/jackson/databind/ser/BeanSerializerModifier.class], URL [jar:file:/home/nick/.gradle/caches/modules-2/files-2.1/com.fasterxml.jackson.core/jackson-databind/2.8.8/bf88c7b27e95cbadce4e7c316a56c3efffda8026/jackson-databind-2.8.8.jar!/com/fasterxml/jackson/databind/ser/ContainerSerializer.class], URL [jar:file:/home/nick/.gradle/caches/modules-2/files-2.1/com.fasterxml.jackson.core/jackson-databind/2.8.8/bf88c7b27e95cbadce4e7c316a56c3efffda8026/jackson-databind-2.8.8.jar!/com/fasterxml/jackson/databind/ser/ContextualSerializer.class], URL [jar:file:/home/nick/.gradle/caches/modules-2/files-2.1/com.fasterxml.jackson.core/jackson-databind/2.8.8/bf88c7b27e95cbadce4e7c316a56c3efffda8026/jackson-databind-2.8.8.jar!/com/fasterxml/jackson/databind/ser/DefaultSerializerProvider$Impl.class], URL [jar:file:/home/nick/.gradle/caches/modules-2/files-2.1/com.fasterxml.jackson.core/jackson-databind/2.8.8/bf88c7b27e95cbadce4e7c316a56c3efffda8026/jackson-databind-2.8.8.jar!/com/fasterxml/jackson/databind/ser/DefaultSerializerProvider.class], URL [jar:file:/home/nick/.gradle/caches/modules-2/files-2.1/com.fasterxml.jackson.core/jackson-databind/2.8.8/bf88c7b27e95cbadce4e7c316a56c3efffda8026/jackson-databind-2.8.8.jar!/com/fasterxml/jackson/databind/ser/FilterProvider.class], URL [jar:file:/home/nick/.gradle/caches/modules-2/files-2.1/com.fasterxml.jackson.core/jackson-databind/2.8.8/bf88c7b27e95cbadce4e7c316a56c3efffda8026/jackson-databind-2.8.8.jar!/com/fasterxml/jackson/databind/ser/PropertyBuilder$1.class], URL [jar:file:/home/nick/.gradle/caches/modules-2/files-2.1/com.fasterxml.jackson.core/jackson-databind/2.8.8/bf88c7b27e95cbadce4e7c316a56c3efffda8026/jackson-databind-2.8.8.jar!/com/fasterxml/jackson/databind/ser/PropertyBuilder.class], URL [jar:file:/home/nick/.gradle/caches/modules-2/files-2.1/com.fasterxml.jackson.core/jackson-databind/2.8.8/bf88c7b27e95cbadce4e7c316a56c3efffda8026/jackson-databind-2.8.8.jar!/com/fasterxml/jackson/databind/ser/PropertyFilter.class], URL [jar:file:/home/nick/.gradle/caches/modules-2/files-2.1/com.fasterxml.jackson.core/jackson-databind/2.8.8/bf88c7b27e95cbadce4e7c316a56c3efffda8026/jackson-databind-2.8.8.jar!/com/fasterxml/jackson/databind/ser/PropertyWriter.class], URL [jar:file:/home/nick/.gradle/caches/modules-2/files-2.1/com.fasterxml.jackson.core/jackson-databind/2.8.8/bf88c7b27e95cbadce4e7c316a56c3efffda8026/jackson-databind-2.8.8.jar!/com/fasterxml/jackson/databind/ser/ResolvableSerializer.class], URL [jar:file:/home/nick/.gradle/caches/modules-2/files-2.1/com.fasterxml.jackson.core/jackson-databind/2.8.8/bf88c7b27e95cbadce4e7c316a56c3efffda8026/jackson-databind-2.8.8.jar!/com/fasterxml/jackson/databind/ser/SerializerCache.class], URL [jar:file:/home/nick/.gradle/caches/modules-2/files-2.1/com.fasterxml.jackson.core/jackson-databind/2.8.8/bf88c7b27e95cbadce4e7c316a56c3efffda8026/jackson-databind-2.8.8.jar!/com/fasterxml/jackson/databind/ser/SerializerFactory.class], URL [jar:file:/home/nick/.gradle/caches/modules-2/files-2.1/com.fasterxml.jackson.core/jackson-databind/2.8.8/bf88c7b27e95cbadce4e7c316a56c3efffda8026/jackson-databind-2.8.8.jar!/com/fasterxml/jackson/databind/ser/Serializers$Base.class], URL [jar:file:/home/nick/.gradle/caches/modules-2/files-2.1/com.fasterxml.jackson.core/jackson-databind/2.8.8/bf88c7b27e95cbadce4e7c316a56c3efffda8026/jackson-databind-2.8.8.jar!/com/fasterxml/jackson/databind/ser/Serializers.class], URL [jar:file:/home/nick/.gradle/caches/modules-2/files-2.1/com.fasterxml.jackson.core/jackson-databind/2.8.8/bf88c7b27e95cbadce4e7c316a56c3efffda8026/jackson-databind-2.8.8.jar!/com/fasterxml/jackson/databind/ser/VirtualBeanPropertyWriter.class], URL [jar:file:/home/nick/.gradle/caches/modules-2/files-2.1/com.fasterxml.jackson.core/jackson-databind/2.8.8/bf88c7b27e95cbadce4e7c316a56c3efffda8026/jackson-databind-2.8.8.jar!/com/fasterxml/jackson/databind/ser/impl/AttributePropertyWriter.class], URL [jar:file:/home/nick/.gradle/caches/modules-2/files-2.1/com.fasterxml.jackson.core/jackson-databind/2.8.8/bf88c7b27e95cbadce4e7c316a56c3efffda8026/jackson-databind-2.8.8.jar!/com/fasterxml/jackson/databind/ser/impl/BeanAsArraySerializer.class], URL [jar:file:/home/nick/.gradle/caches/modules-2/files-2.1/com.fasterxml.jackson.core/jackson-databind/2.8.8/bf88c7b27e95cbadce4e7c316a56c3efffda8026/jackson-databind-2.8.8.jar!/com/fasterxml/jackson/databind/ser/impl/FailingSerializer.class], URL [jar:file:/home/nick/.gradle/caches/modules-2/files-2.1/com.fasterxml.jackson.core/jackson-databind/2.8.8/bf88c7b27e95cbadce4e7c316a56c3efffda8026/jackson-databind-2.8.8.jar!/com/fasterxml/jackson/databind/ser/impl/FilteredBeanPropertyWriter$MultiView.class], URL [jar:file:/home/nick/.gradle/caches/modules-2/files-2.1/com.fasterxml.jackson.core/jackson-databind/2.8.8/bf88c7b27e95cbadce4e7c316a56c3efffda8026/jackson-databind-2.8.8.jar!/com/fasterxml/jackson/databind/ser/impl/FilteredBeanPropertyWriter$SingleView.class], URL [jar:file:/home/nick/.gradle/caches/modules-2/files-2.1/com.fasterxml.jackson.core/jackson-databind/2.8.8/bf88c7b27e95cbadce4e7c316a56c3efffda8026/jackson-databind-2.8.8.jar!/com/fasterxml/jackson/databind/ser/impl/FilteredBeanPropertyWriter.class], URL [jar:file:/home/nick/.gradle/caches/modules-2/files-2.1/com.fasterxml.jackson.core/jackson-databind/2.8.8/bf88c7b27e95cbadce4e7c316a56c3efffda8026/jackson-databind-2.8.8.jar!/com/fasterxml/jackson/databind/ser/impl/IndexedListSerializer.class], URL [jar:file:/home/nick/.gradle/caches/modules-2/files-2.1/com.fasterxml.jackson.core/jackson-databind/2.8.8/bf88c7b27e95cbadce4e7c316a56c3efffda8026/jackson-databind-2.8.8.jar!/com/fasterxml/jackson/databind/ser/impl/IndexedStringListSerializer.class], URL [jar:file:/home/nick/.gradle/caches/modules-2/files-2.1/com.fasterxml.jackson.core/jackson-databind/2.8.8/bf88c7b27e95cbadce4e7c316a56c3efffda8026/jackson-databind-2.8.8.jar!/com/fasterxml/jackson/databind/ser/impl/IteratorSerializer.class], URL [jar:file:/home/nick/.gradle/caches/modules-2/files-2.1/com.fasterxml.jackson.core/jackson-databind/2.8.8/bf88c7b27e95cbadce4e7c316a56c3efffda8026/jackson-databind-2.8.8.jar!/com/fasterxml/jackson/databind/ser/impl/MapEntrySerializer.class], URL [jar:file:/home/nick/.gradle/caches/modules-2/files-2.1/com.fasterxml.jackson.core/jackson-databind/2.8.8/bf88c7b27e95cbadce4e7c316a56c3efffda8026/jackson-databind-2.8.8.jar!/com/fasterxml/jackson/databind/ser/impl/ObjectIdWriter.class], URL [jar:file:/home/nick/.gradle/caches/modules-2/files-2.1/com.fasterxml.jackson.core/jackson-databind/2.8.8/bf88c7b27e95cbadce4e7c316a56c3efffda8026/jackson-databind-2.8.8.jar!/com/fasterxml/jackson/databind/ser/impl/PropertyBasedObjectIdGenerator.class], URL [jar:file:/home/nick/.gradle/caches/modules-2/files-2.1/com.fasterxml.jackson.core/jackson-databind/2.8.8/bf88c7b27e95cbadce4e7c316a56c3efffda8026/jackson-databind-2.8.8.jar!/com/fasterxml/jackson/databind/ser/impl/PropertySerializerMap$Double.class], URL [jar:file:/home/nick/.gradle/caches/modules-2/files-2.1/com.fasterxml.jackson.core/jackson-databind/2.8.8/bf88c7b27e95cbadce4e7c316a56c3efffda8026/jackson-databind-2.8.8.jar!/com/fasterxml/jackson/databind/ser/impl/PropertySerializerMap$Empty.class], URL [jar:file:/home/nick/.gradle/caches/modules-2/files-2.1/com.fasterxml.jackson.core/jackson-databind/2.8.8/bf88c7b27e95cbadce4e7c316a56c3efffda8026/jackson-databind-2.8.8.jar!/com/fasterxml/jackson/databind/ser/impl/PropertySerializerMap$Multi.class], URL [jar:file:/home/nick/.gradle/caches/modules-2/files-2.1/com.fasterxml.jackson.core/jackson-databind/2.8.8/bf88c7b27e95cbadce4e7c316a56c3efffda8026/jackson-databind-2.8.8.jar!/com/fasterxml/jackson/databind/ser/impl/PropertySerializerMap$SerializerAndMapResult.class], URL [jar:file:/home/nick/.gradle/caches/modules-2/files-2.1/com.fasterxml.jackson.core/jackson-databind/2.8.8/bf88c7b27e95cbadce4e7c316a56c3efffda8026/jackson-databind-2.8.8.jar!/com/fasterxml/jackson/databind/ser/impl/PropertySerializerMap$Single.class], URL [jar:file:/home/nick/.gradle/caches/modules-2/files-2.1/com.fasterxml.jackson.core/jackson-databind/2.8.8/bf88c7b27e95cbadce4e7c316a56c3efffda8026/jackson-databind-2.8.8.jar!/com/fasterxml/jackson/databind/ser/impl/PropertySerializerMap$TypeAndSerializer.class], URL [jar:file:/home/nick/.gradle/caches/modules-2/files-2.1/com.fasterxml.jackson.core/jackson-databind/2.8.8/bf88c7b27e95cbadce4e7c316a56c3efffda8026/jackson-databind-2.8.8.jar!/com/fasterxml/jackson/databind/ser/impl/PropertySerializerMap.class], URL [jar:file:/home/nick/.gradle/caches/modules-2/files-2.1/com.fasterxml.jackson.core/jackson-databind/2.8.8/bf88c7b27e95cbadce4e7c316a56c3efffda8026/jackson-databind-2.8.8.jar!/com/fasterxml/jackson/databind/ser/impl/ReadOnlyClassToSerializerMap$Bucket.class], URL [jar:file:/home/nick/.gradle/caches/modules-2/files-2.1/com.fasterxml.jackson.core/jackson-databind/2.8.8/bf88c7b27e95cbadce4e7c316a56c3efffda8026/jackson-databind-2.8.8.jar!/com/fasterxml/jackson/databind/ser/impl/ReadOnlyClassToSerializerMap.class], URL [jar:file:/home/nick/.gradle/caches/modules-2/files-2.1/com.fasterxml.jackson.core/jackson-databind/2.8.8/bf88c7b27e95cbadce4e7c316a56c3efffda8026/jackson-databind-2.8.8.jar!/com/fasterxml/jackson/databind/ser/impl/SimpleBeanPropertyFilter$1.class], URL [jar:file:/home/nick/.gradle/caches/modules-2/files-2.1/com.fasterxml.jackson.core/jackson-databind/2.8.8/bf88c7b27e95cbadce4e7c316a56c3efffda8026/jackson-databind-2.8.8.jar!/com/fasterxml/jackson/databind/ser/impl/SimpleBeanPropertyFilter$FilterExceptFilter.class], URL [jar:file:/home/nick/.gradle/caches/modules-2/files-2.1/com.fasterxml.jackson.core/jackson-databind/2.8.8/bf88c7b27e95cbadce4e7c316a56c3efffda8026/jackson-databind-2.8.8.jar!/com/fasterxml/jackson/databind/ser/impl/SimpleBeanPropertyFilter$SerializeExceptFilter.class], URL [jar:file:/home/nick/.gradle/caches/modules-2/files-2.1/com.fasterxml.jackson.core/jackson-databind/2.8.8/bf88c7b27e95cbadce4e7c316a56c3efffda8026/jackson-databind-2.8.8.jar!/com/fasterxml/jackson/databind/ser/impl/SimpleBeanPropertyFilter.class], URL [jar:file:/home/nick/.gradle/caches/modules-2/files-2.1/com.fasterxml.jackson.core/jackson-databind/2.8.8/bf88c7b27e95cbadce4e7c316a56c3efffda8026/jackson-databind-2.8.8.jar!/com/fasterxml/jackson/databind/ser/impl/SimpleFilterProvider.class], URL [jar:file:/home/nick/.gradle/caches/modules-2/files-2.1/com.fasterxml.jackson.core/jackson-databind/2.8.8/bf88c7b27e95cbadce4e7c316a56c3efffda8026/jackson-databind-2.8.8.jar!/com/fasterxml/jackson/databind/ser/impl/StringArraySerializer.class], URL [jar:file:/home/nick/.gradle/caches/modules-2/files-2.1/com.fasterxml.jackson.core/jackson-databind/2.8.8/bf88c7b27e95cbadce4e7c316a56c3efffda8026/jackson-databind-2.8.8.jar!/com/fasterxml/jackson/databind/ser/impl/StringCollectionSerializer.class], URL [jar:file:/home/nick/.gradle/caches/modules-2/files-2.1/com.fasterxml.jackson.core/jackson-databind/2.8.8/bf88c7b27e95cbadce4e7c316a56c3efffda8026/jackson-databind-2.8.8.jar!/com/fasterxml/jackson/databind/ser/impl/TypeWrappedSerializer.class], URL [jar:file:/home/nick/.gradle/caches/modules-2/files-2.1/com.fasterxml.jackson.core/jackson-databind/2.8.8/bf88c7b27e95cbadce4e7c316a56c3efffda8026/jackson-databind-2.8.8.jar!/com/fasterxml/jackson/databind/ser/impl/UnknownSerializer.class], URL [jar:file:/home/nick/.gradle/caches/modules-2/files-2.1/com.fasterxml.jackson.core/jackson-databind/2.8.8/bf88c7b27e95cbadce4e7c316a56c3efffda8026/jackson-databind-2.8.8.jar!/com/fasterxml/jackson/databind/ser/impl/UnwrappingBeanPropertyWriter$1.class], URL [jar:file:/home/nick/.gradle/caches/modules-2/files-2.1/com.fasterxml.jackson.core/jackson-databind/2.8.8/bf88c7b27e95cbadce4e7c316a56c3efffda8026/jackson-databind-2.8.8.jar!/com/fasterxml/jackson/databind/ser/impl/UnwrappingBeanPropertyWriter.class], URL [jar:file:/home/nick/.gradle/caches/modules-2/files-2.1/com.fasterxml.jackson.core/jackson-databind/2.8.8/bf88c7b27e95cbadce4e7c316a56c3efffda8026/jackson-databind-2.8.8.jar!/com/fasterxml/jackson/databind/ser/impl/UnwrappingBeanSerializer.class], URL [jar:file:/home/nick/.gradle/caches/modules-2/files-2.1/com.fasterxml.jackson.core/jackson-databind/2.8.8/bf88c7b27e95cbadce4e7c316a56c3efffda8026/jackson-databind-2.8.8.jar!/com/fasterxml/jackson/databind/ser/impl/WritableObjectId.class], URL [jar:file:/home/nick/.gradle/caches/modules-2/files-2.1/com.fasterxml.jackson.core/jackson-databind/2.8.8/bf88c7b27e95cbadce4e7c316a56c3efffda8026/jackson-databind-2.8.8.jar!/com/fasterxml/jackson/databind/ser/std/ArraySerializerBase.class], URL [jar:file:/home/nick/.gradle/caches/modules-2/files-2.1/com.fasterxml.jackson.core/jackson-databind/2.8.8/bf88c7b27e95cbadce4e7c316a56c3efffda8026/jackson-databind-2.8.8.jar!/com/fasterxml/jackson/databind/ser/std/AsArraySerializerBase.class], URL [jar:file:/home/nick/.gradle/caches/modules-2/files-2.1/com.fasterxml.jackson.core/jackson-databind/2.8.8/bf88c7b27e95cbadce4e7c316a56c3efffda8026/jackson-databind-2.8.8.jar!/com/fasterxml/jackson/databind/ser/std/AtomicReferenceSerializer.class], URL [jar:file:/home/nick/.gradle/caches/modules-2/files-2.1/com.fasterxml.jackson.core/jackson-databind/2.8.8/bf88c7b27e95cbadce4e7c316a56c3efffda8026/jackson-databind-2.8.8.jar!/com/fasterxml/jackson/databind/ser/std/BeanSerializerBase$1.class], URL [jar:file:/home/nick/.gradle/caches/modules-2/files-2.1/com.fasterxml.jackson.core/jackson-databind/2.8.8/bf88c7b27e95cbadce4e7c316a56c3efffda8026/jackson-databind-2.8.8.jar!/com/fasterxml/jackson/databind/ser/std/BeanSerializerBase.class], URL [jar:file:/home/nick/.gradle/caches/modules-2/files-2.1/com.fasterxml.jackson.core/jackson-databind/2.8.8/bf88c7b27e95cbadce4e7c316a56c3efffda8026/jackson-databind-2.8.8.jar!/com/fasterxml/jackson/databind/ser/std/BooleanSerializer.class], URL [jar:file:/home/nick/.gradle/caches/modules-2/files-2.1/com.fasterxml.jackson.core/jackson-databind/2.8.8/bf88c7b27e95cbadce4e7c316a56c3efffda8026/jackson-databind-2.8.8.jar!/com/fasterxml/jackson/databind/ser/std/ByteArraySerializer.class], URL [jar:file:/home/nick/.gradle/caches/modules-2/files-2.1/com.fasterxml.jackson.core/jackson-databind/2.8.8/bf88c7b27e95cbadce4e7c316a56c3efffda8026/jackson-databind-2.8.8.jar!/com/fasterxml/jackson/databind/ser/std/ByteBufferSerializer.class], URL [jar:file:/home/nick/.gradle/caches/modules-2/files-2.1/com.fasterxml.jackson.core/jackson-databind/2.8.8/bf88c7b27e95cbadce4e7c316a56c3efffda8026/jackson-databind-2.8.8.jar!/com/fasterxml/jackson/databind/ser/std/CalendarSerializer.class], URL [jar:file:/home/nick/.gradle/caches/modules-2/files-2.1/com.fasterxml.jackson.core/jackson-databind/2.8.8/bf88c7b27e95cbadce4e7c316a56c3efffda8026/jackson-databind-2.8.8.jar!/com/fasterxml/jackson/databind/ser/std/ClassSerializer.class], URL [jar:file:/home/nick/.gradle/caches/modules-2/files-2.1/com.fasterxml.jackson.core/jackson-databind/2.8.8/bf88c7b27e95cbadce4e7c316a56c3efffda8026/jackson-databind-2.8.8.jar!/com/fasterxml/jackson/databind/ser/std/CollectionSerializer.class], URL [jar:file:/home/nick/.gradle/caches/modules-2/files-2.1/com.fasterxml.jackson.core/jackson-databind/2.8.8/bf88c7b27e95cbadce4e7c316a56c3efffda8026/jackson-databind-2.8.8.jar!/com/fasterxml/jackson/databind/ser/std/DateSerializer.class], URL [jar:file:/home/nick/.gradle/caches/modules-2/files-2.1/com.fasterxml.jackson.core/jackson-databind/2.8.8/bf88c7b27e95cbadce4e7c316a56c3efffda8026/jackson-databind-2.8.8.jar!/com/fasterxml/jackson/databind/ser/std/DateTimeSerializerBase.class], URL [jar:file:/home/nick/.gradle/caches/modules-2/files-2.1/com.fasterxml.jackson.core/jackson-databind/2.8.8/bf88c7b27e95cbadce4e7c316a56c3efffda8026/jackson-databind-2.8.8.jar!/com/fasterxml/jackson/databind/ser/std/EnumSerializer.class], URL [jar:file:/home/nick/.gradle/caches/modules-2/files-2.1/com.fasterxml.jackson.core/jackson-databind/2.8.8/bf88c7b27e95cbadce4e7c316a56c3efffda8026/jackson-databind-2.8.8.jar!/com/fasterxml/jackson/databind/ser/std/EnumSetSerializer.class], URL [jar:file:/home/nick/.gradle/caches/modules-2/files-2.1/com.fasterxml.jackson.core/jackson-databind/2.8.8/bf88c7b27e95cbadce4e7c316a56c3efffda8026/jackson-databind-2.8.8.jar!/com/fasterxml/jackson/databind/ser/std/FileSerializer.class], URL [jar:file:/home/nick/.gradle/caches/modules-2/files-2.1/com.fasterxml.jackson.core/jackson-databind/2.8.8/bf88c7b27e95cbadce4e7c316a56c3efffda8026/jackson-databind-2.8.8.jar!/com/fasterxml/jackson/databind/ser/std/InetAddressSerializer.class], URL [jar:file:/home/nick/.gradle/caches/modules-2/files-2.1/com.fasterxml.jackson.core/jackson-databind/2.8.8/bf88c7b27e95cbadce4e7c316a56c3efffda8026/jackson-databind-2.8.8.jar!/com/fasterxml/jackson/databind/ser/std/InetSocketAddressSerializer.class], URL [jar:file:/home/nick/.gradle/caches/modules-2/files-2.1/com.fasterxml.jackson.core/jackson-databind/2.8.8/bf88c7b27e95cbadce4e7c316a56c3efffda8026/jackson-databind-2.8.8.jar!/com/fasterxml/jackson/databind/ser/std/IterableSerializer.class], URL [jar:file:/home/nick/.gradle/caches/modules-2/files-2.1/com.fasterxml.jackson.core/jackson-databind/2.8.8/bf88c7b27e95cbadce4e7c316a56c3efffda8026/jackson-databind-2.8.8.jar!/com/fasterxml/jackson/databind/ser/std/JsonValueSerializer$TypeSerializerRerouter.class], URL [jar:file:/home/nick/.gradle/caches/modules-2/files-2.1/com.fasterxml.jackson.core/jackson-databind/2.8.8/bf88c7b27e95cbadce4e7c316a56c3efffda8026/jackson-databind-2.8.8.jar!/com/fasterxml/jackson/databind/ser/std/JsonValueSerializer.class], URL [jar:file:/home/nick/.gradle/caches/modules-2/files-2.1/com.fasterxml.jackson.core/jackson-databind/2.8.8/bf88c7b27e95cbadce4e7c316a56c3efffda8026/jackson-databind-2.8.8.jar!/com/fasterxml/jackson/databind/ser/std/MapProperty.class], URL [jar:file:/home/nick/.gradle/caches/modules-2/files-2.1/com.fasterxml.jackson.core/jackson-databind/2.8.8/bf88c7b27e95cbadce4e7c316a56c3efffda8026/jackson-databind-2.8.8.jar!/com/fasterxml/jackson/databind/ser/std/MapSerializer.class], URL [jar:file:/home/nick/.gradle/caches/modules-2/files-2.1/com.fasterxml.jackson.core/jackson-databind/2.8.8/bf88c7b27e95cbadce4e7c316a56c3efffda8026/jackson-databind-2.8.8.jar!/com/fasterxml/jackson/databind/ser/std/NonTypedScalarSerializerBase.class], URL [jar:file:/home/nick/.gradle/caches/modules-2/files-2.1/com.fasterxml.jackson.core/jackson-databind/2.8.8/bf88c7b27e95cbadce4e7c316a56c3efffda8026/jackson-databind-2.8.8.jar!/com/fasterxml/jackson/databind/ser/std/NullSerializer.class], URL [jar:file:/home/nick/.gradle/caches/modules-2/files-2.1/com.fasterxml.jackson.core/jackson-databind/2.8.8/bf88c7b27e95cbadce4e7c316a56c3efffda8026/jackson-databind-2.8.8.jar!/com/fasterxml/jackson/databind/ser/std/NumberSerializer.class], URL [jar:file:/home/nick/.gradle/caches/modules-2/files-2.1/com.fasterxml.jackson.core/jackson-databind/2.8.8/bf88c7b27e95cbadce4e7c316a56c3efffda8026/jackson-databind-2.8.8.jar!/com/fasterxml/jackson/databind/ser/std/NumberSerializers$1.class], URL [jar:file:/home/nick/.gradle/caches/modules-2/files-2.1/com.fasterxml.jackson.core/jackson-databind/2.8.8/bf88c7b27e95cbadce4e7c316a56c3efffda8026/jackson-databind-2.8.8.jar!/com/fasterxml/jackson/databind/ser/std/NumberSerializers$Base.class], URL [jar:file:/home/nick/.gradle/caches/modules-2/files-2.1/com.fasterxml.jackson.core/jackson-databind/2.8.8/bf88c7b27e95cbadce4e7c316a56c3efffda8026/jackson-databind-2.8.8.jar!/com/fasterxml/jackson/databind/ser/std/NumberSerializers$DoubleSerializer.class], URL [jar:file:/home/nick/.gradle/caches/modules-2/files-2.1/com.fasterxml.jackson.core/jackson-databind/2.8.8/bf88c7b27e95cbadce4e7c316a56c3efffda8026/jackson-databind-2.8.8.jar!/com/fasterxml/jackson/databind/ser/std/NumberSerializers$FloatSerializer.class], URL [jar:file:/home/nick/.gradle/caches/modules-2/files-2.1/com.fasterxml.jackson.core/jackson-databind/2.8.8/bf88c7b27e95cbadce4e7c316a56c3efffda8026/jackson-databind-2.8.8.jar!/com/fasterxml/jackson/databind/ser/std/NumberSerializers$IntLikeSerializer.class], URL [jar:file:/home/nick/.gradle/caches/modules-2/files-2.1/com.fasterxml.jackson.core/jackson-databind/2.8.8/bf88c7b27e95cbadce4e7c316a56c3efffda8026/jackson-databind-2.8.8.jar!/com/fasterxml/jackson/databind/ser/std/NumberSerializers$IntegerSerializer.class], URL [jar:file:/home/nick/.gradle/caches/modules-2/files-2.1/com.fasterxml.jackson.core/jackson-databind/2.8.8/bf88c7b27e95cbadce4e7c316a56c3efffda8026/jackson-databind-2.8.8.jar!/com/fasterxml/jackson/databind/ser/std/NumberSerializers$LongSerializer.class], URL [jar:file:/home/nick/.gradle/caches/modules-2/files-2.1/com.fasterxml.jackson.core/jackson-databind/2.8.8/bf88c7b27e95cbadce4e7c316a56c3efffda8026/jackson-databind-2.8.8.jar!/com/fasterxml/jackson/databind/ser/std/NumberSerializers$ShortSerializer.class], URL [jar:file:/home/nick/.gradle/caches/modules-2/files-2.1/com.fasterxml.jackson.core/jackson-databind/2.8.8/bf88c7b27e95cbadce4e7c316a56c3efffda8026/jackson-databind-2.8.8.jar!/com/fasterxml/jackson/databind/ser/std/NumberSerializers.class], URL [jar:file:/home/nick/.gradle/caches/modules-2/files-2.1/com.fasterxml.jackson.core/jackson-databind/2.8.8/bf88c7b27e95cbadce4e7c316a56c3efffda8026/jackson-databind-2.8.8.jar!/com/fasterxml/jackson/databind/ser/std/ObjectArraySerializer.class], URL [jar:file:/home/nick/.gradle/caches/modules-2/files-2.1/com.fasterxml.jackson.core/jackson-databind/2.8.8/bf88c7b27e95cbadce4e7c316a56c3efffda8026/jackson-databind-2.8.8.jar!/com/fasterxml/jackson/databind/ser/std/RawSerializer.class], URL [jar:file:/home/nick/.gradle/caches/modules-2/files-2.1/com.fasterxml.jackson.core/jackson-databind/2.8.8/bf88c7b27e95cbadce4e7c316a56c3efffda8026/jackson-databind-2.8.8.jar!/com/fasterxml/jackson/databind/ser/std/ReferenceTypeSerializer.class], URL [jar:file:/home/nick/.gradle/caches/modules-2/files-2.1/com.fasterxml.jackson.core/jackson-databind/2.8.8/bf88c7b27e95cbadce4e7c316a56c3efffda8026/jackson-databind-2.8.8.jar!/com/fasterxml/jackson/databind/ser/std/SerializableSerializer.class], URL [jar:file:/home/nick/.gradle/caches/modules-2/files-2.1/com.fasterxml.jackson.core/jackson-databind/2.8.8/bf88c7b27e95cbadce4e7c316a56c3efffda8026/jackson-databind-2.8.8.jar!/com/fasterxml/jackson/databind/ser/std/SqlDateSerializer.class], URL [jar:file:/home/nick/.gradle/caches/modules-2/files-2.1/com.fasterxml.jackson.core/jackson-databind/2.8.8/bf88c7b27e95cbadce4e7c316a56c3efffda8026/jackson-databind-2.8.8.jar!/com/fasterxml/jackson/databind/ser/std/SqlTimeSerializer.class], URL [jar:file:/home/nick/.gradle/caches/modules-2/files-2.1/com.fasterxml.jackson.core/jackson-databind/2.8.8/bf88c7b27e95cbadce4e7c316a56c3efffda8026/jackson-databind-2.8.8.jar!/com/fasterxml/jackson/databind/ser/std/StaticListSerializerBase.class], URL [jar:file:/home/nick/.gradle/caches/modules-2/files-2.1/com.fasterxml.jackson.core/jackson-databind/2.8.8/bf88c7b27e95cbadce4e7c316a56c3efffda8026/jackson-databind-2.8.8.jar!/com/fasterxml/jackson/databind/ser/std/StdArraySerializers$BooleanArraySerializer.class], URL [jar:file:/home/nick/.gradle/caches/modules-2/files-2.1/com.fasterxml.jackson.core/jackson-databind/2.8.8/bf88c7b27e95cbadce4e7c316a56c3efffda8026/jackson-databind-2.8.8.jar!/com/fasterxml/jackson/databind/ser/std/StdArraySerializers$CharArraySerializer.class], URL [jar:file:/home/nick/.gradle/caches/modules-2/files-2.1/com.fasterxml.jackson.core/jackson-databind/2.8.8/bf88c7b27e95cbadce4e7c316a56c3efffda8026/jackson-databind-2.8.8.jar!/com/fasterxml/jackson/databind/ser/std/StdArraySerializers$DoubleArraySerializer.class], URL [jar:file:/home/nick/.gradle/caches/modules-2/files-2.1/com.fasterxml.jackson.core/jackson-databind/2.8.8/bf88c7b27e95cbadce4e7c316a56c3efffda8026/jackson-databind-2.8.8.jar!/com/fasterxml/jackson/databind/ser/std/StdArraySerializers$FloatArraySerializer.class], URL [jar:file:/home/nick/.gradle/caches/modules-2/files-2.1/com.fasterxml.jackson.core/jackson-databind/2.8.8/bf88c7b27e95cbadce4e7c316a56c3efffda8026/jackson-databind-2.8.8.jar!/com/fasterxml/jackson/databind/ser/std/StdArraySerializers$IntArraySerializer.class], URL [jar:file:/home/nick/.gradle/caches/modules-2/files-2.1/com.fasterxml.jackson.core/jackson-databind/2.8.8/bf88c7b27e95cbadce4e7c316a56c3efffda8026/jackson-databind-2.8.8.jar!/com/fasterxml/jackson/databind/ser/std/StdArraySerializers$LongArraySerializer.class], URL [jar:file:/home/nick/.gradle/caches/modules-2/files-2.1/com.fasterxml.jackson.core/jackson-databind/2.8.8/bf88c7b27e95cbadce4e7c316a56c3efffda8026/jackson-databind-2.8.8.jar!/com/fasterxml/jackson/databind/ser/std/StdArraySerializers$ShortArraySerializer.class], URL [jar:file:/home/nick/.gradle/caches/modules-2/files-2.1/com.fasterxml.jackson.core/jackson-databind/2.8.8/bf88c7b27e95cbadce4e7c316a56c3efffda8026/jackson-databind-2.8.8.jar!/com/fasterxml/jackson/databind/ser/std/StdArraySerializers$TypedPrimitiveArraySerializer.class], URL [jar:file:/home/nick/.gradle/caches/modules-2/files-2.1/com.fasterxml.jackson.core/jackson-databind/2.8.8/bf88c7b27e95cbadce4e7c316a56c3efffda8026/jackson-databind-2.8.8.jar!/com/fasterxml/jackson/databind/ser/std/StdArraySerializers.class], URL [jar:file:/home/nick/.gradle/caches/modules-2/files-2.1/com.fasterxml.jackson.core/jackson-databind/2.8.8/bf88c7b27e95cbadce4e7c316a56c3efffda8026/jackson-databind-2.8.8.jar!/com/fasterxml/jackson/databind/ser/std/StdDelegatingSerializer.class], URL [jar:file:/home/nick/.gradle/caches/modules-2/files-2.1/com.fasterxml.jackson.core/jackson-databind/2.8.8/bf88c7b27e95cbadce4e7c316a56c3efffda8026/jackson-databind-2.8.8.jar!/com/fasterxml/jackson/databind/ser/std/StdJdkSerializers$AtomicBooleanSerializer.class], URL [jar:file:/home/nick/.gradle/caches/modules-2/files-2.1/com.fasterxml.jackson.core/jackson-databind/2.8.8/bf88c7b27e95cbadce4e7c316a56c3efffda8026/jackson-databind-2.8.8.jar!/com/fasterxml/jackson/databind/ser/std/StdJdkSerializers$AtomicIntegerSerializer.class], URL [jar:file:/home/nick/.gradle/caches/modules-2/files-2.1/com.fasterxml.jackson.core/jackson-databind/2.8.8/bf88c7b27e95cbadce4e7c316a56c3efffda8026/jackson-databind-2.8.8.jar!/com/fasterxml/jackson/databind/ser/std/StdJdkSerializers$AtomicLongSerializer.class], URL [jar:file:/home/nick/.gradle/caches/modules-2/files-2.1/com.fasterxml.jackson.core/jackson-databind/2.8.8/bf88c7b27e95cbadce4e7c316a56c3efffda8026/jackson-databind-2.8.8.jar!/com/fasterxml/jackson/databind/ser/std/StdJdkSerializers.class], URL [jar:file:/home/nick/.gradle/caches/modules-2/files-2.1/com.fasterxml.jackson.core/jackson-databind/2.8.8/bf88c7b27e95cbadce4e7c316a56c3efffda8026/jackson-databind-2.8.8.jar!/com/fasterxml/jackson/databind/ser/std/StdKeySerializer.class], URL [jar:file:/home/nick/.gradle/caches/modules-2/files-2.1/com.fasterxml.jackson.core/jackson-databind/2.8.8/bf88c7b27e95cbadce4e7c316a56c3efffda8026/jackson-databind-2.8.8.jar!/com/fasterxml/jackson/databind/ser/std/StdKeySerializers$Default.class], URL [jar:file:/home/nick/.gradle/caches/modules-2/files-2.1/com.fasterxml.jackson.core/jackson-databind/2.8.8/bf88c7b27e95cbadce4e7c316a56c3efffda8026/jackson-databind-2.8.8.jar!/com/fasterxml/jackson/databind/ser/std/StdKeySerializers$Dynamic.class], URL [jar:file:/home/nick/.gradle/caches/modules-2/files-2.1/com.fasterxml.jackson.core/jackson-databind/2.8.8/bf88c7b27e95cbadce4e7c316a56c3efffda8026/jackson-databind-2.8.8.jar!/com/fasterxml/jackson/databind/ser/std/StdKeySerializers$EnumKeySerializer.class], URL [jar:file:/home/nick/.gradle/caches/modules-2/files-2.1/com.fasterxml.jackson.core/jackson-databind/2.8.8/bf88c7b27e95cbadce4e7c316a56c3efffda8026/jackson-databind-2.8.8.jar!/com/fasterxml/jackson/databind/ser/std/StdKeySerializers$StringKeySerializer.class], URL [jar:file:/home/nick/.gradle/caches/modules-2/files-2.1/com.fasterxml.jackson.core/jackson-databind/2.8.8/bf88c7b27e95cbadce4e7c316a56c3efffda8026/jackson-databind-2.8.8.jar!/com/fasterxml/jackson/databind/ser/std/StdKeySerializers.class], URL [jar:file:/home/nick/.gradle/caches/modules-2/files-2.1/com.fasterxml.jackson.core/jackson-databind/2.8.8/bf88c7b27e95cbadce4e7c316a56c3efffda8026/jackson-databind-2.8.8.jar!/com/fasterxml/jackson/databind/ser/std/StdScalarSerializer.class], URL [jar:file:/home/nick/.gradle/caches/modules-2/files-2.1/com.fasterxml.jackson.core/jackson-databind/2.8.8/bf88c7b27e95cbadce4e7c316a56c3efffda8026/jackson-databind-2.8.8.jar!/com/fasterxml/jackson/databind/ser/std/StdSerializer.class], URL [jar:file:/home/nick/.gradle/caches/modules-2/files-2.1/com.fasterxml.jackson.core/jackson-databind/2.8.8/bf88c7b27e95cbadce4e7c316a56c3efffda8026/jackson-databind-2.8.8.jar!/com/fasterxml/jackson/databind/ser/std/StringSerializer.class], URL [jar:file:/home/nick/.gradle/caches/modules-2/files-2.1/com.fasterxml.jackson.core/jackson-databind/2.8.8/bf88c7b27e95cbadce4e7c316a56c3efffda8026/jackson-databind-2.8.8.jar!/com/fasterxml/jackson/databind/ser/std/TimeZoneSerializer.class], URL [jar:file:/home/nick/.gradle/caches/modules-2/files-2.1/com.fasterxml.jackson.core/jackson-databind/2.8.8/bf88c7b27e95cbadce4e7c316a56c3efffda8026/jackson-databind-2.8.8.jar!/com/fasterxml/jackson/databind/ser/std/ToStringSerializer.class], URL [jar:file:/home/nick/.gradle/caches/modules-2/files-2.1/com.fasterxml.jackson.core/jackson-databind/2.8.8/bf88c7b27e95cbadce4e7c316a56c3efffda8026/jackson-databind-2.8.8.jar!/com/fasterxml/jackson/databind/ser/std/TokenBufferSerializer.class], URL [jar:file:/home/nick/.gradle/caches/modules-2/files-2.1/com.fasterxml.jackson.core/jackson-databind/2.8.8/bf88c7b27e95cbadce4e7c316a56c3efffda8026/jackson-databind-2.8.8.jar!/com/fasterxml/jackson/databind/ser/std/UUIDSerializer.class], URL [jar:file:/home/nick/.gradle/caches/modules-2/files-2.1/com.fasterxml.jackson.core/jackson-databind/2.8.8/bf88c7b27e95cbadce4e7c316a56c3efffda8026/jackson-databind-2.8.8.jar!/com/fasterxml/jackson/databind/type/ArrayType.class], URL [jar:file:/home/nick/.gradle/caches/modules-2/files-2.1/com.fasterxml.jackson.core/jackson-databind/2.8.8/bf88c7b27e95cbadce4e7c316a56c3efffda8026/jackson-databind-2.8.8.jar!/com/fasterxml/jackson/databind/type/ClassKey.class], URL [jar:file:/home/nick/.gradle/caches/modules-2/files-2.1/com.fasterxml.jackson.core/jackson-databind/2.8.8/bf88c7b27e95cbadce4e7c316a56c3efffda8026/jackson-databind-2.8.8.jar!/com/fasterxml/jackson/databind/type/ClassStack.class], URL [jar:file:/home/nick/.gradle/caches/modules-2/files-2.1/com.fasterxml.jackson.core/jackson-databind/2.8.8/bf88c7b27e95cbadce4e7c316a56c3efffda8026/jackson-databind-2.8.8.jar!/com/fasterxml/jackson/databind/type/CollectionLikeType.class], URL [jar:file:/home/nick/.gradle/caches/modules-2/files-2.1/com.fasterxml.jackson.core/jackson-databind/2.8.8/bf88c7b27e95cbadce4e7c316a56c3efffda8026/jackson-databind-2.8.8.jar!/com/fasterxml/jackson/databind/type/CollectionType.class], URL [jar:file:/home/nick/.gradle/caches/modules-2/files-2.1/com.fasterxml.jackson.core/jackson-databind/2.8.8/bf88c7b27e95cbadce4e7c316a56c3efffda8026/jackson-databind-2.8.8.jar!/com/fasterxml/jackson/databind/type/MapLikeType.class], URL [jar:file:/home/nick/.gradle/caches/modules-2/files-2.1/com.fasterxml.jackson.core/jackson-databind/2.8.8/bf88c7b27e95cbadce4e7c316a56c3efffda8026/jackson-databind-2.8.8.jar!/com/fasterxml/jackson/databind/type/MapType.class], URL [jar:file:/home/nick/.gradle/caches/modules-2/files-2.1/com.fasterxml.jackson.core/jackson-databind/2.8.8/bf88c7b27e95cbadce4e7c316a56c3efffda8026/jackson-databind-2.8.8.jar!/com/fasterxml/jackson/databind/type/ReferenceType.class], URL [jar:file:/home/nick/.gradle/caches/modules-2/files-2.1/com.fasterxml.jackson.core/jackson-databind/2.8.8/bf88c7b27e95cbadce4e7c316a56c3efffda8026/jackson-databind-2.8.8.jar!/com/fasterxml/jackson/databind/type/ResolvedRecursiveType.class], URL [jar:file:/home/nick/.gradle/caches/modules-2/files-2.1/com.fasterxml.jackson.core/jackson-databind/2.8.8/bf88c7b27e95cbadce4e7c316a56c3efffda8026/jackson-databind-2.8.8.jar!/com/fasterxml/jackson/databind/type/SimpleType.class], URL [jar:file:/home/nick/.gradle/caches/modules-2/files-2.1/com.fasterxml.jackson.core/jackson-databind/2.8.8/bf88c7b27e95cbadce4e7c316a56c3efffda8026/jackson-databind-2.8.8.jar!/com/fasterxml/jackson/databind/type/TypeBase.class], URL [jar:file:/home/nick/.gradle/caches/modules-2/files-2.1/com.fasterxml.jackson.core/jackson-databind/2.8.8/bf88c7b27e95cbadce4e7c316a56c3efffda8026/jackson-databind-2.8.8.jar!/com/fasterxml/jackson/databind/type/TypeBindings$AsKey.class], URL [jar:file:/home/nick/.gradle/caches/modules-2/files-2.1/com.fasterxml.jackson.core/jackson-databind/2.8.8/bf88c7b27e95cbadce4e7c316a56c3efffda8026/jackson-databind-2.8.8.jar!/com/fasterxml/jackson/databind/type/TypeBindings$TypeParamStash.class], URL [jar:file:/home/nick/.gradle/caches/modules-2/files-2.1/com.fasterxml.jackson.core/jackson-databind/2.8.8/bf88c7b27e95cbadce4e7c316a56c3efffda8026/jackson-databind-2.8.8.jar!/com/fasterxml/jackson/databind/type/TypeBindings.class], URL [jar:file:/home/nick/.gradle/caches/modules-2/files-2.1/com.fasterxml.jackson.core/jackson-databind/2.8.8/bf88c7b27e95cbadce4e7c316a56c3efffda8026/jackson-databind-2.8.8.jar!/com/fasterxml/jackson/databind/type/TypeFactory.class], URL [jar:file:/home/nick/.gradle/caches/modules-2/files-2.1/com.fasterxml.jackson.core/jackson-databind/2.8.8/bf88c7b27e95cbadce4e7c316a56c3efffda8026/jackson-databind-2.8.8.jar!/com/fasterxml/jackson/databind/type/TypeModifier.class], URL [jar:file:/home/nick/.gradle/caches/modules-2/files-2.1/com.fasterxml.jackson.core/jackson-databind/2.8.8/bf88c7b27e95cbadce4e7c316a56c3efffda8026/jackson-databind-2.8.8.jar!/com/fasterxml/jackson/databind/type/TypeParser$MyTokenizer.class], URL [jar:file:/home/nick/.gradle/caches/modules-2/files-2.1/com.fasterxml.jackson.core/jackson-databind/2.8.8/bf88c7b27e95cbadce4e7c316a56c3efffda8026/jackson-databind-2.8.8.jar!/com/fasterxml/jackson/databind/type/TypeParser.class], URL [jar:file:/home/nick/.gradle/caches/modules-2/files-2.1/com.fasterxml.jackson.core/jackson-databind/2.8.8/bf88c7b27e95cbadce4e7c316a56c3efffda8026/jackson-databind-2.8.8.jar!/com/fasterxml/jackson/databind/util/Annotations.class], URL [jar:file:/home/nick/.gradle/caches/modules-2/files-2.1/com.fasterxml.jackson.core/jackson-databind/2.8.8/bf88c7b27e95cbadce4e7c316a56c3efffda8026/jackson-databind-2.8.8.jar!/com/fasterxml/jackson/databind/util/ArrayBuilders$1.class], URL [jar:file:/home/nick/.gradle/caches/modules-2/files-2.1/com.fasterxml.jackson.core/jackson-databind/2.8.8/bf88c7b27e95cbadce4e7c316a56c3efffda8026/jackson-databind-2.8.8.jar!/com/fasterxml/jackson/databind/util/ArrayBuilders$BooleanBuilder.class], URL [jar:file:/home/nick/.gradle/caches/modules-2/files-2.1/com.fasterxml.jackson.core/jackson-databind/2.8.8/bf88c7b27e95cbadce4e7c316a56c3efffda8026/jackson-databind-2.8.8.jar!/com/fasterxml/jackson/databind/util/ArrayBuilders$ByteBuilder.class], URL [jar:file:/home/nick/.gradle/caches/modules-2/files-2.1/com.fasterxml.jackson.core/jackson-databind/2.8.8/bf88c7b27e95cbadce4e7c316a56c3efffda8026/jackson-databind-2.8.8.jar!/com/fasterxml/jackson/databind/util/ArrayBuilders$DoubleBuilder.class], URL [jar:file:/home/nick/.gradle/caches/modules-2/files-2.1/com.fasterxml.jackson.core/jackson-databind/2.8.8/bf88c7b27e95cbadce4e7c316a56c3efffda8026/jackson-databind-2.8.8.jar!/com/fasterxml/jackson/databind/util/ArrayBuilders$FloatBuilder.class], URL [jar:file:/home/nick/.gradle/caches/modules-2/files-2.1/com.fasterxml.jackson.core/jackson-databind/2.8.8/bf88c7b27e95cbadce4e7c316a56c3efffda8026/jackson-databind-2.8.8.jar!/com/fasterxml/jackson/databind/util/ArrayBuilders$IntBuilder.class], URL [jar:file:/home/nick/.gradle/caches/modules-2/files-2.1/com.fasterxml.jackson.core/jackson-databind/2.8.8/bf88c7b27e95cbadce4e7c316a56c3efffda8026/jackson-databind-2.8.8.jar!/com/fasterxml/jackson/databind/util/ArrayBuilders$LongBuilder.class], URL [jar:file:/home/nick/.gradle/caches/modules-2/files-2.1/com.fasterxml.jackson.core/jackson-databind/2.8.8/bf88c7b27e95cbadce4e7c316a56c3efffda8026/jackson-databind-2.8.8.jar!/com/fasterxml/jackson/databind/util/ArrayBuilders$ShortBuilder.class], URL [jar:file:/home/nick/.gradle/caches/modules-2/files-2.1/com.fasterxml.jackson.core/jackson-databind/2.8.8/bf88c7b27e95cbadce4e7c316a56c3efffda8026/jackson-databind-2.8.8.jar!/com/fasterxml/jackson/databind/util/ArrayBuilders.class], URL [jar:file:/home/nick/.gradle/caches/modules-2/files-2.1/com.fasterxml.jackson.core/jackson-databind/2.8.8/bf88c7b27e95cbadce4e7c316a56c3efffda8026/jackson-databind-2.8.8.jar!/com/fasterxml/jackson/databind/util/ArrayIterator.class], URL [jar:file:/home/nick/.gradle/caches/modules-2/files-2.1/com.fasterxml.jackson.core/jackson-databind/2.8.8/bf88c7b27e95cbadce4e7c316a56c3efffda8026/jackson-databind-2.8.8.jar!/com/fasterxml/jackson/databind/util/BeanUtil.class], URL [jar:file:/home/nick/.gradle/caches/modules-2/files-2.1/com.fasterxml.jackson.core/jackson-databind/2.8.8/bf88c7b27e95cbadce4e7c316a56c3efffda8026/jackson-databind-2.8.8.jar!/com/fasterxml/jackson/databind/util/ByteBufferBackedInputStream.class], URL [jar:file:/home/nick/.gradle/caches/modules-2/files-2.1/com.fasterxml.jackson.core/jackson-databind/2.8.8/bf88c7b27e95cbadce4e7c316a56c3efffda8026/jackson-databind-2.8.8.jar!/com/fasterxml/jackson/databind/util/ByteBufferBackedOutputStream.class], URL [jar:file:/home/nick/.gradle/caches/modules-2/files-2.1/com.fasterxml.jackson.core/jackson-databind/2.8.8/bf88c7b27e95cbadce4e7c316a56c3efffda8026/jackson-databind-2.8.8.jar!/com/fasterxml/jackson/databind/util/ClassUtil$1.class], URL [jar:file:/home/nick/.gradle/caches/modules-2/files-2.1/com.fasterxml.jackson.core/jackson-databind/2.8.8/bf88c7b27e95cbadce4e7c316a56c3efffda8026/jackson-databind-2.8.8.jar!/com/fasterxml/jackson/databind/util/ClassUtil$Ctor.class], URL [jar:file:/home/nick/.gradle/caches/modules-2/files-2.1/com.fasterxml.jackson.core/jackson-databind/2.8.8/bf88c7b27e95cbadce4e7c316a56c3efffda8026/jackson-databind-2.8.8.jar!/com/fasterxml/jackson/databind/util/ClassUtil$EmptyIterator.class], URL [jar:file:/home/nick/.gradle/caches/modules-2/files-2.1/com.fasterxml.jackson.core/jackson-databind/2.8.8/bf88c7b27e95cbadce4e7c316a56c3efffda8026/jackson-databind-2.8.8.jar!/com/fasterxml/jackson/databind/util/ClassUtil$EnumTypeLocator.class], URL [jar:file:/home/nick/.gradle/caches/modules-2/files-2.1/com.fasterxml.jackson.core/jackson-databind/2.8.8/bf88c7b27e95cbadce4e7c316a56c3efffda8026/jackson-databind-2.8.8.jar!/com/fasterxml/jackson/databind/util/ClassUtil.class], URL [jar:file:/home/nick/.gradle/caches/modules-2/files-2.1/com.fasterxml.jackson.core/jackson-databind/2.8.8/bf88c7b27e95cbadce4e7c316a56c3efffda8026/jackson-databind-2.8.8.jar!/com/fasterxml/jackson/databind/util/CompactStringObjectMap.class], URL [jar:file:/home/nick/.gradle/caches/modules-2/files-2.1/com.fasterxml.jackson.core/jackson-databind/2.8.8/bf88c7b27e95cbadce4e7c316a56c3efffda8026/jackson-databind-2.8.8.jar!/com/fasterxml/jackson/databind/util/Converter$None.class], URL [jar:file:/home/nick/.gradle/caches/modules-2/files-2.1/com.fasterxml.jackson.core/jackson-databind/2.8.8/bf88c7b27e95cbadce4e7c316a56c3efffda8026/jackson-databind-2.8.8.jar!/com/fasterxml/jackson/databind/util/Converter.class], URL [jar:file:/home/nick/.gradle/caches/modules-2/files-2.1/com.fasterxml.jackson.core/jackson-databind/2.8.8/bf88c7b27e95cbadce4e7c316a56c3efffda8026/jackson-databind-2.8.8.jar!/com/fasterxml/jackson/databind/util/EnumResolver.class], URL [jar:file:/home/nick/.gradle/caches/modules-2/files-2.1/com.fasterxml.jackson.core/jackson-databind/2.8.8/bf88c7b27e95cbadce4e7c316a56c3efffda8026/jackson-databind-2.8.8.jar!/com/fasterxml/jackson/databind/util/EnumValues.class], URL [jar:file:/home/nick/.gradle/caches/modules-2/files-2.1/com.fasterxml.jackson.core/jackson-databind/2.8.8/bf88c7b27e95cbadce4e7c316a56c3efffda8026/jackson-databind-2.8.8.jar!/com/fasterxml/jackson/databind/util/ISO8601DateFormat.class], URL [jar:file:/home/nick/.gradle/caches/modules-2/files-2.1/com.fasterxml.jackson.core/jackson-databind/2.8.8/bf88c7b27e95cbadce4e7c316a56c3efffda8026/jackson-databind-2.8.8.jar!/com/fasterxml/jackson/databind/util/ISO8601Utils.class], URL [jar:file:/home/nick/.gradle/caches/modules-2/files-2.1/com.fasterxml.jackson.core/jackson-databind/2.8.8/bf88c7b27e95cbadce4e7c316a56c3efffda8026/jackson-databind-2.8.8.jar!/com/fasterxml/jackson/databind/util/JSONPObject.class], URL [jar:file:/home/nick/.gradle/caches/modules-2/files-2.1/com.fasterxml.jackson.core/jackson-databind/2.8.8/bf88c7b27e95cbadce4e7c316a56c3efffda8026/jackson-databind-2.8.8.jar!/com/fasterxml/jackson/databind/util/JSONWrappedObject.class], URL [jar:file:/home/nick/.gradle/caches/modules-2/files-2.1/com.fasterxml.jackson.core/jackson-databind/2.8.8/bf88c7b27e95cbadce4e7c316a56c3efffda8026/jackson-databind-2.8.8.jar!/com/fasterxml/jackson/databind/util/LRUMap.class], URL [jar:file:/home/nick/.gradle/caches/modules-2/files-2.1/com.fasterxml.jackson.core/jackson-databind/2.8.8/bf88c7b27e95cbadce4e7c316a56c3efffda8026/jackson-databind-2.8.8.jar!/com/fasterxml/jackson/databind/util/LinkedNode.class], URL [jar:file:/home/nick/.gradle/caches/modules-2/files-2.1/com.fasterxml.jackson.core/jackson-databind/2.8.8/bf88c7b27e95cbadce4e7c316a56c3efffda8026/jackson-databind-2.8.8.jar!/com/fasterxml/jackson/databind/util/NameTransformer$1.class], URL [jar:file:/home/nick/.gradle/caches/modules-2/files-2.1/com.fasterxml.jackson.core/jackson-databind/2.8.8/bf88c7b27e95cbadce4e7c316a56c3efffda8026/jackson-databind-2.8.8.jar!/com/fasterxml/jackson/databind/util/NameTransformer$2.class], URL [jar:file:/home/nick/.gradle/caches/modules-2/files-2.1/com.fasterxml.jackson.core/jackson-databind/2.8.8/bf88c7b27e95cbadce4e7c316a56c3efffda8026/jackson-databind-2.8.8.jar!/com/fasterxml/jackson/databind/util/NameTransformer$3.class], URL [jar:file:/home/nick/.gradle/caches/modules-2/files-2.1/com.fasterxml.jackson.core/jackson-databind/2.8.8/bf88c7b27e95cbadce4e7c316a56c3efffda8026/jackson-databind-2.8.8.jar!/com/fasterxml/jackson/databind/util/NameTransformer$Chained.class], URL [jar:file:/home/nick/.gradle/caches/modules-2/files-2.1/com.fasterxml.jackson.core/jackson-databind/2.8.8/bf88c7b27e95cbadce4e7c316a56c3efffda8026/jackson-databind-2.8.8.jar!/com/fasterxml/jackson/databind/util/NameTransformer$NopTransformer.class], URL [jar:file:/home/nick/.gradle/caches/modules-2/files-2.1/com.fasterxml.jackson.core/jackson-databind/2.8.8/bf88c7b27e95cbadce4e7c316a56c3efffda8026/jackson-databind-2.8.8.jar!/com/fasterxml/jackson/databind/util/NameTransformer.class], URL [jar:file:/home/nick/.gradle/caches/modules-2/files-2.1/com.fasterxml.jackson.core/jackson-databind/2.8.8/bf88c7b27e95cbadce4e7c316a56c3efffda8026/jackson-databind-2.8.8.jar!/com/fasterxml/jackson/databind/util/Named.class], URL [jar:file:/home/nick/.gradle/caches/modules-2/files-2.1/com.fasterxml.jackson.core/jackson-databind/2.8.8/bf88c7b27e95cbadce4e7c316a56c3efffda8026/jackson-databind-2.8.8.jar!/com/fasterxml/jackson/databind/util/ObjectBuffer.class], URL [jar:file:/home/nick/.gradle/caches/modules-2/files-2.1/com.fasterxml.jackson.core/jackson-databind/2.8.8/bf88c7b27e95cbadce4e7c316a56c3efffda8026/jackson-databind-2.8.8.jar!/com/fasterxml/jackson/databind/util/PrimitiveArrayBuilder$Node.class], URL [jar:file:/home/nick/.gradle/caches/modules-2/files-2.1/com.fasterxml.jackson.core/jackson-databind/2.8.8/bf88c7b27e95cbadce4e7c316a56c3efffda8026/jackson-databind-2.8.8.jar!/com/fasterxml/jackson/databind/util/PrimitiveArrayBuilder.class], URL [jar:file:/home/nick/.gradle/caches/modules-2/files-2.1/com.fasterxml.jackson.core/jackson-databind/2.8.8/bf88c7b27e95cbadce4e7c316a56c3efffda8026/jackson-databind-2.8.8.jar!/com/fasterxml/jackson/databind/util/RawValue.class], URL [jar:file:/home/nick/.gradle/caches/modules-2/files-2.1/com.fasterxml.jackson.core/jackson-databind/2.8.8/bf88c7b27e95cbadce4e7c316a56c3efffda8026/jackson-databind-2.8.8.jar!/com/fasterxml/jackson/databind/util/RootNameLookup.class], URL [jar:file:/home/nick/.gradle/caches/modules-2/files-2.1/com.fasterxml.jackson.core/jackson-databind/2.8.8/bf88c7b27e95cbadce4e7c316a56c3efffda8026/jackson-databind-2.8.8.jar!/com/fasterxml/jackson/databind/util/SimpleBeanPropertyDefinition.class], URL [jar:file:/home/nick/.gradle/caches/modules-2/files-2.1/com.fasterxml.jackson.core/jackson-databind/2.8.8/bf88c7b27e95cbadce4e7c316a56c3efffda8026/jackson-databind-2.8.8.jar!/com/fasterxml/jackson/databind/util/StdConverter.class], URL [jar:file:/home/nick/.gradle/caches/modules-2/files-2.1/com.fasterxml.jackson.core/jackson-databind/2.8.8/bf88c7b27e95cbadce4e7c316a56c3efffda8026/jackson-databind-2.8.8.jar!/com/fasterxml/jackson/databind/util/StdDateFormat.class], URL [jar:file:/home/nick/.gradle/caches/modules-2/files-2.1/com.fasterxml.jackson.core/jackson-databind/2.8.8/bf88c7b27e95cbadce4e7c316a56c3efffda8026/jackson-databind-2.8.8.jar!/com/fasterxml/jackson/databind/util/TokenBuffer$1.class], URL [jar:file:/home/nick/.gradle/caches/modules-2/files-2.1/com.fasterxml.jackson.core/jackson-databind/2.8.8/bf88c7b27e95cbadce4e7c316a56c3efffda8026/jackson-databind-2.8.8.jar!/com/fasterxml/jackson/databind/util/TokenBuffer$Parser.class], URL [jar:file:/home/nick/.gradle/caches/modules-2/files-2.1/com.fasterxml.jackson.core/jackson-databind/2.8.8/bf88c7b27e95cbadce4e7c316a56c3efffda8026/jackson-databind-2.8.8.jar!/com/fasterxml/jackson/databind/util/TokenBuffer$Segment.class], URL [jar:file:/home/nick/.gradle/caches/modules-2/files-2.1/com.fasterxml.jackson.core/jackson-databind/2.8.8/bf88c7b27e95cbadce4e7c316a56c3efffda8026/jackson-databind-2.8.8.jar!/com/fasterxml/jackson/databind/util/TokenBuffer.class], URL [jar:file:/home/nick/.gradle/caches/modules-2/files-2.1/com.fasterxml.jackson.core/jackson-databind/2.8.8/bf88c7b27e95cbadce4e7c316a56c3efffda8026/jackson-databind-2.8.8.jar!/com/fasterxml/jackson/databind/util/TypeKey.class], URL [jar:file:/home/nick/.gradle/caches/modules-2/files-2.1/com.fasterxml.jackson.core/jackson-databind/2.8.8/bf88c7b27e95cbadce4e7c316a56c3efffda8026/jackson-databind-2.8.8.jar!/com/fasterxml/jackson/databind/util/ViewMatcher$Multi.class], URL [jar:file:/home/nick/.gradle/caches/modules-2/files-2.1/com.fasterxml.jackson.core/jackson-databind/2.8.8/bf88c7b27e95cbadce4e7c316a56c3efffda8026/jackson-databind-2.8.8.jar!/com/fasterxml/jackson/databind/util/ViewMatcher$Single.class], URL [jar:file:/home/nick/.gradle/caches/modules-2/files-2.1/com.fasterxml.jackson.core/jackson-databind/2.8.8/bf88c7b27e95cbadce4e7c316a56c3efffda8026/jackson-databind-2.8.8.jar!/com/fasterxml/jackson/databind/util/ViewMatcher.class], URL [jar:file:/home/nick/.gradle/caches/modules-2/files-2.1/com.fasterxml.jackson.core/jackson-core/2.8.8/d478fb6de45a7c3d2cad07c8ad70c7f0a797a020/jackson-core-2.8.8.jar!/com/fasterxml/jackson/core/Base64Variant.class], URL [jar:file:/home/nick/.gradle/caches/modules-2/files-2.1/com.fasterxml.jackson.core/jackson-core/2.8.8/d478fb6de45a7c3d2cad07c8ad70c7f0a797a020/jackson-core-2.8.8.jar!/com/fasterxml/jackson/core/Base64Variants.class], URL [jar:file:/home/nick/.gradle/caches/modules-2/files-2.1/com.fasterxml.jackson.core/jackson-core/2.8.8/d478fb6de45a7c3d2cad07c8ad70c7f0a797a020/jackson-core-2.8.8.jar!/com/fasterxml/jackson/core/FormatFeature.class], URL [jar:file:/home/nick/.gradle/caches/modules-2/files-2.1/com.fasterxml.jackson.core/jackson-core/2.8.8/d478fb6de45a7c3d2cad07c8ad70c7f0a797a020/jackson-core-2.8.8.jar!/com/fasterxml/jackson/core/FormatSchema.class], URL [jar:file:/home/nick/.gradle/caches/modules-2/files-2.1/com.fasterxml.jackson.core/jackson-core/2.8.8/d478fb6de45a7c3d2cad07c8ad70c7f0a797a020/jackson-core-2.8.8.jar!/com/fasterxml/jackson/core/JsonEncoding.class], URL [jar:file:/home/nick/.gradle/caches/modules-2/files-2.1/com.fasterxml.jackson.core/jackson-core/2.8.8/d478fb6de45a7c3d2cad07c8ad70c7f0a797a020/jackson-core-2.8.8.jar!/com/fasterxml/jackson/core/JsonFactory$Feature.class], URL [jar:file:/home/nick/.gradle/caches/modules-2/files-2.1/com.fasterxml.jackson.core/jackson-core/2.8.8/d478fb6de45a7c3d2cad07c8ad70c7f0a797a020/jackson-core-2.8.8.jar!/com/fasterxml/jackson/core/JsonFactory.class], URL [jar:file:/home/nick/.gradle/caches/modules-2/files-2.1/com.fasterxml.jackson.core/jackson-core/2.8.8/d478fb6de45a7c3d2cad07c8ad70c7f0a797a020/jackson-core-2.8.8.jar!/com/fasterxml/jackson/core/JsonGenerationException.class], URL [jar:file:/home/nick/.gradle/caches/modules-2/files-2.1/com.fasterxml.jackson.core/jackson-core/2.8.8/d478fb6de45a7c3d2cad07c8ad70c7f0a797a020/jackson-core-2.8.8.jar!/com/fasterxml/jackson/core/JsonGenerator$Feature.class], URL [jar:file:/home/nick/.gradle/caches/modules-2/files-2.1/com.fasterxml.jackson.core/jackson-core/2.8.8/d478fb6de45a7c3d2cad07c8ad70c7f0a797a020/jackson-core-2.8.8.jar!/com/fasterxml/jackson/core/JsonGenerator.class], URL [jar:file:/home/nick/.gradle/caches/modules-2/files-2.1/com.fasterxml.jackson.core/jackson-core/2.8.8/d478fb6de45a7c3d2cad07c8ad70c7f0a797a020/jackson-core-2.8.8.jar!/com/fasterxml/jackson/core/JsonLocation.class], URL [jar:file:/home/nick/.gradle/caches/modules-2/files-2.1/com.fasterxml.jackson.core/jackson-core/2.8.8/d478fb6de45a7c3d2cad07c8ad70c7f0a797a020/jackson-core-2.8.8.jar!/com/fasterxml/jackson/core/JsonParseException.class], URL [jar:file:/home/nick/.gradle/caches/modules-2/files-2.1/com.fasterxml.jackson.core/jackson-core/2.8.8/d478fb6de45a7c3d2cad07c8ad70c7f0a797a020/jackson-core-2.8.8.jar!/com/fasterxml/jackson/core/JsonParser$Feature.class], URL [jar:file:/home/nick/.gradle/caches/modules-2/files-2.1/com.fasterxml.jackson.core/jackson-core/2.8.8/d478fb6de45a7c3d2cad07c8ad70c7f0a797a020/jackson-core-2.8.8.jar!/com/fasterxml/jackson/core/JsonParser$NumberType.class], URL [jar:file:/home/nick/.gradle/caches/modules-2/files-2.1/com.fasterxml.jackson.core/jackson-core/2.8.8/d478fb6de45a7c3d2cad07c8ad70c7f0a797a020/jackson-core-2.8.8.jar!/com/fasterxml/jackson/core/JsonParser.class], URL [jar:file:/home/nick/.gradle/caches/modules-2/files-2.1/com.fasterxml.jackson.core/jackson-core/2.8.8/d478fb6de45a7c3d2cad07c8ad70c7f0a797a020/jackson-core-2.8.8.jar!/com/fasterxml/jackson/core/JsonPointer.class], URL [jar:file:/home/nick/.gradle/caches/modules-2/files-2.1/com.fasterxml.jackson.core/jackson-core/2.8.8/d478fb6de45a7c3d2cad07c8ad70c7f0a797a020/jackson-core-2.8.8.jar!/com/fasterxml/jackson/core/JsonProcessingException.class], URL [jar:file:/home/nick/.gradle/caches/modules-2/files-2.1/com.fasterxml.jackson.core/jackson-core/2.8.8/d478fb6de45a7c3d2cad07c8ad70c7f0a797a020/jackson-core-2.8.8.jar!/com/fasterxml/jackson/core/JsonStreamContext.class], URL [jar:file:/home/nick/.gradle/caches/modules-2/files-2.1/com.fasterxml.jackson.core/jackson-core/2.8.8/d478fb6de45a7c3d2cad07c8ad70c7f0a797a020/jackson-core-2.8.8.jar!/com/fasterxml/jackson/core/JsonToken.class], URL [jar:file:/home/nick/.gradle/caches/modules-2/files-2.1/com.fasterxml.jackson.core/jackson-core/2.8.8/d478fb6de45a7c3d2cad07c8ad70c7f0a797a020/jackson-core-2.8.8.jar!/com/fasterxml/jackson/core/JsonTokenId.class], URL [jar:file:/home/nick/.gradle/caches/modules-2/files-2.1/com.fasterxml.jackson.core/jackson-core/2.8.8/d478fb6de45a7c3d2cad07c8ad70c7f0a797a020/jackson-core-2.8.8.jar!/com/fasterxml/jackson/core/JsonpCharacterEscapes.class], URL [jar:file:/home/nick/.gradle/caches/modules-2/files-2.1/com.fasterxml.jackson.core/jackson-core/2.8.8/d478fb6de45a7c3d2cad07c8ad70c7f0a797a020/jackson-core-2.8.8.jar!/com/fasterxml/jackson/core/ObjectCodec.class], URL [jar:file:/home/nick/.gradle/caches/modules-2/files-2.1/com.fasterxml.jackson.core/jackson-core/2.8.8/d478fb6de45a7c3d2cad07c8ad70c7f0a797a020/jackson-core-2.8.8.jar!/com/fasterxml/jackson/core/PrettyPrinter.class], URL [jar:file:/home/nick/.gradle/caches/modules-2/files-2.1/com.fasterxml.jackson.core/jackson-core/2.8.8/d478fb6de45a7c3d2cad07c8ad70c7f0a797a020/jackson-core-2.8.8.jar!/com/fasterxml/jackson/core/SerializableString.class], URL [jar:file:/home/nick/.gradle/caches/modules-2/files-2.1/com.fasterxml.jackson.core/jackson-core/2.8.8/d478fb6de45a7c3d2cad07c8ad70c7f0a797a020/jackson-core-2.8.8.jar!/com/fasterxml/jackson/core/TreeCodec.class], URL [jar:file:/home/nick/.gradle/caches/modules-2/files-2.1/com.fasterxml.jackson.core/jackson-core/2.8.8/d478fb6de45a7c3d2cad07c8ad70c7f0a797a020/jackson-core-2.8.8.jar!/com/fasterxml/jackson/core/TreeNode.class], URL [jar:file:/home/nick/.gradle/caches/modules-2/files-2.1/com.fasterxml.jackson.core/jackson-core/2.8.8/d478fb6de45a7c3d2cad07c8ad70c7f0a797a020/jackson-core-2.8.8.jar!/com/fasterxml/jackson/core/Version.class], URL [jar:file:/home/nick/.gradle/caches/modules-2/files-2.1/com.fasterxml.jackson.core/jackson-core/2.8.8/d478fb6de45a7c3d2cad07c8ad70c7f0a797a020/jackson-core-2.8.8.jar!/com/fasterxml/jackson/core/Versioned.class], URL [jar:file:/home/nick/.gradle/caches/modules-2/files-2.1/com.fasterxml.jackson.core/jackson-core/2.8.8/d478fb6de45a7c3d2cad07c8ad70c7f0a797a020/jackson-core-2.8.8.jar!/com/fasterxml/jackson/core/base/GeneratorBase.class], URL [jar:file:/home/nick/.gradle/caches/modules-2/files-2.1/com.fasterxml.jackson.core/jackson-core/2.8.8/d478fb6de45a7c3d2cad07c8ad70c7f0a797a020/jackson-core-2.8.8.jar!/com/fasterxml/jackson/core/base/ParserBase.class], URL [jar:file:/home/nick/.gradle/caches/modules-2/files-2.1/com.fasterxml.jackson.core/jackson-core/2.8.8/d478fb6de45a7c3d2cad07c8ad70c7f0a797a020/jackson-core-2.8.8.jar!/com/fasterxml/jackson/core/base/ParserMinimalBase.class], URL [jar:file:/home/nick/.gradle/caches/modules-2/files-2.1/com.fasterxml.jackson.core/jackson-core/2.8.8/d478fb6de45a7c3d2cad07c8ad70c7f0a797a020/jackson-core-2.8.8.jar!/com/fasterxml/jackson/core/filter/FilteringGeneratorDelegate.class], URL [jar:file:/home/nick/.gradle/caches/modules-2/files-2.1/com.fasterxml.jackson.core/jackson-core/2.8.8/d478fb6de45a7c3d2cad07c8ad70c7f0a797a020/jackson-core-2.8.8.jar!/com/fasterxml/jackson/core/filter/FilteringParserDelegate.class], URL [jar:file:/home/nick/.gradle/caches/modules-2/files-2.1/com.fasterxml.jackson.core/jackson-core/2.8.8/d478fb6de45a7c3d2cad07c8ad70c7f0a797a020/jackson-core-2.8.8.jar!/com/fasterxml/jackson/core/filter/JsonPointerBasedFilter.class], URL [jar:file:/home/nick/.gradle/caches/modules-2/files-2.1/com.fasterxml.jackson.core/jackson-core/2.8.8/d478fb6de45a7c3d2cad07c8ad70c7f0a797a020/jackson-core-2.8.8.jar!/com/fasterxml/jackson/core/filter/TokenFilter.class], URL [jar:file:/home/nick/.gradle/caches/modules-2/files-2.1/com.fasterxml.jackson.core/jackson-core/2.8.8/d478fb6de45a7c3d2cad07c8ad70c7f0a797a020/jackson-core-2.8.8.jar!/com/fasterxml/jackson/core/filter/TokenFilterContext.class], URL [jar:file:/home/nick/.gradle/caches/modules-2/files-2.1/com.fasterxml.jackson.core/jackson-core/2.8.8/d478fb6de45a7c3d2cad07c8ad70c7f0a797a020/jackson-core-2.8.8.jar!/com/fasterxml/jackson/core/format/DataFormatDetector.class], URL [jar:file:/home/nick/.gradle/caches/modules-2/files-2.1/com.fasterxml.jackson.core/jackson-core/2.8.8/d478fb6de45a7c3d2cad07c8ad70c7f0a797a020/jackson-core-2.8.8.jar!/com/fasterxml/jackson/core/format/DataFormatMatcher.class], URL [jar:file:/home/nick/.gradle/caches/modules-2/files-2.1/com.fasterxml.jackson.core/jackson-core/2.8.8/d478fb6de45a7c3d2cad07c8ad70c7f0a797a020/jackson-core-2.8.8.jar!/com/fasterxml/jackson/core/format/InputAccessor$Std.class], URL [jar:file:/home/nick/.gradle/caches/modules-2/files-2.1/com.fasterxml.jackson.core/jackson-core/2.8.8/d478fb6de45a7c3d2cad07c8ad70c7f0a797a020/jackson-core-2.8.8.jar!/com/fasterxml/jackson/core/format/InputAccessor.class], URL [jar:file:/home/nick/.gradle/caches/modules-2/files-2.1/com.fasterxml.jackson.core/jackson-core/2.8.8/d478fb6de45a7c3d2cad07c8ad70c7f0a797a020/jackson-core-2.8.8.jar!/com/fasterxml/jackson/core/format/MatchStrength.class], URL [jar:file:/home/nick/.gradle/caches/modules-2/files-2.1/com.fasterxml.jackson.core/jackson-core/2.8.8/d478fb6de45a7c3d2cad07c8ad70c7f0a797a020/jackson-core-2.8.8.jar!/com/fasterxml/jackson/core/io/CharTypes.class], URL [jar:file:/home/nick/.gradle/caches/modules-2/files-2.1/com.fasterxml.jackson.core/jackson-core/2.8.8/d478fb6de45a7c3d2cad07c8ad70c7f0a797a020/jackson-core-2.8.8.jar!/com/fasterxml/jackson/core/io/CharacterEscapes.class], URL [jar:file:/home/nick/.gradle/caches/modules-2/files-2.1/com.fasterxml.jackson.core/jackson-core/2.8.8/d478fb6de45a7c3d2cad07c8ad70c7f0a797a020/jackson-core-2.8.8.jar!/com/fasterxml/jackson/core/io/DataOutputAsStream.class], URL [jar:file:/home/nick/.gradle/caches/modules-2/files-2.1/com.fasterxml.jackson.core/jackson-core/2.8.8/d478fb6de45a7c3d2cad07c8ad70c7f0a797a020/jackson-core-2.8.8.jar!/com/fasterxml/jackson/core/io/IOContext.class], URL [jar:file:/home/nick/.gradle/caches/modules-2/files-2.1/com.fasterxml.jackson.core/jackson-core/2.8.8/d478fb6de45a7c3d2cad07c8ad70c7f0a797a020/jackson-core-2.8.8.jar!/com/fasterxml/jackson/core/io/InputDecorator.class], URL [jar:file:/home/nick/.gradle/caches/modules-2/files-2.1/com.fasterxml.jackson.core/jackson-core/2.8.8/d478fb6de45a7c3d2cad07c8ad70c7f0a797a020/jackson-core-2.8.8.jar!/com/fasterxml/jackson/core/io/JsonEOFException.class], URL [jar:file:/home/nick/.gradle/caches/modules-2/files-2.1/com.fasterxml.jackson.core/jackson-core/2.8.8/d478fb6de45a7c3d2cad07c8ad70c7f0a797a020/jackson-core-2.8.8.jar!/com/fasterxml/jackson/core/io/JsonStringEncoder.class], URL [jar:file:/home/nick/.gradle/caches/modules-2/files-2.1/com.fasterxml.jackson.core/jackson-core/2.8.8/d478fb6de45a7c3d2cad07c8ad70c7f0a797a020/jackson-core-2.8.8.jar!/com/fasterxml/jackson/core/io/MergedStream.class], URL [jar:file:/home/nick/.gradle/caches/modules-2/files-2.1/com.fasterxml.jackson.core/jackson-core/2.8.8/d478fb6de45a7c3d2cad07c8ad70c7f0a797a020/jackson-core-2.8.8.jar!/com/fasterxml/jackson/core/io/NumberInput.class], URL [jar:file:/home/nick/.gradle/caches/modules-2/files-2.1/com.fasterxml.jackson.core/jackson-core/2.8.8/d478fb6de45a7c3d2cad07c8ad70c7f0a797a020/jackson-core-2.8.8.jar!/com/fasterxml/jackson/core/io/NumberOutput.class], URL [jar:file:/home/nick/.gradle/caches/modules-2/files-2.1/com.fasterxml.jackson.core/jackson-core/2.8.8/d478fb6de45a7c3d2cad07c8ad70c7f0a797a020/jackson-core-2.8.8.jar!/com/fasterxml/jackson/core/io/OutputDecorator.class], URL [jar:file:/home/nick/.gradle/caches/modules-2/files-2.1/com.fasterxml.jackson.core/jackson-core/2.8.8/d478fb6de45a7c3d2cad07c8ad70c7f0a797a020/jackson-core-2.8.8.jar!/com/fasterxml/jackson/core/io/SegmentedStringWriter.class], URL [jar:file:/home/nick/.gradle/caches/modules-2/files-2.1/com.fasterxml.jackson.core/jackson-core/2.8.8/d478fb6de45a7c3d2cad07c8ad70c7f0a797a020/jackson-core-2.8.8.jar!/com/fasterxml/jackson/core/io/SerializedString.class], URL [jar:file:/home/nick/.gradle/caches/modules-2/files-2.1/com.fasterxml.jackson.core/jackson-core/2.8.8/d478fb6de45a7c3d2cad07c8ad70c7f0a797a020/jackson-core-2.8.8.jar!/com/fasterxml/jackson/core/io/UTF32Reader.class], URL [jar:file:/home/nick/.gradle/caches/modules-2/files-2.1/com.fasterxml.jackson.core/jackson-core/2.8.8/d478fb6de45a7c3d2cad07c8ad70c7f0a797a020/jackson-core-2.8.8.jar!/com/fasterxml/jackson/core/io/UTF8Writer.class], URL [jar:file:/home/nick/.gradle/caches/modules-2/files-2.1/com.fasterxml.jackson.core/jackson-core/2.8.8/d478fb6de45a7c3d2cad07c8ad70c7f0a797a020/jackson-core-2.8.8.jar!/com/fasterxml/jackson/core/json/ByteSourceJsonBootstrapper.class], URL [jar:file:/home/nick/.gradle/caches/modules-2/files-2.1/com.fasterxml.jackson.core/jackson-core/2.8.8/d478fb6de45a7c3d2cad07c8ad70c7f0a797a020/jackson-core-2.8.8.jar!/com/fasterxml/jackson/core/json/DupDetector.class], URL [jar:file:/home/nick/.gradle/caches/modules-2/files-2.1/com.fasterxml.jackson.core/jackson-core/2.8.8/d478fb6de45a7c3d2cad07c8ad70c7f0a797a020/jackson-core-2.8.8.jar!/com/fasterxml/jackson/core/json/JsonGeneratorImpl.class], URL [jar:file:/home/nick/.gradle/caches/modules-2/files-2.1/com.fasterxml.jackson.core/jackson-core/2.8.8/d478fb6de45a7c3d2cad07c8ad70c7f0a797a020/jackson-core-2.8.8.jar!/com/fasterxml/jackson/core/json/JsonReadContext.class], URL [jar:file:/home/nick/.gradle/caches/modules-2/files-2.1/com.fasterxml.jackson.core/jackson-core/2.8.8/d478fb6de45a7c3d2cad07c8ad70c7f0a797a020/jackson-core-2.8.8.jar!/com/fasterxml/jackson/core/json/JsonWriteContext.class], URL [jar:file:/home/nick/.gradle/caches/modules-2/files-2.1/com.fasterxml.jackson.core/jackson-core/2.8.8/d478fb6de45a7c3d2cad07c8ad70c7f0a797a020/jackson-core-2.8.8.jar!/com/fasterxml/jackson/core/json/PackageVersion.class], URL [jar:file:/home/nick/.gradle/caches/modules-2/files-2.1/com.fasterxml.jackson.core/jackson-core/2.8.8/d478fb6de45a7c3d2cad07c8ad70c7f0a797a020/jackson-core-2.8.8.jar!/com/fasterxml/jackson/core/json/ReaderBasedJsonParser.class], URL [jar:file:/home/nick/.gradle/caches/modules-2/files-2.1/com.fasterxml.jackson.core/jackson-core/2.8.8/d478fb6de45a7c3d2cad07c8ad70c7f0a797a020/jackson-core-2.8.8.jar!/com/fasterxml/jackson/core/json/UTF8DataInputJsonParser.class], URL [jar:file:/home/nick/.gradle/caches/modules-2/files-2.1/com.fasterxml.jackson.core/jackson-core/2.8.8/d478fb6de45a7c3d2cad07c8ad70c7f0a797a020/jackson-core-2.8.8.jar!/com/fasterxml/jackson/core/json/UTF8JsonGenerator.class], URL [jar:file:/home/nick/.gradle/caches/modules-2/files-2.1/com.fasterxml.jackson.core/jackson-core/2.8.8/d478fb6de45a7c3d2cad07c8ad70c7f0a797a020/jackson-core-2.8.8.jar!/com/fasterxml/jackson/core/json/UTF8StreamJsonParser.class], URL [jar:file:/home/nick/.gradle/caches/modules-2/files-2.1/com.fasterxml.jackson.core/jackson-core/2.8.8/d478fb6de45a7c3d2cad07c8ad70c7f0a797a020/jackson-core-2.8.8.jar!/com/fasterxml/jackson/core/json/WriterBasedJsonGenerator.class], URL [jar:file:/home/nick/.gradle/caches/modules-2/files-2.1/com.fasterxml.jackson.core/jackson-core/2.8.8/d478fb6de45a7c3d2cad07c8ad70c7f0a797a020/jackson-core-2.8.8.jar!/com/fasterxml/jackson/core/sym/ByteQuadsCanonicalizer$TableInfo.class], URL [jar:file:/home/nick/.gradle/caches/modules-2/files-2.1/com.fasterxml.jackson.core/jackson-core/2.8.8/d478fb6de45a7c3d2cad07c8ad70c7f0a797a020/jackson-core-2.8.8.jar!/com/fasterxml/jackson/core/sym/ByteQuadsCanonicalizer.class], URL [jar:file:/home/nick/.gradle/caches/modules-2/files-2.1/com.fasterxml.jackson.core/jackson-core/2.8.8/d478fb6de45a7c3d2cad07c8ad70c7f0a797a020/jackson-core-2.8.8.jar!/com/fasterxml/jackson/core/sym/CharsToNameCanonicalizer$Bucket.class], URL [jar:file:/home/nick/.gradle/caches/modules-2/files-2.1/com.fasterxml.jackson.core/jackson-core/2.8.8/d478fb6de45a7c3d2cad07c8ad70c7f0a797a020/jackson-core-2.8.8.jar!/com/fasterxml/jackson/core/sym/CharsToNameCanonicalizer$TableInfo.class], URL [jar:file:/home/nick/.gradle/caches/modules-2/files-2.1/com.fasterxml.jackson.core/jackson-core/2.8.8/d478fb6de45a7c3d2cad07c8ad70c7f0a797a020/jackson-core-2.8.8.jar!/com/fasterxml/jackson/core/sym/CharsToNameCanonicalizer.class], URL [jar:file:/home/nick/.gradle/caches/modules-2/files-2.1/com.fasterxml.jackson.core/jackson-core/2.8.8/d478fb6de45a7c3d2cad07c8ad70c7f0a797a020/jackson-core-2.8.8.jar!/com/fasterxml/jackson/core/sym/Name.class], URL [jar:file:/home/nick/.gradle/caches/modules-2/files-2.1/com.fasterxml.jackson.core/jackson-core/2.8.8/d478fb6de45a7c3d2cad07c8ad70c7f0a797a020/jackson-core-2.8.8.jar!/com/fasterxml/jackson/core/sym/Name1.class], URL [jar:file:/home/nick/.gradle/caches/modules-2/files-2.1/com.fasterxml.jackson.core/jackson-core/2.8.8/d478fb6de45a7c3d2cad07c8ad70c7f0a797a020/jackson-core-2.8.8.jar!/com/fasterxml/jackson/core/sym/Name2.class], URL [jar:file:/home/nick/.gradle/caches/modules-2/files-2.1/com.fasterxml.jackson.core/jackson-core/2.8.8/d478fb6de45a7c3d2cad07c8ad70c7f0a797a020/jackson-core-2.8.8.jar!/com/fasterxml/jackson/core/sym/Name3.class], URL [jar:file:/home/nick/.gradle/caches/modules-2/files-2.1/com.fasterxml.jackson.core/jackson-core/2.8.8/d478fb6de45a7c3d2cad07c8ad70c7f0a797a020/jackson-core-2.8.8.jar!/com/fasterxml/jackson/core/sym/NameN.class], URL [jar:file:/home/nick/.gradle/caches/modules-2/files-2.1/com.fasterxml.jackson.core/jackson-core/2.8.8/d478fb6de45a7c3d2cad07c8ad70c7f0a797a020/jackson-core-2.8.8.jar!/com/fasterxml/jackson/core/type/ResolvedType.class], URL [jar:file:/home/nick/.gradle/caches/modules-2/files-2.1/com.fasterxml.jackson.core/jackson-core/2.8.8/d478fb6de45a7c3d2cad07c8ad70c7f0a797a020/jackson-core-2.8.8.jar!/com/fasterxml/jackson/core/type/TypeReference.class], URL [jar:file:/home/nick/.gradle/caches/modules-2/files-2.1/com.fasterxml.jackson.core/jackson-core/2.8.8/d478fb6de45a7c3d2cad07c8ad70c7f0a797a020/jackson-core-2.8.8.jar!/com/fasterxml/jackson/core/util/BufferRecycler.class], URL [jar:file:/home/nick/.gradle/caches/modules-2/files-2.1/com.fasterxml.jackson.core/jackson-core/2.8.8/d478fb6de45a7c3d2cad07c8ad70c7f0a797a020/jackson-core-2.8.8.jar!/com/fasterxml/jackson/core/util/ByteArrayBuilder.class], URL [jar:file:/home/nick/.gradle/caches/modules-2/files-2.1/com.fasterxml.jackson.core/jackson-core/2.8.8/d478fb6de45a7c3d2cad07c8ad70c7f0a797a020/jackson-core-2.8.8.jar!/com/fasterxml/jackson/core/util/DefaultIndenter.class], URL [jar:file:/home/nick/.gradle/caches/modules-2/files-2.1/com.fasterxml.jackson.core/jackson-core/2.8.8/d478fb6de45a7c3d2cad07c8ad70c7f0a797a020/jackson-core-2.8.8.jar!/com/fasterxml/jackson/core/util/DefaultPrettyPrinter$FixedSpaceIndenter.class], URL [jar:file:/home/nick/.gradle/caches/modules-2/files-2.1/com.fasterxml.jackson.core/jackson-core/2.8.8/d478fb6de45a7c3d2cad07c8ad70c7f0a797a020/jackson-core-2.8.8.jar!/com/fasterxml/jackson/core/util/DefaultPrettyPrinter$Indenter.class], URL [jar:file:/home/nick/.gradle/caches/modules-2/files-2.1/com.fasterxml.jackson.core/jackson-core/2.8.8/d478fb6de45a7c3d2cad07c8ad70c7f0a797a020/jackson-core-2.8.8.jar!/com/fasterxml/jackson/core/util/DefaultPrettyPrinter$NopIndenter.class], URL [jar:file:/home/nick/.gradle/caches/modules-2/files-2.1/com.fasterxml.jackson.core/jackson-core/2.8.8/d478fb6de45a7c3d2cad07c8ad70c7f0a797a020/jackson-core-2.8.8.jar!/com/fasterxml/jackson/core/util/DefaultPrettyPrinter.class], URL [jar:file:/home/nick/.gradle/caches/modules-2/files-2.1/com.fasterxml.jackson.core/jackson-core/2.8.8/d478fb6de45a7c3d2cad07c8ad70c7f0a797a020/jackson-core-2.8.8.jar!/com/fasterxml/jackson/core/util/Instantiatable.class], URL [jar:file:/home/nick/.gradle/caches/modules-2/files-2.1/com.fasterxml.jackson.core/jackson-core/2.8.8/d478fb6de45a7c3d2cad07c8ad70c7f0a797a020/jackson-core-2.8.8.jar!/com/fasterxml/jackson/core/util/InternCache.class], URL [jar:file:/home/nick/.gradle/caches/modules-2/files-2.1/com.fasterxml.jackson.core/jackson-core/2.8.8/d478fb6de45a7c3d2cad07c8ad70c7f0a797a020/jackson-core-2.8.8.jar!/com/fasterxml/jackson/core/util/JsonGeneratorDelegate.class], URL [jar:file:/home/nick/.gradle/caches/modules-2/files-2.1/com.fasterxml.jackson.core/jackson-core/2.8.8/d478fb6de45a7c3d2cad07c8ad70c7f0a797a020/jackson-core-2.8.8.jar!/com/fasterxml/jackson/core/util/JsonParserDelegate.class], URL [jar:file:/home/nick/.gradle/caches/modules-2/files-2.1/com.fasterxml.jackson.core/jackson-core/2.8.8/d478fb6de45a7c3d2cad07c8ad70c7f0a797a020/jackson-core-2.8.8.jar!/com/fasterxml/jackson/core/util/JsonParserSequence.class], URL [jar:file:/home/nick/.gradle/caches/modules-2/files-2.1/com.fasterxml.jackson.core/jackson-core/2.8.8/d478fb6de45a7c3d2cad07c8ad70c7f0a797a020/jackson-core-2.8.8.jar!/com/fasterxml/jackson/core/util/MinimalPrettyPrinter.class], URL [jar:file:/home/nick/.gradle/caches/modules-2/files-2.1/com.fasterxml.jackson.core/jackson-core/2.8.8/d478fb6de45a7c3d2cad07c8ad70c7f0a797a020/jackson-core-2.8.8.jar!/com/fasterxml/jackson/core/util/RequestPayload.class], URL [jar:file:/home/nick/.gradle/caches/modules-2/files-2.1/com.fasterxml.jackson.core/jackson-core/2.8.8/d478fb6de45a7c3d2cad07c8ad70c7f0a797a020/jackson-core-2.8.8.jar!/com/fasterxml/jackson/core/util/TextBuffer.class], URL [jar:file:/home/nick/.gradle/caches/modules-2/files-2.1/com.fasterxml.jackson.core/jackson-core/2.8.8/d478fb6de45a7c3d2cad07c8ad70c7f0a797a020/jackson-core-2.8.8.jar!/com/fasterxml/jackson/core/util/VersionUtil.class], URL [jar:file:/home/nick/.gradle/caches/modules-2/files-2.1/com.fasterxml.jackson.core/jackson-annotations/2.8.8/1ed81c0e4eb2d261d1da0a3a45bd6b199fb5cf9a/jackson-annotations-2.8.8.jar!/com/fasterxml/jackson/annotation/JacksonAnnotation.class], URL [jar:file:/home/nick/.gradle/caches/modules-2/files-2.1/com.fasterxml.jackson.core/jackson-annotations/2.8.8/1ed81c0e4eb2d261d1da0a3a45bd6b199fb5cf9a/jackson-annotations-2.8.8.jar!/com/fasterxml/jackson/annotation/JacksonAnnotationValue.class], URL [jar:file:/home/nick/.gradle/caches/modules-2/files-2.1/com.fasterxml.jackson.core/jackson-annotations/2.8.8/1ed81c0e4eb2d261d1da0a3a45bd6b199fb5cf9a/jackson-annotations-2.8.8.jar!/com/fasterxml/jackson/annotation/JacksonAnnotationsInside.class], URL [jar:file:/home/nick/.gradle/caches/modules-2/files-2.1/com.fasterxml.jackson.core/jackson-annotations/2.8.8/1ed81c0e4eb2d261d1da0a3a45bd6b199fb5cf9a/jackson-annotations-2.8.8.jar!/com/fasterxml/jackson/annotation/JacksonInject.class], URL [jar:file:/home/nick/.gradle/caches/modules-2/files-2.1/com.fasterxml.jackson.core/jackson-annotations/2.8.8/1ed81c0e4eb2d261d1da0a3a45bd6b199fb5cf9a/jackson-annotations-2.8.8.jar!/com/fasterxml/jackson/annotation/JsonAnyGetter.class], URL [jar:file:/home/nick/.gradle/caches/modules-2/files-2.1/com.fasterxml.jackson.core/jackson-annotations/2.8.8/1ed81c0e4eb2d261d1da0a3a45bd6b199fb5cf9a/jackson-annotations-2.8.8.jar!/com/fasterxml/jackson/annotation/JsonAnySetter.class], URL [jar:file:/home/nick/.gradle/caches/modules-2/files-2.1/com.fasterxml.jackson.core/jackson-annotations/2.8.8/1ed81c0e4eb2d261d1da0a3a45bd6b199fb5cf9a/jackson-annotations-2.8.8.jar!/com/fasterxml/jackson/annotation/JsonAutoDetect$1.class], URL [jar:file:/home/nick/.gradle/caches/modules-2/files-2.1/com.fasterxml.jackson.core/jackson-annotations/2.8.8/1ed81c0e4eb2d261d1da0a3a45bd6b199fb5cf9a/jackson-annotations-2.8.8.jar!/com/fasterxml/jackson/annotation/JsonAutoDetect$Visibility.class], URL [jar:file:/home/nick/.gradle/caches/modules-2/files-2.1/com.fasterxml.jackson.core/jackson-annotations/2.8.8/1ed81c0e4eb2d261d1da0a3a45bd6b199fb5cf9a/jackson-annotations-2.8.8.jar!/com/fasterxml/jackson/annotation/JsonAutoDetect.class], URL [jar:file:/home/nick/.gradle/caches/modules-2/files-2.1/com.fasterxml.jackson.core/jackson-annotations/2.8.8/1ed81c0e4eb2d261d1da0a3a45bd6b199fb5cf9a/jackson-annotations-2.8.8.jar!/com/fasterxml/jackson/annotation/JsonBackReference.class], URL [jar:file:/home/nick/.gradle/caches/modules-2/files-2.1/com.fasterxml.jackson.core/jackson-annotations/2.8.8/1ed81c0e4eb2d261d1da0a3a45bd6b199fb5cf9a/jackson-annotations-2.8.8.jar!/com/fasterxml/jackson/annotation/JsonClassDescription.class], URL [jar:file:/home/nick/.gradle/caches/modules-2/files-2.1/com.fasterxml.jackson.core/jackson-annotations/2.8.8/1ed81c0e4eb2d261d1da0a3a45bd6b199fb5cf9a/jackson-annotations-2.8.8.jar!/com/fasterxml/jackson/annotation/JsonCreator$Mode.class], URL [jar:file:/home/nick/.gradle/caches/modules-2/files-2.1/com.fasterxml.jackson.core/jackson-annotations/2.8.8/1ed81c0e4eb2d261d1da0a3a45bd6b199fb5cf9a/jackson-annotations-2.8.8.jar!/com/fasterxml/jackson/annotation/JsonCreator.class], URL [jar:file:/home/nick/.gradle/caches/modules-2/files-2.1/com.fasterxml.jackson.core/jackson-annotations/2.8.8/1ed81c0e4eb2d261d1da0a3a45bd6b199fb5cf9a/jackson-annotations-2.8.8.jar!/com/fasterxml/jackson/annotation/JsonEnumDefaultValue.class], URL [jar:file:/home/nick/.gradle/caches/modules-2/files-2.1/com.fasterxml.jackson.core/jackson-annotations/2.8.8/1ed81c0e4eb2d261d1da0a3a45bd6b199fb5cf9a/jackson-annotations-2.8.8.jar!/com/fasterxml/jackson/annotation/JsonFilter.class], URL [jar:file:/home/nick/.gradle/caches/modules-2/files-2.1/com.fasterxml.jackson.core/jackson-annotations/2.8.8/1ed81c0e4eb2d261d1da0a3a45bd6b199fb5cf9a/jackson-annotations-2.8.8.jar!/com/fasterxml/jackson/annotation/JsonFormat$Feature.class], URL [jar:file:/home/nick/.gradle/caches/modules-2/files-2.1/com.fasterxml.jackson.core/jackson-annotations/2.8.8/1ed81c0e4eb2d261d1da0a3a45bd6b199fb5cf9a/jackson-annotations-2.8.8.jar!/com/fasterxml/jackson/annotation/JsonFormat$Features.class], URL [jar:file:/home/nick/.gradle/caches/modules-2/files-2.1/com.fasterxml.jackson.core/jackson-annotations/2.8.8/1ed81c0e4eb2d261d1da0a3a45bd6b199fb5cf9a/jackson-annotations-2.8.8.jar!/com/fasterxml/jackson/annotation/JsonFormat$Shape.class], URL [jar:file:/home/nick/.gradle/caches/modules-2/files-2.1/com.fasterxml.jackson.core/jackson-annotations/2.8.8/1ed81c0e4eb2d261d1da0a3a45bd6b199fb5cf9a/jackson-annotations-2.8.8.jar!/com/fasterxml/jackson/annotation/JsonFormat$Value.class], URL [jar:file:/home/nick/.gradle/caches/modules-2/files-2.1/com.fasterxml.jackson.core/jackson-annotations/2.8.8/1ed81c0e4eb2d261d1da0a3a45bd6b199fb5cf9a/jackson-annotations-2.8.8.jar!/com/fasterxml/jackson/annotation/JsonFormat.class], URL [jar:file:/home/nick/.gradle/caches/modules-2/files-2.1/com.fasterxml.jackson.core/jackson-annotations/2.8.8/1ed81c0e4eb2d261d1da0a3a45bd6b199fb5cf9a/jackson-annotations-2.8.8.jar!/com/fasterxml/jackson/annotation/JsonGetter.class], URL [jar:file:/home/nick/.gradle/caches/modules-2/files-2.1/com.fasterxml.jackson.core/jackson-annotations/2.8.8/1ed81c0e4eb2d261d1da0a3a45bd6b199fb5cf9a/jackson-annotations-2.8.8.jar!/com/fasterxml/jackson/annotation/JsonIdentityInfo.class], URL [jar:file:/home/nick/.gradle/caches/modules-2/files-2.1/com.fasterxml.jackson.core/jackson-annotations/2.8.8/1ed81c0e4eb2d261d1da0a3a45bd6b199fb5cf9a/jackson-annotations-2.8.8.jar!/com/fasterxml/jackson/annotation/JsonIdentityReference.class], URL [jar:file:/home/nick/.gradle/caches/modules-2/files-2.1/com.fasterxml.jackson.core/jackson-annotations/2.8.8/1ed81c0e4eb2d261d1da0a3a45bd6b199fb5cf9a/jackson-annotations-2.8.8.jar!/com/fasterxml/jackson/annotation/JsonIgnore.class], URL [jar:file:/home/nick/.gradle/caches/modules-2/files-2.1/com.fasterxml.jackson.core/jackson-annotations/2.8.8/1ed81c0e4eb2d261d1da0a3a45bd6b199fb5cf9a/jackson-annotations-2.8.8.jar!/com/fasterxml/jackson/annotation/JsonIgnoreProperties$Value.class], URL [jar:file:/home/nick/.gradle/caches/modules-2/files-2.1/com.fasterxml.jackson.core/jackson-annotations/2.8.8/1ed81c0e4eb2d261d1da0a3a45bd6b199fb5cf9a/jackson-annotations-2.8.8.jar!/com/fasterxml/jackson/annotation/JsonIgnoreProperties.class], URL [jar:file:/home/nick/.gradle/caches/modules-2/files-2.1/com.fasterxml.jackson.core/jackson-annotations/2.8.8/1ed81c0e4eb2d261d1da0a3a45bd6b199fb5cf9a/jackson-annotations-2.8.8.jar!/com/fasterxml/jackson/annotation/JsonIgnoreType.class], URL [jar:file:/home/nick/.gradle/caches/modules-2/files-2.1/com.fasterxml.jackson.core/jackson-annotations/2.8.8/1ed81c0e4eb2d261d1da0a3a45bd6b199fb5cf9a/jackson-annotations-2.8.8.jar!/com/fasterxml/jackson/annotation/JsonInclude$Include.class], URL [jar:file:/home/nick/.gradle/caches/modules-2/files-2.1/com.fasterxml.jackson.core/jackson-annotations/2.8.8/1ed81c0e4eb2d261d1da0a3a45bd6b199fb5cf9a/jackson-annotations-2.8.8.jar!/com/fasterxml/jackson/annotation/JsonInclude$Value.class], URL [jar:file:/home/nick/.gradle/caches/modules-2/files-2.1/com.fasterxml.jackson.core/jackson-annotations/2.8.8/1ed81c0e4eb2d261d1da0a3a45bd6b199fb5cf9a/jackson-annotations-2.8.8.jar!/com/fasterxml/jackson/annotation/JsonInclude.class], URL [jar:file:/home/nick/.gradle/caches/modules-2/files-2.1/com.fasterxml.jackson.core/jackson-annotations/2.8.8/1ed81c0e4eb2d261d1da0a3a45bd6b199fb5cf9a/jackson-annotations-2.8.8.jar!/com/fasterxml/jackson/annotation/JsonManagedReference.class], URL [jar:file:/home/nick/.gradle/caches/modules-2/files-2.1/com.fasterxml.jackson.core/jackson-annotations/2.8.8/1ed81c0e4eb2d261d1da0a3a45bd6b199fb5cf9a/jackson-annotations-2.8.8.jar!/com/fasterxml/jackson/annotation/JsonProperty$Access.class], URL [jar:file:/home/nick/.gradle/caches/modules-2/files-2.1/com.fasterxml.jackson.core/jackson-annotations/2.8.8/1ed81c0e4eb2d261d1da0a3a45bd6b199fb5cf9a/jackson-annotations-2.8.8.jar!/com/fasterxml/jackson/annotation/JsonProperty.class], URL [jar:file:/home/nick/.gradle/caches/modules-2/files-2.1/com.fasterxml.jackson.core/jackson-annotations/2.8.8/1ed81c0e4eb2d261d1da0a3a45bd6b199fb5cf9a/jackson-annotations-2.8.8.jar!/com/fasterxml/jackson/annotation/JsonPropertyDescription.class], URL [jar:file:/home/nick/.gradle/caches/modules-2/files-2.1/com.fasterxml.jackson.core/jackson-annotations/2.8.8/1ed81c0e4eb2d261d1da0a3a45bd6b199fb5cf9a/jackson-annotations-2.8.8.jar!/com/fasterxml/jackson/annotation/JsonPropertyOrder.class], URL [jar:file:/home/nick/.gradle/caches/modules-2/files-2.1/com.fasterxml.jackson.core/jackson-annotations/2.8.8/1ed81c0e4eb2d261d1da0a3a45bd6b199fb5cf9a/jackson-annotations-2.8.8.jar!/com/fasterxml/jackson/annotation/JsonRawValue.class], URL [jar:file:/home/nick/.gradle/caches/modules-2/files-2.1/com.fasterxml.jackson.core/jackson-annotations/2.8.8/1ed81c0e4eb2d261d1da0a3a45bd6b199fb5cf9a/jackson-annotations-2.8.8.jar!/com/fasterxml/jackson/annotation/JsonRootName.class], URL [jar:file:/home/nick/.gradle/caches/modules-2/files-2.1/com.fasterxml.jackson.core/jackson-annotations/2.8.8/1ed81c0e4eb2d261d1da0a3a45bd6b199fb5cf9a/jackson-annotations-2.8.8.jar!/com/fasterxml/jackson/annotation/JsonSetter.class], URL [jar:file:/home/nick/.gradle/caches/modules-2/files-2.1/com.fasterxml.jackson.core/jackson-annotations/2.8.8/1ed81c0e4eb2d261d1da0a3a45bd6b199fb5cf9a/jackson-annotations-2.8.8.jar!/com/fasterxml/jackson/annotation/JsonSubTypes$Type.class], URL [jar:file:/home/nick/.gradle/caches/modules-2/files-2.1/com.fasterxml.jackson.core/jackson-annotations/2.8.8/1ed81c0e4eb2d261d1da0a3a45bd6b199fb5cf9a/jackson-annotations-2.8.8.jar!/com/fasterxml/jackson/annotation/JsonSubTypes.class], URL [jar:file:/home/nick/.gradle/caches/modules-2/files-2.1/com.fasterxml.jackson.core/jackson-annotations/2.8.8/1ed81c0e4eb2d261d1da0a3a45bd6b199fb5cf9a/jackson-annotations-2.8.8.jar!/com/fasterxml/jackson/annotation/JsonTypeId.class], URL [jar:file:/home/nick/.gradle/caches/modules-2/files-2.1/com.fasterxml.jackson.core/jackson-annotations/2.8.8/1ed81c0e4eb2d261d1da0a3a45bd6b199fb5cf9a/jackson-annotations-2.8.8.jar!/com/fasterxml/jackson/annotation/JsonTypeInfo$As.class], URL [jar:file:/home/nick/.gradle/caches/modules-2/files-2.1/com.fasterxml.jackson.core/jackson-annotations/2.8.8/1ed81c0e4eb2d261d1da0a3a45bd6b199fb5cf9a/jackson-annotations-2.8.8.jar!/com/fasterxml/jackson/annotation/JsonTypeInfo$Id.class], URL [jar:file:/home/nick/.gradle/caches/modules-2/files-2.1/com.fasterxml.jackson.core/jackson-annotations/2.8.8/1ed81c0e4eb2d261d1da0a3a45bd6b199fb5cf9a/jackson-annotations-2.8.8.jar!/com/fasterxml/jackson/annotation/JsonTypeInfo$None.class], URL [jar:file:/home/nick/.gradle/caches/modules-2/files-2.1/com.fasterxml.jackson.core/jackson-annotations/2.8.8/1ed81c0e4eb2d261d1da0a3a45bd6b199fb5cf9a/jackson-annotations-2.8.8.jar!/com/fasterxml/jackson/annotation/JsonTypeInfo.class], URL [jar:file:/home/nick/.gradle/caches/modules-2/files-2.1/com.fasterxml.jackson.core/jackson-annotations/2.8.8/1ed81c0e4eb2d261d1da0a3a45bd6b199fb5cf9a/jackson-annotations-2.8.8.jar!/com/fasterxml/jackson/annotation/JsonTypeName.class], URL [jar:file:/home/nick/.gradle/caches/modules-2/files-2.1/com.fasterxml.jackson.core/jackson-annotations/2.8.8/1ed81c0e4eb2d261d1da0a3a45bd6b199fb5cf9a/jackson-annotations-2.8.8.jar!/com/fasterxml/jackson/annotation/JsonUnwrapped.class], URL [jar:file:/home/nick/.gradle/caches/modules-2/files-2.1/com.fasterxml.jackson.core/jackson-annotations/2.8.8/1ed81c0e4eb2d261d1da0a3a45bd6b199fb5cf9a/jackson-annotations-2.8.8.jar!/com/fasterxml/jackson/annotation/JsonValue.class], URL [jar:file:/home/nick/.gradle/caches/modules-2/files-2.1/com.fasterxml.jackson.core/jackson-annotations/2.8.8/1ed81c0e4eb2d261d1da0a3a45bd6b199fb5cf9a/jackson-annotations-2.8.8.jar!/com/fasterxml/jackson/annotation/JsonView.class], URL [jar:file:/home/nick/.gradle/caches/modules-2/files-2.1/com.fasterxml.jackson.core/jackson-annotations/2.8.8/1ed81c0e4eb2d261d1da0a3a45bd6b199fb5cf9a/jackson-annotations-2.8.8.jar!/com/fasterxml/jackson/annotation/ObjectIdGenerator$IdKey.class], URL [jar:file:/home/nick/.gradle/caches/modules-2/files-2.1/com.fasterxml.jackson.core/jackson-annotations/2.8.8/1ed81c0e4eb2d261d1da0a3a45bd6b199fb5cf9a/jackson-annotations-2.8.8.jar!/com/fasterxml/jackson/annotation/ObjectIdGenerator.class], URL [jar:file:/home/nick/.gradle/caches/modules-2/files-2.1/com.fasterxml.jackson.core/jackson-annotations/2.8.8/1ed81c0e4eb2d261d1da0a3a45bd6b199fb5cf9a/jackson-annotations-2.8.8.jar!/com/fasterxml/jackson/annotation/ObjectIdGenerators$Base.class], URL [jar:file:/home/nick/.gradle/caches/modules-2/files-2.1/com.fasterxml.jackson.core/jackson-annotations/2.8.8/1ed81c0e4eb2d261d1da0a3a45bd6b199fb5cf9a/jackson-annotations-2.8.8.jar!/com/fasterxml/jackson/annotation/ObjectIdGenerators$IntSequenceGenerator.class], URL [jar:file:/home/nick/.gradle/caches/modules-2/files-2.1/com.fasterxml.jackson.core/jackson-annotations/2.8.8/1ed81c0e4eb2d261d1da0a3a45bd6b199fb5cf9a/jackson-annotations-2.8.8.jar!/com/fasterxml/jackson/annotation/ObjectIdGenerators$None.class], URL [jar:file:/home/nick/.gradle/caches/modules-2/files-2.1/com.fasterxml.jackson.core/jackson-annotations/2.8.8/1ed81c0e4eb2d261d1da0a3a45bd6b199fb5cf9a/jackson-annotations-2.8.8.jar!/com/fasterxml/jackson/annotation/ObjectIdGenerators$PropertyGenerator.class], URL [jar:file:/home/nick/.gradle/caches/modules-2/files-2.1/com.fasterxml.jackson.core/jackson-annotations/2.8.8/1ed81c0e4eb2d261d1da0a3a45bd6b199fb5cf9a/jackson-annotations-2.8.8.jar!/com/fasterxml/jackson/annotation/ObjectIdGenerators$StringIdGenerator.class], URL [jar:file:/home/nick/.gradle/caches/modules-2/files-2.1/com.fasterxml.jackson.core/jackson-annotations/2.8.8/1ed81c0e4eb2d261d1da0a3a45bd6b199fb5cf9a/jackson-annotations-2.8.8.jar!/com/fasterxml/jackson/annotation/ObjectIdGenerators$UUIDGenerator.class], URL [jar:file:/home/nick/.gradle/caches/modules-2/files-2.1/com.fasterxml.jackson.core/jackson-annotations/2.8.8/1ed81c0e4eb2d261d1da0a3a45bd6b199fb5cf9a/jackson-annotations-2.8.8.jar!/com/fasterxml/jackson/annotation/ObjectIdGenerators.class], URL [jar:file:/home/nick/.gradle/caches/modules-2/files-2.1/com.fasterxml.jackson.core/jackson-annotations/2.8.8/1ed81c0e4eb2d261d1da0a3a45bd6b199fb5cf9a/jackson-annotations-2.8.8.jar!/com/fasterxml/jackson/annotation/ObjectIdResolver.class], URL [jar:file:/home/nick/.gradle/caches/modules-2/files-2.1/com.fasterxml.jackson.core/jackson-annotations/2.8.8/1ed81c0e4eb2d261d1da0a3a45bd6b199fb5cf9a/jackson-annotations-2.8.8.jar!/com/fasterxml/jackson/annotation/OptBoolean.class], URL [jar:file:/home/nick/.gradle/caches/modules-2/files-2.1/com.fasterxml.jackson.core/jackson-annotations/2.8.8/1ed81c0e4eb2d261d1da0a3a45bd6b199fb5cf9a/jackson-annotations-2.8.8.jar!/com/fasterxml/jackson/annotation/PropertyAccessor.class], URL [jar:file:/home/nick/.gradle/caches/modules-2/files-2.1/com.fasterxml.jackson.core/jackson-annotations/2.8.8/1ed81c0e4eb2d261d1da0a3a45bd6b199fb5cf9a/jackson-annotations-2.8.8.jar!/com/fasterxml/jackson/annotation/SimpleObjectIdResolver.class], URL [jar:file:/home/nick/.gradle/caches/modules-2/files-2.1/com.google.code.gson/gson/2.8.0/c4ba5371a29ac9b2ad6129b1d39ea38750043eff/gson-2.8.0.jar!/com/google/gson/annotations/Expose.class], URL [jar:file:/home/nick/.gradle/caches/modules-2/files-2.1/com.google.code.gson/gson/2.8.0/c4ba5371a29ac9b2ad6129b1d39ea38750043eff/gson-2.8.0.jar!/com/google/gson/annotations/JsonAdapter.class], URL [jar:file:/home/nick/.gradle/caches/modules-2/files-2.1/com.google.code.gson/gson/2.8.0/c4ba5371a29ac9b2ad6129b1d39ea38750043eff/gson-2.8.0.jar!/com/google/gson/annotations/SerializedName.class], URL [jar:file:/home/nick/.gradle/caches/modules-2/files-2.1/com.google.code.gson/gson/2.8.0/c4ba5371a29ac9b2ad6129b1d39ea38750043eff/gson-2.8.0.jar!/com/google/gson/annotations/Since.class], URL [jar:file:/home/nick/.gradle/caches/modules-2/files-2.1/com.google.code.gson/gson/2.8.0/c4ba5371a29ac9b2ad6129b1d39ea38750043eff/gson-2.8.0.jar!/com/google/gson/annotations/Until.class], URL [jar:file:/home/nick/.gradle/caches/modules-2/files-2.1/com.google.code.gson/gson/2.8.0/c4ba5371a29ac9b2ad6129b1d39ea38750043eff/gson-2.8.0.jar!/com/google/gson/DefaultDateTypeAdapter.class], URL [jar:file:/home/nick/.gradle/caches/modules-2/files-2.1/com.google.code.gson/gson/2.8.0/c4ba5371a29ac9b2ad6129b1d39ea38750043eff/gson-2.8.0.jar!/com/google/gson/ExclusionStrategy.class], URL [jar:file:/home/nick/.gradle/caches/modules-2/files-2.1/com.google.code.gson/gson/2.8.0/c4ba5371a29ac9b2ad6129b1d39ea38750043eff/gson-2.8.0.jar!/com/google/gson/FieldAttributes.class], URL [jar:file:/home/nick/.gradle/caches/modules-2/files-2.1/com.google.code.gson/gson/2.8.0/c4ba5371a29ac9b2ad6129b1d39ea38750043eff/gson-2.8.0.jar!/com/google/gson/FieldNamingPolicy$1.class], URL [jar:file:/home/nick/.gradle/caches/modules-2/files-2.1/com.google.code.gson/gson/2.8.0/c4ba5371a29ac9b2ad6129b1d39ea38750043eff/gson-2.8.0.jar!/com/google/gson/FieldNamingPolicy$2.class], URL [jar:file:/home/nick/.gradle/caches/modules-2/files-2.1/com.google.code.gson/gson/2.8.0/c4ba5371a29ac9b2ad6129b1d39ea38750043eff/gson-2.8.0.jar!/com/google/gson/FieldNamingPolicy$3.class], URL [jar:file:/home/nick/.gradle/caches/modules-2/files-2.1/com.google.code.gson/gson/2.8.0/c4ba5371a29ac9b2ad6129b1d39ea38750043eff/gson-2.8.0.jar!/com/google/gson/FieldNamingPolicy$4.class], URL [jar:file:/home/nick/.gradle/caches/modules-2/files-2.1/com.google.code.gson/gson/2.8.0/c4ba5371a29ac9b2ad6129b1d39ea38750043eff/gson-2.8.0.jar!/com/google/gson/FieldNamingPolicy$5.class], URL [jar:file:/home/nick/.gradle/caches/modules-2/files-2.1/com.google.code.gson/gson/2.8.0/c4ba5371a29ac9b2ad6129b1d39ea38750043eff/gson-2.8.0.jar!/com/google/gson/FieldNamingPolicy.class], URL [jar:file:/home/nick/.gradle/caches/modules-2/files-2.1/com.google.code.gson/gson/2.8.0/c4ba5371a29ac9b2ad6129b1d39ea38750043eff/gson-2.8.0.jar!/com/google/gson/FieldNamingStrategy.class], URL [jar:file:/home/nick/.gradle/caches/modules-2/files-2.1/com.google.code.gson/gson/2.8.0/c4ba5371a29ac9b2ad6129b1d39ea38750043eff/gson-2.8.0.jar!/com/google/gson/Gson$1.class], URL [jar:file:/home/nick/.gradle/caches/modules-2/files-2.1/com.google.code.gson/gson/2.8.0/c4ba5371a29ac9b2ad6129b1d39ea38750043eff/gson-2.8.0.jar!/com/google/gson/Gson$2.class], URL [jar:file:/home/nick/.gradle/caches/modules-2/files-2.1/com.google.code.gson/gson/2.8.0/c4ba5371a29ac9b2ad6129b1d39ea38750043eff/gson-2.8.0.jar!/com/google/gson/Gson$3.class], URL [jar:file:/home/nick/.gradle/caches/modules-2/files-2.1/com.google.code.gson/gson/2.8.0/c4ba5371a29ac9b2ad6129b1d39ea38750043eff/gson-2.8.0.jar!/com/google/gson/Gson$4.class], URL [jar:file:/home/nick/.gradle/caches/modules-2/files-2.1/com.google.code.gson/gson/2.8.0/c4ba5371a29ac9b2ad6129b1d39ea38750043eff/gson-2.8.0.jar!/com/google/gson/Gson$5.class], URL [jar:file:/home/nick/.gradle/caches/modules-2/files-2.1/com.google.code.gson/gson/2.8.0/c4ba5371a29ac9b2ad6129b1d39ea38750043eff/gson-2.8.0.jar!/com/google/gson/Gson$6.class], URL [jar:file:/home/nick/.gradle/caches/modules-2/files-2.1/com.google.code.gson/gson/2.8.0/c4ba5371a29ac9b2ad6129b1d39ea38750043eff/gson-2.8.0.jar!/com/google/gson/Gson$FutureTypeAdapter.class], URL [jar:file:/home/nick/.gradle/caches/modules-2/files-2.1/com.google.code.gson/gson/2.8.0/c4ba5371a29ac9b2ad6129b1d39ea38750043eff/gson-2.8.0.jar!/com/google/gson/Gson.class], URL [jar:file:/home/nick/.gradle/caches/modules-2/files-2.1/com.google.code.gson/gson/2.8.0/c4ba5371a29ac9b2ad6129b1d39ea38750043eff/gson-2.8.0.jar!/com/google/gson/GsonBuilder.class], URL [jar:file:/home/nick/.gradle/caches/modules-2/files-2.1/com.google.code.gson/gson/2.8.0/c4ba5371a29ac9b2ad6129b1d39ea38750043eff/gson-2.8.0.jar!/com/google/gson/InstanceCreator.class], URL [jar:file:/home/nick/.gradle/caches/modules-2/files-2.1/com.google.code.gson/gson/2.8.0/c4ba5371a29ac9b2ad6129b1d39ea38750043eff/gson-2.8.0.jar!/com/google/gson/internal/$Gson$Preconditions.class], URL [jar:file:/home/nick/.gradle/caches/modules-2/files-2.1/com.google.code.gson/gson/2.8.0/c4ba5371a29ac9b2ad6129b1d39ea38750043eff/gson-2.8.0.jar!/com/google/gson/internal/$Gson$Types$GenericArrayTypeImpl.class], URL [jar:file:/home/nick/.gradle/caches/modules-2/files-2.1/com.google.code.gson/gson/2.8.0/c4ba5371a29ac9b2ad6129b1d39ea38750043eff/gson-2.8.0.jar!/com/google/gson/internal/$Gson$Types$ParameterizedTypeImpl.class], URL [jar:file:/home/nick/.gradle/caches/modules-2/files-2.1/com.google.code.gson/gson/2.8.0/c4ba5371a29ac9b2ad6129b1d39ea38750043eff/gson-2.8.0.jar!/com/google/gson/internal/$Gson$Types$WildcardTypeImpl.class], URL [jar:file:/home/nick/.gradle/caches/modules-2/files-2.1/com.google.code.gson/gson/2.8.0/c4ba5371a29ac9b2ad6129b1d39ea38750043eff/gson-2.8.0.jar!/com/google/gson/internal/$Gson$Types.class], URL [jar:file:/home/nick/.gradle/caches/modules-2/files-2.1/com.google.code.gson/gson/2.8.0/c4ba5371a29ac9b2ad6129b1d39ea38750043eff/gson-2.8.0.jar!/com/google/gson/internal/bind/ArrayTypeAdapter$1.class], URL [jar:file:/home/nick/.gradle/caches/modules-2/files-2.1/com.google.code.gson/gson/2.8.0/c4ba5371a29ac9b2ad6129b1d39ea38750043eff/gson-2.8.0.jar!/com/google/gson/internal/bind/ArrayTypeAdapter.class], URL [jar:file:/home/nick/.gradle/caches/modules-2/files-2.1/com.google.code.gson/gson/2.8.0/c4ba5371a29ac9b2ad6129b1d39ea38750043eff/gson-2.8.0.jar!/com/google/gson/internal/bind/CollectionTypeAdapterFactory$Adapter.class], URL [jar:file:/home/nick/.gradle/caches/modules-2/files-2.1/com.google.code.gson/gson/2.8.0/c4ba5371a29ac9b2ad6129b1d39ea38750043eff/gson-2.8.0.jar!/com/google/gson/internal/bind/CollectionTypeAdapterFactory.class], URL [jar:file:/home/nick/.gradle/caches/modules-2/files-2.1/com.google.code.gson/gson/2.8.0/c4ba5371a29ac9b2ad6129b1d39ea38750043eff/gson-2.8.0.jar!/com/google/gson/internal/bind/DateTypeAdapter$1.class], URL [jar:file:/home/nick/.gradle/caches/modules-2/files-2.1/com.google.code.gson/gson/2.8.0/c4ba5371a29ac9b2ad6129b1d39ea38750043eff/gson-2.8.0.jar!/com/google/gson/internal/bind/DateTypeAdapter.class], URL [jar:file:/home/nick/.gradle/caches/modules-2/files-2.1/com.google.code.gson/gson/2.8.0/c4ba5371a29ac9b2ad6129b1d39ea38750043eff/gson-2.8.0.jar!/com/google/gson/internal/bind/JsonAdapterAnnotationTypeAdapterFactory.class], URL [jar:file:/home/nick/.gradle/caches/modules-2/files-2.1/com.google.code.gson/gson/2.8.0/c4ba5371a29ac9b2ad6129b1d39ea38750043eff/gson-2.8.0.jar!/com/google/gson/internal/bind/JsonTreeReader$1.class], URL [jar:file:/home/nick/.gradle/caches/modules-2/files-2.1/com.google.code.gson/gson/2.8.0/c4ba5371a29ac9b2ad6129b1d39ea38750043eff/gson-2.8.0.jar!/com/google/gson/internal/bind/JsonTreeReader.class], URL [jar:file:/home/nick/.gradle/caches/modules-2/files-2.1/com.google.code.gson/gson/2.8.0/c4ba5371a29ac9b2ad6129b1d39ea38750043eff/gson-2.8.0.jar!/com/google/gson/internal/bind/JsonTreeWriter$1.class], URL [jar:file:/home/nick/.gradle/caches/modules-2/files-2.1/com.google.code.gson/gson/2.8.0/c4ba5371a29ac9b2ad6129b1d39ea38750043eff/gson-2.8.0.jar!/com/google/gson/internal/bind/JsonTreeWriter.class], URL [jar:file:/home/nick/.gradle/caches/modules-2/files-2.1/com.google.code.gson/gson/2.8.0/c4ba5371a29ac9b2ad6129b1d39ea38750043eff/gson-2.8.0.jar!/com/google/gson/internal/bind/MapTypeAdapterFactory$Adapter.class], URL [jar:file:/home/nick/.gradle/caches/modules-2/files-2.1/com.google.code.gson/gson/2.8.0/c4ba5371a29ac9b2ad6129b1d39ea38750043eff/gson-2.8.0.jar!/com/google/gson/internal/bind/MapTypeAdapterFactory.class], URL [jar:file:/home/nick/.gradle/caches/modules-2/files-2.1/com.google.code.gson/gson/2.8.0/c4ba5371a29ac9b2ad6129b1d39ea38750043eff/gson-2.8.0.jar!/com/google/gson/internal/bind/ObjectTypeAdapter$1.class], URL [jar:file:/home/nick/.gradle/caches/modules-2/files-2.1/com.google.code.gson/gson/2.8.0/c4ba5371a29ac9b2ad6129b1d39ea38750043eff/gson-2.8.0.jar!/com/google/gson/internal/bind/ObjectTypeAdapter$2.class], URL [jar:file:/home/nick/.gradle/caches/modules-2/files-2.1/com.google.code.gson/gson/2.8.0/c4ba5371a29ac9b2ad6129b1d39ea38750043eff/gson-2.8.0.jar!/com/google/gson/internal/bind/ObjectTypeAdapter.class], URL [jar:file:/home/nick/.gradle/caches/modules-2/files-2.1/com.google.code.gson/gson/2.8.0/c4ba5371a29ac9b2ad6129b1d39ea38750043eff/gson-2.8.0.jar!/com/google/gson/internal/bind/ReflectiveTypeAdapterFactory$1.class], URL [jar:file:/home/nick/.gradle/caches/modules-2/files-2.1/com.google.code.gson/gson/2.8.0/c4ba5371a29ac9b2ad6129b1d39ea38750043eff/gson-2.8.0.jar!/com/google/gson/internal/bind/ReflectiveTypeAdapterFactory$Adapter.class], URL [jar:file:/home/nick/.gradle/caches/modules-2/files-2.1/com.google.code.gson/gson/2.8.0/c4ba5371a29ac9b2ad6129b1d39ea38750043eff/gson-2.8.0.jar!/com/google/gson/internal/bind/ReflectiveTypeAdapterFactory$BoundField.class], URL [jar:file:/home/nick/.gradle/caches/modules-2/files-2.1/com.google.code.gson/gson/2.8.0/c4ba5371a29ac9b2ad6129b1d39ea38750043eff/gson-2.8.0.jar!/com/google/gson/internal/bind/ReflectiveTypeAdapterFactory.class], URL [jar:file:/home/nick/.gradle/caches/modules-2/files-2.1/com.google.code.gson/gson/2.8.0/c4ba5371a29ac9b2ad6129b1d39ea38750043eff/gson-2.8.0.jar!/com/google/gson/internal/bind/SqlDateTypeAdapter$1.class], URL [jar:file:/home/nick/.gradle/caches/modules-2/files-2.1/com.google.code.gson/gson/2.8.0/c4ba5371a29ac9b2ad6129b1d39ea38750043eff/gson-2.8.0.jar!/com/google/gson/internal/bind/SqlDateTypeAdapter.class], URL [jar:file:/home/nick/.gradle/caches/modules-2/files-2.1/com.google.code.gson/gson/2.8.0/c4ba5371a29ac9b2ad6129b1d39ea38750043eff/gson-2.8.0.jar!/com/google/gson/internal/bind/TimeTypeAdapter$1.class], URL [jar:file:/home/nick/.gradle/caches/modules-2/files-2.1/com.google.code.gson/gson/2.8.0/c4ba5371a29ac9b2ad6129b1d39ea38750043eff/gson-2.8.0.jar!/com/google/gson/internal/bind/TimeTypeAdapter.class], URL [jar:file:/home/nick/.gradle/caches/modules-2/files-2.1/com.google.code.gson/gson/2.8.0/c4ba5371a29ac9b2ad6129b1d39ea38750043eff/gson-2.8.0.jar!/com/google/gson/internal/bind/TreeTypeAdapter$1.class], URL [jar:file:/home/nick/.gradle/caches/modules-2/files-2.1/com.google.code.gson/gson/2.8.0/c4ba5371a29ac9b2ad6129b1d39ea38750043eff/gson-2.8.0.jar!/com/google/gson/internal/bind/TreeTypeAdapter$GsonContextImpl.class], URL [jar:file:/home/nick/.gradle/caches/modules-2/files-2.1/com.google.code.gson/gson/2.8.0/c4ba5371a29ac9b2ad6129b1d39ea38750043eff/gson-2.8.0.jar!/com/google/gson/internal/bind/TreeTypeAdapter$SingleTypeFactory.class], URL [jar:file:/home/nick/.gradle/caches/modules-2/files-2.1/com.google.code.gson/gson/2.8.0/c4ba5371a29ac9b2ad6129b1d39ea38750043eff/gson-2.8.0.jar!/com/google/gson/internal/bind/TreeTypeAdapter.class], URL [jar:file:/home/nick/.gradle/caches/modules-2/files-2.1/com.google.code.gson/gson/2.8.0/c4ba5371a29ac9b2ad6129b1d39ea38750043eff/gson-2.8.0.jar!/com/google/gson/internal/bind/TypeAdapterRuntimeTypeWrapper.class], URL [jar:file:/home/nick/.gradle/caches/modules-2/files-2.1/com.google.code.gson/gson/2.8.0/c4ba5371a29ac9b2ad6129b1d39ea38750043eff/gson-2.8.0.jar!/com/google/gson/internal/bind/TypeAdapters$1.class], URL [jar:file:/home/nick/.gradle/caches/modules-2/files-2.1/com.google.code.gson/gson/2.8.0/c4ba5371a29ac9b2ad6129b1d39ea38750043eff/gson-2.8.0.jar!/com/google/gson/internal/bind/TypeAdapters$10.class], URL [jar:file:/home/nick/.gradle/caches/modules-2/files-2.1/com.google.code.gson/gson/2.8.0/c4ba5371a29ac9b2ad6129b1d39ea38750043eff/gson-2.8.0.jar!/com/google/gson/internal/bind/TypeAdapters$11.class], URL [jar:file:/home/nick/.gradle/caches/modules-2/files-2.1/com.google.code.gson/gson/2.8.0/c4ba5371a29ac9b2ad6129b1d39ea38750043eff/gson-2.8.0.jar!/com/google/gson/internal/bind/TypeAdapters$12.class], URL [jar:file:/home/nick/.gradle/caches/modules-2/files-2.1/com.google.code.gson/gson/2.8.0/c4ba5371a29ac9b2ad6129b1d39ea38750043eff/gson-2.8.0.jar!/com/google/gson/internal/bind/TypeAdapters$13.class], URL [jar:file:/home/nick/.gradle/caches/modules-2/files-2.1/com.google.code.gson/gson/2.8.0/c4ba5371a29ac9b2ad6129b1d39ea38750043eff/gson-2.8.0.jar!/com/google/gson/internal/bind/TypeAdapters$14.class], URL [jar:file:/home/nick/.gradle/caches/modules-2/files-2.1/com.google.code.gson/gson/2.8.0/c4ba5371a29ac9b2ad6129b1d39ea38750043eff/gson-2.8.0.jar!/com/google/gson/internal/bind/TypeAdapters$15.class], URL [jar:file:/home/nick/.gradle/caches/modules-2/files-2.1/com.google.code.gson/gson/2.8.0/c4ba5371a29ac9b2ad6129b1d39ea38750043eff/gson-2.8.0.jar!/com/google/gson/internal/bind/TypeAdapters$16.class], URL [jar:file:/home/nick/.gradle/caches/modules-2/files-2.1/com.google.code.gson/gson/2.8.0/c4ba5371a29ac9b2ad6129b1d39ea38750043eff/gson-2.8.0.jar!/com/google/gson/internal/bind/TypeAdapters$17.class], URL [jar:file:/home/nick/.gradle/caches/modules-2/files-2.1/com.google.code.gson/gson/2.8.0/c4ba5371a29ac9b2ad6129b1d39ea38750043eff/gson-2.8.0.jar!/com/google/gson/internal/bind/TypeAdapters$18.class], URL [jar:file:/home/nick/.gradle/caches/modules-2/files-2.1/com.google.code.gson/gson/2.8.0/c4ba5371a29ac9b2ad6129b1d39ea38750043eff/gson-2.8.0.jar!/com/google/gson/internal/bind/TypeAdapters$19.class], URL [jar:file:/home/nick/.gradle/caches/modules-2/files-2.1/com.google.code.gson/gson/2.8.0/c4ba5371a29ac9b2ad6129b1d39ea38750043eff/gson-2.8.0.jar!/com/google/gson/internal/bind/TypeAdapters$2.class], URL [jar:file:/home/nick/.gradle/caches/modules-2/files-2.1/com.google.code.gson/gson/2.8.0/c4ba5371a29ac9b2ad6129b1d39ea38750043eff/gson-2.8.0.jar!/com/google/gson/internal/bind/TypeAdapters$20.class], URL [jar:file:/home/nick/.gradle/caches/modules-2/files-2.1/com.google.code.gson/gson/2.8.0/c4ba5371a29ac9b2ad6129b1d39ea38750043eff/gson-2.8.0.jar!/com/google/gson/internal/bind/TypeAdapters$21.class], URL [jar:file:/home/nick/.gradle/caches/modules-2/files-2.1/com.google.code.gson/gson/2.8.0/c4ba5371a29ac9b2ad6129b1d39ea38750043eff/gson-2.8.0.jar!/com/google/gson/internal/bind/TypeAdapters$22.class], URL [jar:file:/home/nick/.gradle/caches/modules-2/files-2.1/com.google.code.gson/gson/2.8.0/c4ba5371a29ac9b2ad6129b1d39ea38750043eff/gson-2.8.0.jar!/com/google/gson/internal/bind/TypeAdapters$23.class], URL [jar:file:/home/nick/.gradle/caches/modules-2/files-2.1/com.google.code.gson/gson/2.8.0/c4ba5371a29ac9b2ad6129b1d39ea38750043eff/gson-2.8.0.jar!/com/google/gson/internal/bind/TypeAdapters$24.class], URL [jar:file:/home/nick/.gradle/caches/modules-2/files-2.1/com.google.code.gson/gson/2.8.0/c4ba5371a29ac9b2ad6129b1d39ea38750043eff/gson-2.8.0.jar!/com/google/gson/internal/bind/TypeAdapters$25.class], URL [jar:file:/home/nick/.gradle/caches/modules-2/files-2.1/com.google.code.gson/gson/2.8.0/c4ba5371a29ac9b2ad6129b1d39ea38750043eff/gson-2.8.0.jar!/com/google/gson/internal/bind/TypeAdapters$26$1.class], URL [jar:file:/home/nick/.gradle/caches/modules-2/files-2.1/com.google.code.gson/gson/2.8.0/c4ba5371a29ac9b2ad6129b1d39ea38750043eff/gson-2.8.0.jar!/com/google/gson/internal/bind/TypeAdapters$26.class], URL [jar:file:/home/nick/.gradle/caches/modules-2/files-2.1/com.google.code.gson/gson/2.8.0/c4ba5371a29ac9b2ad6129b1d39ea38750043eff/gson-2.8.0.jar!/com/google/gson/internal/bind/TypeAdapters$27.class], URL [jar:file:/home/nick/.gradle/caches/modules-2/files-2.1/com.google.code.gson/gson/2.8.0/c4ba5371a29ac9b2ad6129b1d39ea38750043eff/gson-2.8.0.jar!/com/google/gson/internal/bind/TypeAdapters$28.class], URL [jar:file:/home/nick/.gradle/caches/modules-2/files-2.1/com.google.code.gson/gson/2.8.0/c4ba5371a29ac9b2ad6129b1d39ea38750043eff/gson-2.8.0.jar!/com/google/gson/internal/bind/TypeAdapters$29.class], URL [jar:file:/home/nick/.gradle/caches/modules-2/files-2.1/com.google.code.gson/gson/2.8.0/c4ba5371a29ac9b2ad6129b1d39ea38750043eff/gson-2.8.0.jar!/com/google/gson/internal/bind/TypeAdapters$3.class], URL [jar:file:/home/nick/.gradle/caches/modules-2/files-2.1/com.google.code.gson/gson/2.8.0/c4ba5371a29ac9b2ad6129b1d39ea38750043eff/gson-2.8.0.jar!/com/google/gson/internal/bind/TypeAdapters$30.class], URL [jar:file:/home/nick/.gradle/caches/modules-2/files-2.1/com.google.code.gson/gson/2.8.0/c4ba5371a29ac9b2ad6129b1d39ea38750043eff/gson-2.8.0.jar!/com/google/gson/internal/bind/TypeAdapters$31.class], URL [jar:file:/home/nick/.gradle/caches/modules-2/files-2.1/com.google.code.gson/gson/2.8.0/c4ba5371a29ac9b2ad6129b1d39ea38750043eff/gson-2.8.0.jar!/com/google/gson/internal/bind/TypeAdapters$32.class], URL [jar:file:/home/nick/.gradle/caches/modules-2/files-2.1/com.google.code.gson/gson/2.8.0/c4ba5371a29ac9b2ad6129b1d39ea38750043eff/gson-2.8.0.jar!/com/google/gson/internal/bind/TypeAdapters$33.class], URL [jar:file:/home/nick/.gradle/caches/modules-2/files-2.1/com.google.code.gson/gson/2.8.0/c4ba5371a29ac9b2ad6129b1d39ea38750043eff/gson-2.8.0.jar!/com/google/gson/internal/bind/TypeAdapters$34.class], URL [jar:file:/home/nick/.gradle/caches/modules-2/files-2.1/com.google.code.gson/gson/2.8.0/c4ba5371a29ac9b2ad6129b1d39ea38750043eff/gson-2.8.0.jar!/com/google/gson/internal/bind/TypeAdapters$35$1.class], URL [jar:file:/home/nick/.gradle/caches/modules-2/files-2.1/com.google.code.gson/gson/2.8.0/c4ba5371a29ac9b2ad6129b1d39ea38750043eff/gson-2.8.0.jar!/com/google/gson/internal/bind/TypeAdapters$35.class], URL [jar:file:/home/nick/.gradle/caches/modules-2/files-2.1/com.google.code.gson/gson/2.8.0/c4ba5371a29ac9b2ad6129b1d39ea38750043eff/gson-2.8.0.jar!/com/google/gson/internal/bind/TypeAdapters$36.class], URL [jar:file:/home/nick/.gradle/caches/modules-2/files-2.1/com.google.code.gson/gson/2.8.0/c4ba5371a29ac9b2ad6129b1d39ea38750043eff/gson-2.8.0.jar!/com/google/gson/internal/bind/TypeAdapters$4.class], URL [jar:file:/home/nick/.gradle/caches/modules-2/files-2.1/com.google.code.gson/gson/2.8.0/c4ba5371a29ac9b2ad6129b1d39ea38750043eff/gson-2.8.0.jar!/com/google/gson/internal/bind/TypeAdapters$5.class], URL [jar:file:/home/nick/.gradle/caches/modules-2/files-2.1/com.google.code.gson/gson/2.8.0/c4ba5371a29ac9b2ad6129b1d39ea38750043eff/gson-2.8.0.jar!/com/google/gson/internal/bind/TypeAdapters$6.class], URL [jar:file:/home/nick/.gradle/caches/modules-2/files-2.1/com.google.code.gson/gson/2.8.0/c4ba5371a29ac9b2ad6129b1d39ea38750043eff/gson-2.8.0.jar!/com/google/gson/internal/bind/TypeAdapters$7.class], URL [jar:file:/home/nick/.gradle/caches/modules-2/files-2.1/com.google.code.gson/gson/2.8.0/c4ba5371a29ac9b2ad6129b1d39ea38750043eff/gson-2.8.0.jar!/com/google/gson/internal/bind/TypeAdapters$8.class], URL [jar:file:/home/nick/.gradle/caches/modules-2/files-2.1/com.google.code.gson/gson/2.8.0/c4ba5371a29ac9b2ad6129b1d39ea38750043eff/gson-2.8.0.jar!/com/google/gson/internal/bind/TypeAdapters$9.class], URL [jar:file:/home/nick/.gradle/caches/modules-2/files-2.1/com.google.code.gson/gson/2.8.0/c4ba5371a29ac9b2ad6129b1d39ea38750043eff/gson-2.8.0.jar!/com/google/gson/internal/bind/TypeAdapters$EnumTypeAdapter.class], URL [jar:file:/home/nick/.gradle/caches/modules-2/files-2.1/com.google.code.gson/gson/2.8.0/c4ba5371a29ac9b2ad6129b1d39ea38750043eff/gson-2.8.0.jar!/com/google/gson/internal/bind/TypeAdapters.class], URL [jar:file:/home/nick/.gradle/caches/modules-2/files-2.1/com.google.code.gson/gson/2.8.0/c4ba5371a29ac9b2ad6129b1d39ea38750043eff/gson-2.8.0.jar!/com/google/gson/internal/bind/util/ISO8601Utils.class], URL [jar:file:/home/nick/.gradle/caches/modules-2/files-2.1/com.google.code.gson/gson/2.8.0/c4ba5371a29ac9b2ad6129b1d39ea38750043eff/gson-2.8.0.jar!/com/google/gson/internal/ConstructorConstructor$1.class], URL [jar:file:/home/nick/.gradle/caches/modules-2/files-2.1/com.google.code.gson/gson/2.8.0/c4ba5371a29ac9b2ad6129b1d39ea38750043eff/gson-2.8.0.jar!/com/google/gson/internal/ConstructorConstructor$10.class], URL [jar:file:/home/nick/.gradle/caches/modules-2/files-2.1/com.google.code.gson/gson/2.8.0/c4ba5371a29ac9b2ad6129b1d39ea38750043eff/gson-2.8.0.jar!/com/google/gson/internal/ConstructorConstructor$11.class], URL [jar:file:/home/nick/.gradle/caches/modules-2/files-2.1/com.google.code.gson/gson/2.8.0/c4ba5371a29ac9b2ad6129b1d39ea38750043eff/gson-2.8.0.jar!/com/google/gson/internal/ConstructorConstructor$12.class], URL [jar:file:/home/nick/.gradle/caches/modules-2/files-2.1/com.google.code.gson/gson/2.8.0/c4ba5371a29ac9b2ad6129b1d39ea38750043eff/gson-2.8.0.jar!/com/google/gson/internal/ConstructorConstructor$13.class], URL [jar:file:/home/nick/.gradle/caches/modules-2/files-2.1/com.google.code.gson/gson/2.8.0/c4ba5371a29ac9b2ad6129b1d39ea38750043eff/gson-2.8.0.jar!/com/google/gson/internal/ConstructorConstructor$14.class], URL [jar:file:/home/nick/.gradle/caches/modules-2/files-2.1/com.google.code.gson/gson/2.8.0/c4ba5371a29ac9b2ad6129b1d39ea38750043eff/gson-2.8.0.jar!/com/google/gson/internal/ConstructorConstructor$2.class], URL [jar:file:/home/nick/.gradle/caches/modules-2/files-2.1/com.google.code.gson/gson/2.8.0/c4ba5371a29ac9b2ad6129b1d39ea38750043eff/gson-2.8.0.jar!/com/google/gson/internal/ConstructorConstructor$3.class], URL [jar:file:/home/nick/.gradle/caches/modules-2/files-2.1/com.google.code.gson/gson/2.8.0/c4ba5371a29ac9b2ad6129b1d39ea38750043eff/gson-2.8.0.jar!/com/google/gson/internal/ConstructorConstructor$4.class], URL [jar:file:/home/nick/.gradle/caches/modules-2/files-2.1/com.google.code.gson/gson/2.8.0/c4ba5371a29ac9b2ad6129b1d39ea38750043eff/gson-2.8.0.jar!/com/google/gson/internal/ConstructorConstructor$5.class], URL [jar:file:/home/nick/.gradle/caches/modules-2/files-2.1/com.google.code.gson/gson/2.8.0/c4ba5371a29ac9b2ad6129b1d39ea38750043eff/gson-2.8.0.jar!/com/google/gson/internal/ConstructorConstructor$6.class], URL [jar:file:/home/nick/.gradle/caches/modules-2/files-2.1/com.google.code.gson/gson/2.8.0/c4ba5371a29ac9b2ad6129b1d39ea38750043eff/gson-2.8.0.jar!/com/google/gson/internal/ConstructorConstructor$7.class], URL [jar:file:/home/nick/.gradle/caches/modules-2/files-2.1/com.google.code.gson/gson/2.8.0/c4ba5371a29ac9b2ad6129b1d39ea38750043eff/gson-2.8.0.jar!/com/google/gson/internal/ConstructorConstructor$8.class], URL [jar:file:/home/nick/.gradle/caches/modules-2/files-2.1/com.google.code.gson/gson/2.8.0/c4ba5371a29ac9b2ad6129b1d39ea38750043eff/gson-2.8.0.jar!/com/google/gson/internal/ConstructorConstructor$9.class], URL [jar:file:/home/nick/.gradle/caches/modules-2/files-2.1/com.google.code.gson/gson/2.8.0/c4ba5371a29ac9b2ad6129b1d39ea38750043eff/gson-2.8.0.jar!/com/google/gson/internal/ConstructorConstructor.class], URL [jar:file:/home/nick/.gradle/caches/modules-2/files-2.1/com.google.code.gson/gson/2.8.0/c4ba5371a29ac9b2ad6129b1d39ea38750043eff/gson-2.8.0.jar!/com/google/gson/internal/Excluder$1.class], URL [jar:file:/home/nick/.gradle/caches/modules-2/files-2.1/com.google.code.gson/gson/2.8.0/c4ba5371a29ac9b2ad6129b1d39ea38750043eff/gson-2.8.0.jar!/com/google/gson/internal/Excluder.class], URL [jar:file:/home/nick/.gradle/caches/modules-2/files-2.1/com.google.code.gson/gson/2.8.0/c4ba5371a29ac9b2ad6129b1d39ea38750043eff/gson-2.8.0.jar!/com/google/gson/internal/JsonReaderInternalAccess.class], URL [jar:file:/home/nick/.gradle/caches/modules-2/files-2.1/com.google.code.gson/gson/2.8.0/c4ba5371a29ac9b2ad6129b1d39ea38750043eff/gson-2.8.0.jar!/com/google/gson/internal/LazilyParsedNumber.class], URL [jar:file:/home/nick/.gradle/caches/modules-2/files-2.1/com.google.code.gson/gson/2.8.0/c4ba5371a29ac9b2ad6129b1d39ea38750043eff/gson-2.8.0.jar!/com/google/gson/internal/LinkedHashTreeMap$1.class], URL [jar:file:/home/nick/.gradle/caches/modules-2/files-2.1/com.google.code.gson/gson/2.8.0/c4ba5371a29ac9b2ad6129b1d39ea38750043eff/gson-2.8.0.jar!/com/google/gson/internal/LinkedHashTreeMap$AvlBuilder.class], URL [jar:file:/home/nick/.gradle/caches/modules-2/files-2.1/com.google.code.gson/gson/2.8.0/c4ba5371a29ac9b2ad6129b1d39ea38750043eff/gson-2.8.0.jar!/com/google/gson/internal/LinkedHashTreeMap$AvlIterator.class], URL [jar:file:/home/nick/.gradle/caches/modules-2/files-2.1/com.google.code.gson/gson/2.8.0/c4ba5371a29ac9b2ad6129b1d39ea38750043eff/gson-2.8.0.jar!/com/google/gson/internal/LinkedHashTreeMap$EntrySet$1.class], URL [jar:file:/home/nick/.gradle/caches/modules-2/files-2.1/com.google.code.gson/gson/2.8.0/c4ba5371a29ac9b2ad6129b1d39ea38750043eff/gson-2.8.0.jar!/com/google/gson/internal/LinkedHashTreeMap$EntrySet.class], URL [jar:file:/home/nick/.gradle/caches/modules-2/files-2.1/com.google.code.gson/gson/2.8.0/c4ba5371a29ac9b2ad6129b1d39ea38750043eff/gson-2.8.0.jar!/com/google/gson/internal/LinkedHashTreeMap$KeySet$1.class], URL [jar:file:/home/nick/.gradle/caches/modules-2/files-2.1/com.google.code.gson/gson/2.8.0/c4ba5371a29ac9b2ad6129b1d39ea38750043eff/gson-2.8.0.jar!/com/google/gson/internal/LinkedHashTreeMap$KeySet.class], URL [jar:file:/home/nick/.gradle/caches/modules-2/files-2.1/com.google.code.gson/gson/2.8.0/c4ba5371a29ac9b2ad6129b1d39ea38750043eff/gson-2.8.0.jar!/com/google/gson/internal/LinkedHashTreeMap$LinkedTreeMapIterator.class], URL [jar:file:/home/nick/.gradle/caches/modules-2/files-2.1/com.google.code.gson/gson/2.8.0/c4ba5371a29ac9b2ad6129b1d39ea38750043eff/gson-2.8.0.jar!/com/google/gson/internal/LinkedHashTreeMap$Node.class], URL [jar:file:/home/nick/.gradle/caches/modules-2/files-2.1/com.google.code.gson/gson/2.8.0/c4ba5371a29ac9b2ad6129b1d39ea38750043eff/gson-2.8.0.jar!/com/google/gson/internal/LinkedHashTreeMap.class], URL [jar:file:/home/nick/.gradle/caches/modules-2/files-2.1/com.google.code.gson/gson/2.8.0/c4ba5371a29ac9b2ad6129b1d39ea38750043eff/gson-2.8.0.jar!/com/google/gson/internal/LinkedTreeMap$1.class], URL [jar:file:/home/nick/.gradle/caches/modules-2/files-2.1/com.google.code.gson/gson/2.8.0/c4ba5371a29ac9b2ad6129b1d39ea38750043eff/gson-2.8.0.jar!/com/google/gson/internal/LinkedTreeMap$EntrySet$1.class], URL [jar:file:/home/nick/.gradle/caches/modules-2/files-2.1/com.google.code.gson/gson/2.8.0/c4ba5371a29ac9b2ad6129b1d39ea38750043eff/gson-2.8.0.jar!/com/google/gson/internal/LinkedTreeMap$EntrySet.class], URL [jar:file:/home/nick/.gradle/caches/modules-2/files-2.1/com.google.code.gson/gson/2.8.0/c4ba5371a29ac9b2ad6129b1d39ea38750043eff/gson-2.8.0.jar!/com/google/gson/internal/LinkedTreeMap$KeySet$1.class], URL [jar:file:/home/nick/.gradle/caches/modules-2/files-2.1/com.google.code.gson/gson/2.8.0/c4ba5371a29ac9b2ad6129b1d39ea38750043eff/gson-2.8.0.jar!/com/google/gson/internal/LinkedTreeMap$KeySet.class], URL [jar:file:/home/nick/.gradle/caches/modules-2/files-2.1/com.google.code.gson/gson/2.8.0/c4ba5371a29ac9b2ad6129b1d39ea38750043eff/gson-2.8.0.jar!/com/google/gson/internal/LinkedTreeMap$LinkedTreeMapIterator.class], URL [jar:file:/home/nick/.gradle/caches/modules-2/files-2.1/com.google.code.gson/gson/2.8.0/c4ba5371a29ac9b2ad6129b1d39ea38750043eff/gson-2.8.0.jar!/com/google/gson/internal/LinkedTreeMap$Node.class], URL [jar:file:/home/nick/.gradle/caches/modules-2/files-2.1/com.google.code.gson/gson/2.8.0/c4ba5371a29ac9b2ad6129b1d39ea38750043eff/gson-2.8.0.jar!/com/google/gson/internal/LinkedTreeMap.class], URL [jar:file:/home/nick/.gradle/caches/modules-2/files-2.1/com.google.code.gson/gson/2.8.0/c4ba5371a29ac9b2ad6129b1d39ea38750043eff/gson-2.8.0.jar!/com/google/gson/internal/ObjectConstructor.class], URL [jar:file:/home/nick/.gradle/caches/modules-2/files-2.1/com.google.code.gson/gson/2.8.0/c4ba5371a29ac9b2ad6129b1d39ea38750043eff/gson-2.8.0.jar!/com/google/gson/internal/Primitives.class], URL [jar:file:/home/nick/.gradle/caches/modules-2/files-2.1/com.google.code.gson/gson/2.8.0/c4ba5371a29ac9b2ad6129b1d39ea38750043eff/gson-2.8.0.jar!/com/google/gson/internal/Streams$AppendableWriter$CurrentWrite.class], URL [jar:file:/home/nick/.gradle/caches/modules-2/files-2.1/com.google.code.gson/gson/2.8.0/c4ba5371a29ac9b2ad6129b1d39ea38750043eff/gson-2.8.0.jar!/com/google/gson/internal/Streams$AppendableWriter.class], URL [jar:file:/home/nick/.gradle/caches/modules-2/files-2.1/com.google.code.gson/gson/2.8.0/c4ba5371a29ac9b2ad6129b1d39ea38750043eff/gson-2.8.0.jar!/com/google/gson/internal/Streams.class], URL [jar:file:/home/nick/.gradle/caches/modules-2/files-2.1/com.google.code.gson/gson/2.8.0/c4ba5371a29ac9b2ad6129b1d39ea38750043eff/gson-2.8.0.jar!/com/google/gson/internal/UnsafeAllocator$1.class], URL [jar:file:/home/nick/.gradle/caches/modules-2/files-2.1/com.google.code.gson/gson/2.8.0/c4ba5371a29ac9b2ad6129b1d39ea38750043eff/gson-2.8.0.jar!/com/google/gson/internal/UnsafeAllocator$2.class], URL [jar:file:/home/nick/.gradle/caches/modules-2/files-2.1/com.google.code.gson/gson/2.8.0/c4ba5371a29ac9b2ad6129b1d39ea38750043eff/gson-2.8.0.jar!/com/google/gson/internal/UnsafeAllocator$3.class], URL [jar:file:/home/nick/.gradle/caches/modules-2/files-2.1/com.google.code.gson/gson/2.8.0/c4ba5371a29ac9b2ad6129b1d39ea38750043eff/gson-2.8.0.jar!/com/google/gson/internal/UnsafeAllocator$4.class], URL [jar:file:/home/nick/.gradle/caches/modules-2/files-2.1/com.google.code.gson/gson/2.8.0/c4ba5371a29ac9b2ad6129b1d39ea38750043eff/gson-2.8.0.jar!/com/google/gson/internal/UnsafeAllocator.class], URL [jar:file:/home/nick/.gradle/caches/modules-2/files-2.1/com.google.code.gson/gson/2.8.0/c4ba5371a29ac9b2ad6129b1d39ea38750043eff/gson-2.8.0.jar!/com/google/gson/JsonArray.class], URL [jar:file:/home/nick/.gradle/caches/modules-2/files-2.1/com.google.code.gson/gson/2.8.0/c4ba5371a29ac9b2ad6129b1d39ea38750043eff/gson-2.8.0.jar!/com/google/gson/JsonDeserializationContext.class], URL [jar:file:/home/nick/.gradle/caches/modules-2/files-2.1/com.google.code.gson/gson/2.8.0/c4ba5371a29ac9b2ad6129b1d39ea38750043eff/gson-2.8.0.jar!/com/google/gson/JsonDeserializer.class], URL [jar:file:/home/nick/.gradle/caches/modules-2/files-2.1/com.google.code.gson/gson/2.8.0/c4ba5371a29ac9b2ad6129b1d39ea38750043eff/gson-2.8.0.jar!/com/google/gson/JsonElement.class], URL [jar:file:/home/nick/.gradle/caches/modules-2/files-2.1/com.google.code.gson/gson/2.8.0/c4ba5371a29ac9b2ad6129b1d39ea38750043eff/gson-2.8.0.jar!/com/google/gson/JsonIOException.class], URL [jar:file:/home/nick/.gradle/caches/modules-2/files-2.1/com.google.code.gson/gson/2.8.0/c4ba5371a29ac9b2ad6129b1d39ea38750043eff/gson-2.8.0.jar!/com/google/gson/JsonNull.class], URL [jar:file:/home/nick/.gradle/caches/modules-2/files-2.1/com.google.code.gson/gson/2.8.0/c4ba5371a29ac9b2ad6129b1d39ea38750043eff/gson-2.8.0.jar!/com/google/gson/JsonObject.class], URL [jar:file:/home/nick/.gradle/caches/modules-2/files-2.1/com.google.code.gson/gson/2.8.0/c4ba5371a29ac9b2ad6129b1d39ea38750043eff/gson-2.8.0.jar!/com/google/gson/JsonParseException.class], URL [jar:file:/home/nick/.gradle/caches/modules-2/files-2.1/com.google.code.gson/gson/2.8.0/c4ba5371a29ac9b2ad6129b1d39ea38750043eff/gson-2.8.0.jar!/com/google/gson/JsonParser.class], URL [jar:file:/home/nick/.gradle/caches/modules-2/files-2.1/com.google.code.gson/gson/2.8.0/c4ba5371a29ac9b2ad6129b1d39ea38750043eff/gson-2.8.0.jar!/com/google/gson/JsonPrimitive.class], URL [jar:file:/home/nick/.gradle/caches/modules-2/files-2.1/com.google.code.gson/gson/2.8.0/c4ba5371a29ac9b2ad6129b1d39ea38750043eff/gson-2.8.0.jar!/com/google/gson/JsonSerializationContext.class], URL [jar:file:/home/nick/.gradle/caches/modules-2/files-2.1/com.google.code.gson/gson/2.8.0/c4ba5371a29ac9b2ad6129b1d39ea38750043eff/gson-2.8.0.jar!/com/google/gson/JsonSerializer.class], URL [jar:file:/home/nick/.gradle/caches/modules-2/files-2.1/com.google.code.gson/gson/2.8.0/c4ba5371a29ac9b2ad6129b1d39ea38750043eff/gson-2.8.0.jar!/com/google/gson/JsonStreamParser.class], URL [jar:file:/home/nick/.gradle/caches/modules-2/files-2.1/com.google.code.gson/gson/2.8.0/c4ba5371a29ac9b2ad6129b1d39ea38750043eff/gson-2.8.0.jar!/com/google/gson/JsonSyntaxException.class], URL [jar:file:/home/nick/.gradle/caches/modules-2/files-2.1/com.google.code.gson/gson/2.8.0/c4ba5371a29ac9b2ad6129b1d39ea38750043eff/gson-2.8.0.jar!/com/google/gson/LongSerializationPolicy$1.class], URL [jar:file:/home/nick/.gradle/caches/modules-2/files-2.1/com.google.code.gson/gson/2.8.0/c4ba5371a29ac9b2ad6129b1d39ea38750043eff/gson-2.8.0.jar!/com/google/gson/LongSerializationPolicy$2.class], URL [jar:file:/home/nick/.gradle/caches/modules-2/files-2.1/com.google.code.gson/gson/2.8.0/c4ba5371a29ac9b2ad6129b1d39ea38750043eff/gson-2.8.0.jar!/com/google/gson/LongSerializationPolicy.class], URL [jar:file:/home/nick/.gradle/caches/modules-2/files-2.1/com.google.code.gson/gson/2.8.0/c4ba5371a29ac9b2ad6129b1d39ea38750043eff/gson-2.8.0.jar!/com/google/gson/reflect/TypeToken.class], URL [jar:file:/home/nick/.gradle/caches/modules-2/files-2.1/com.google.code.gson/gson/2.8.0/c4ba5371a29ac9b2ad6129b1d39ea38750043eff/gson-2.8.0.jar!/com/google/gson/stream/JsonReader$1.class], URL [jar:file:/home/nick/.gradle/caches/modules-2/files-2.1/com.google.code.gson/gson/2.8.0/c4ba5371a29ac9b2ad6129b1d39ea38750043eff/gson-2.8.0.jar!/com/google/gson/stream/JsonReader.class], URL [jar:file:/home/nick/.gradle/caches/modules-2/files-2.1/com.google.code.gson/gson/2.8.0/c4ba5371a29ac9b2ad6129b1d39ea38750043eff/gson-2.8.0.jar!/com/google/gson/stream/JsonScope.class], URL [jar:file:/home/nick/.gradle/caches/modules-2/files-2.1/com.google.code.gson/gson/2.8.0/c4ba5371a29ac9b2ad6129b1d39ea38750043eff/gson-2.8.0.jar!/com/google/gson/stream/JsonToken.class], URL [jar:file:/home/nick/.gradle/caches/modules-2/files-2.1/com.google.code.gson/gson/2.8.0/c4ba5371a29ac9b2ad6129b1d39ea38750043eff/gson-2.8.0.jar!/com/google/gson/stream/JsonWriter.class], URL [jar:file:/home/nick/.gradle/caches/modules-2/files-2.1/com.google.code.gson/gson/2.8.0/c4ba5371a29ac9b2ad6129b1d39ea38750043eff/gson-2.8.0.jar!/com/google/gson/stream/MalformedJsonException.class], URL [jar:file:/home/nick/.gradle/caches/modules-2/files-2.1/com.google.code.gson/gson/2.8.0/c4ba5371a29ac9b2ad6129b1d39ea38750043eff/gson-2.8.0.jar!/com/google/gson/TypeAdapter$1.class], URL [jar:file:/home/nick/.gradle/caches/modules-2/files-2.1/com.google.code.gson/gson/2.8.0/c4ba5371a29ac9b2ad6129b1d39ea38750043eff/gson-2.8.0.jar!/com/google/gson/TypeAdapter.class], URL [jar:file:/home/nick/.gradle/caches/modules-2/files-2.1/com.google.code.gson/gson/2.8.0/c4ba5371a29ac9b2ad6129b1d39ea38750043eff/gson-2.8.0.jar!/com/google/gson/TypeAdapterFactory.class]]
23:31:11.183 [Test worker] DEBUG org.springframework.context.annotation.ClassPathBeanDefinitionScanner - Identified candidate component class: file [/home/nick/IdeaProjects/2017_Spring_v01/build/classes/main/com/springV01/service/board/Board001Service.class]
23:31:11.670 [Test worker] INFO org.springframework.beans.factory.xml.XmlBeanDefinitionReader - Loading XML bean definitions from file [/home/nick/IdeaProjects/2017_Spring_v01/build/resources/main/com/framework/spring/datasource-context.xml]
23:31:11.678 [Test worker] DEBUG org.springframework.beans.factory.xml.DefaultDocumentLoader - Using JAXP provider [com.sun.org.apache.xerces.internal.jaxp.DocumentBuilderFactoryImpl]
23:31:11.685 [Test worker] DEBUG org.springframework.beans.factory.xml.PluggableSchemaResolver - Found XML schema [http://www.springframework.org/schema/beans/spring-beans-4.0.xsd] in classpath: org/springframework/beans/factory/xml/spring-beans-4.0.xsd
23:31:11.714 [Test worker] DEBUG org.springframework.beans.factory.xml.DefaultBeanDefinitionDocumentReader - Loading bean definitions
23:31:11.719 [Test worker] INFO org.springframework.beans.factory.xml.XmlBeanDefinitionReader - Loading XML bean definitions from file [/home/nick/IdeaProjects/2017_Spring_v01/build/resources/main/com/framework/spring/mapper-context.xml]
23:31:11.724 [Test worker] DEBUG org.springframework.beans.factory.xml.DefaultDocumentLoader - Using JAXP provider [com.sun.org.apache.xerces.internal.jaxp.DocumentBuilderFactoryImpl]
23:31:11.727 [Test worker] DEBUG org.springframework.beans.factory.xml.PluggableSchemaResolver - Found XML schema [http://www.springframework.org/schema/beans/spring-beans.xsd] in classpath: org/springframework/beans/factory/xml/spring-beans-4.3.xsd
23:31:11.781 [Test worker] DEBUG org.springframework.beans.factory.xml.DefaultBeanDefinitionDocumentReader - Loading bean definitions
23:31:11.802 [Test worker] DEBUG org.springframework.beans.factory.xml.BeanDefinitionParserDelegate - Neither XML 'id' nor 'name' specified - using generated bean name [org.mybatis.spring.mapper.MapperScannerConfigurer#0]
23:31:11.803 [Test worker] DEBUG org.springframework.beans.factory.xml.XmlBeanDefinitionReader - Loaded 19 bean definitions from location pattern [classpath:com/framework/spring/*-context.xml]
23:31:11.809 [Test worker] INFO org.springframework.context.support.GenericApplicationContext - Refreshing org.springframework.context.support.GenericApplicationContext@3fe1ab07: startup date [Sun Sep 03 23:31:11 KST 2017]; root of context hierarchy
23:31:11.812 [Test worker] DEBUG org.springframework.context.support.GenericApplicationContext - Bean factory for org.springframework.context.support.GenericApplicationContext@3fe1ab07: org.springframework.beans.factory.support.DefaultListableBeanFactory@6c22f80: defining beans [org.springframework.transaction.config.internalTransactionalEventListenerFactory,org.springframework.aop.config.internalAutoProxyCreator,org.springframework.transaction.annotation.AnnotationTransactionAttributeSource#0,org.springframework.transaction.interceptor.TransactionInterceptor#0,org.springframework.transaction.config.internalTransactionAdvisor,org.springframework.context.config.internalBeanConfigurerAspect,board001Service,org.springframework.context.annotation.internalConfigurationAnnotationProcessor,org.springframework.context.annotation.internalAutowiredAnnotationProcessor,org.springframework.context.annotation.internalRequiredAnnotationProcessor,org.springframework.context.annotation.internalCommonAnnotationProcessor,org.springframework.context.event.internalEventListenerProcessor,org.springframework.context.event.internalEventListenerFactory,org.springframework.context.support.PropertySourcesPlaceholderConfigurer#0,dataSource,sqlSessionFactory,sqlSession,mybatisService,org.mybatis.spring.mapper.MapperScannerConfigurer#0]; root of factory hierarchy
23:31:11.931 [Test worker] DEBUG org.springframework.beans.factory.support.DefaultListableBeanFactory - Creating shared instance of singleton bean 'org.springframework.context.annotation.internalConfigurationAnnotationProcessor'
23:31:11.932 [Test worker] DEBUG org.springframework.beans.factory.support.DefaultListableBeanFactory - Creating instance of bean 'org.springframework.context.annotation.internalConfigurationAnnotationProcessor'
23:31:11.978 [Test worker] DEBUG org.springframework.beans.factory.support.DefaultListableBeanFactory - Eagerly caching bean 'org.springframework.context.annotation.internalConfigurationAnnotationProcessor' to allow for resolving potential circular references
23:31:11.982 [Test worker] DEBUG org.springframework.beans.factory.support.DefaultListableBeanFactory - Finished creating instance of bean 'org.springframework.context.annotation.internalConfigurationAnnotationProcessor'
23:31:12.142 [Test worker] DEBUG org.springframework.beans.factory.support.DefaultListableBeanFactory - Creating shared instance of singleton bean 'org.mybatis.spring.mapper.MapperScannerConfigurer#0'
23:31:12.145 [Test worker] DEBUG org.springframework.beans.factory.support.DefaultListableBeanFactory - Creating instance of bean 'org.mybatis.spring.mapper.MapperScannerConfigurer#0'
23:31:12.147 [Test worker] DEBUG org.springframework.beans.factory.support.DefaultListableBeanFactory - Eagerly caching bean 'org.mybatis.spring.mapper.MapperScannerConfigurer#0' to allow for resolving potential circular references
23:31:12.225 [Test worker] DEBUG org.springframework.beans.factory.support.DefaultListableBeanFactory - Invoking afterPropertiesSet() on bean with name 'org.mybatis.spring.mapper.MapperScannerConfigurer#0'
23:31:12.233 [Test worker] DEBUG org.springframework.beans.factory.support.DefaultListableBeanFactory - Finished creating instance of bean 'org.mybatis.spring.mapper.MapperScannerConfigurer#0'
23:31:12.235 [Test worker] DEBUG org.springframework.core.env.StandardEnvironment - Adding [systemProperties] PropertySource with lowest search precedence
23:31:12.247 [Test worker] DEBUG org.springframework.core.env.StandardEnvironment - Adding [systemEnvironment] PropertySource with lowest search precedence
23:31:12.249 [Test worker] DEBUG org.springframework.core.env.StandardEnvironment - Initialized StandardEnvironment with PropertySources [systemProperties,systemEnvironment]
23:31:12.269 [Test worker] DEBUG org.springframework.core.io.support.PathMatchingResourcePatternResolver - Resolved classpath location [classpath:com/springV01/mapper/] to resources []
23:31:12.270 [Test worker] DEBUG org.springframework.core.io.support.PathMatchingResourcePatternResolver - Resolved location pattern [classpath*:classpath:com/springV01/mapper/**/*/xml/**/*.class] to resources []
23:31:12.271 [Test worker] WARN org.mybatis.spring.mapper.ClassPathMapperScanner - No MyBatis mapper was found in '[classpath:com/springV01/mapper/**/*.xml]' package. Please check your configuration.
23:31:12.278 [Test worker] DEBUG org.springframework.beans.factory.support.DefaultListableBeanFactory - Creating shared instance of singleton bean 'org.springframework.context.support.PropertySourcesPlaceholderConfigurer#0'
23:31:12.278 [Test worker] DEBUG org.springframework.beans.factory.support.DefaultListableBeanFactory - Creating instance of bean 'org.springframework.context.support.PropertySourcesPlaceholderConfigurer#0'
23:31:12.279 [Test worker] DEBUG org.springframework.beans.factory.support.DefaultListableBeanFactory - Eagerly caching bean 'org.springframework.context.support.PropertySourcesPlaceholderConfigurer#0' to allow for resolving potential circular references
23:31:12.302 [Test worker] DEBUG org.springframework.beans.factory.support.DefaultListableBeanFactory - Finished creating instance of bean 'org.springframework.context.support.PropertySourcesPlaceholderConfigurer#0'
23:31:12.303 [Test worker] DEBUG org.springframework.core.env.MutablePropertySources - Adding [environmentProperties] PropertySource with lowest search precedence
23:31:12.303 [Test worker] INFO org.springframework.context.support.PropertySourcesPlaceholderConfigurer - Loading properties file from class path resource [com/framework/spring/jdbc.properties]
23:31:12.327 [Test worker] DEBUG org.springframework.core.env.MutablePropertySources - Adding [localProperties] PropertySource with lowest search precedence
23:31:12.343 [Test worker] DEBUG org.springframework.core.env.PropertySourcesPropertyResolver - Could not find key 'PostgreSQL.driverClassName' in any property source
23:31:12.343 [Test worker] DEBUG org.springframework.core.env.PropertySourcesPropertyResolver - Found key 'PostgreSQL.driverClassName' in [localProperties] with type [String]
23:31:12.344 [Test worker] DEBUG org.springframework.core.env.PropertySourcesPropertyResolver - Could not find key 'PostgreSQL.url' in any property source
23:31:12.344 [Test worker] DEBUG org.springframework.core.env.PropertySourcesPropertyResolver - Found key 'PostgreSQL.url' in [localProperties] with type [String]
23:31:12.345 [Test worker] DEBUG org.springframework.core.env.PropertySourcesPropertyResolver - Could not find key 'PostgreSQL.username' in any property source
23:31:12.345 [Test worker] DEBUG org.springframework.core.env.PropertySourcesPropertyResolver - Found key 'PostgreSQL.username' in [localProperties] with type [String]
23:31:12.345 [Test worker] DEBUG org.springframework.core.env.PropertySourcesPropertyResolver - Could not find key 'PostgreSQL.password' in any property source
23:31:12.346 [Test worker] DEBUG org.springframework.core.env.PropertySourcesPropertyResolver - Found key 'PostgreSQL.password' in [localProperties] with type [String]
23:31:12.369 [Test worker] DEBUG org.springframework.beans.factory.support.DefaultListableBeanFactory - Creating shared instance of singleton bean 'org.springframework.context.annotation.internalAutowiredAnnotationProcessor'
23:31:12.370 [Test worker] DEBUG org.springframework.beans.factory.support.DefaultListableBeanFactory - Creating instance of bean 'org.springframework.context.annotation.internalAutowiredAnnotationProcessor'
23:31:12.370 [Test worker] INFO org.springframework.beans.factory.annotation.AutowiredAnnotationBeanPostProcessor - JSR-330 'javax.inject.Inject' annotation found and supported for autowiring
23:31:12.371 [Test worker] DEBUG org.springframework.beans.factory.support.DefaultListableBeanFactory - Eagerly caching bean 'org.springframework.context.annotation.internalAutowiredAnnotationProcessor' to allow for resolving potential circular references
23:31:12.388 [Test worker] DEBUG org.springframework.beans.factory.support.DefaultListableBeanFactory - Finished creating instance of bean 'org.springframework.context.annotation.internalAutowiredAnnotationProcessor'
23:31:12.388 [Test worker] DEBUG org.springframework.beans.factory.support.DefaultListableBeanFactory - Creating shared instance of singleton bean 'org.springframework.context.annotation.internalRequiredAnnotationProcessor'
23:31:12.388 [Test worker] DEBUG org.springframework.beans.factory.support.DefaultListableBeanFactory - Creating instance of bean 'org.springframework.context.annotation.internalRequiredAnnotationProcessor'
23:31:12.389 [Test worker] DEBUG org.springframework.beans.factory.support.DefaultListableBeanFactory - Eagerly caching bean 'org.springframework.context.annotation.internalRequiredAnnotationProcessor' to allow for resolving potential circular references
23:31:12.396 [Test worker] DEBUG org.springframework.beans.factory.support.DefaultListableBeanFactory - Finished creating instance of bean 'org.springframework.context.annotation.internalRequiredAnnotationProcessor'
23:31:12.397 [Test worker] DEBUG org.springframework.beans.factory.support.DefaultListableBeanFactory - Creating shared instance of singleton bean 'org.springframework.context.annotation.internalCommonAnnotationProcessor'
23:31:12.397 [Test worker] DEBUG org.springframework.beans.factory.support.DefaultListableBeanFactory - Creating instance of bean 'org.springframework.context.annotation.internalCommonAnnotationProcessor'
23:31:12.426 [Test worker] DEBUG org.springframework.beans.factory.support.DefaultListableBeanFactory - Eagerly caching bean 'org.springframework.context.annotation.internalCommonAnnotationProcessor' to allow for resolving potential circular references
23:31:12.442 [Test worker] DEBUG org.springframework.beans.factory.support.DefaultListableBeanFactory - Finished creating instance of bean 'org.springframework.context.annotation.internalCommonAnnotationProcessor'
23:31:12.443 [Test worker] DEBUG org.springframework.beans.factory.support.DefaultListableBeanFactory - Creating shared instance of singleton bean 'org.springframework.aop.config.internalAutoProxyCreator'
23:31:12.443 [Test worker] DEBUG org.springframework.beans.factory.support.DefaultListableBeanFactory - Creating instance of bean 'org.springframework.aop.config.internalAutoProxyCreator'
23:31:12.472 [Test worker] DEBUG org.springframework.beans.factory.support.DefaultListableBeanFactory - Eagerly caching bean 'org.springframework.aop.config.internalAutoProxyCreator' to allow for resolving potential circular references
23:31:12.499 [Test worker] DEBUG org.springframework.beans.factory.support.DefaultListableBeanFactory - Finished creating instance of bean 'org.springframework.aop.config.internalAutoProxyCreator'
23:31:12.502 [Test worker] DEBUG org.springframework.context.support.GenericApplicationContext - Unable to locate MessageSource with name 'messageSource': using default [org.springframework.context.support.DelegatingMessageSource@634c6c51]
23:31:12.506 [Test worker] DEBUG org.springframework.context.support.GenericApplicationContext - Unable to locate ApplicationEventMulticaster with name 'applicationEventMulticaster': using default [org.springframework.context.event.SimpleApplicationEventMulticaster@dc82007]
23:31:12.513 [Test worker] DEBUG org.springframework.beans.factory.support.DefaultListableBeanFactory - Pre-instantiating singletons in org.springframework.beans.factory.support.DefaultListableBeanFactory@6c22f80: defining beans [org.springframework.transaction.config.internalTransactionalEventListenerFactory,org.springframework.aop.config.internalAutoProxyCreator,org.springframework.transaction.annotation.AnnotationTransactionAttributeSource#0,org.springframework.transaction.interceptor.TransactionInterceptor#0,org.springframework.transaction.config.internalTransactionAdvisor,org.springframework.context.config.internalBeanConfigurerAspect,board001Service,org.springframework.context.annotation.internalConfigurationAnnotationProcessor,org.springframework.context.annotation.internalAutowiredAnnotationProcessor,org.springframework.context.annotation.internalRequiredAnnotationProcessor,org.springframework.context.annotation.internalCommonAnnotationProcessor,org.springframework.context.event.internalEventListenerProcessor,org.springframework.context.event.internalEventListenerFactory,org.springframework.context.support.PropertySourcesPlaceholderConfigurer#0,dataSource,sqlSessionFactory,sqlSession,mybatisService,org.mybatis.spring.mapper.MapperScannerConfigurer#0]; root of factory hierarchy
23:31:12.514 [Test worker] DEBUG org.springframework.beans.factory.support.DefaultListableBeanFactory - Creating shared instance of singleton bean 'org.springframework.transaction.config.internalTransactionalEventListenerFactory'
23:31:12.515 [Test worker] DEBUG org.springframework.beans.factory.support.DefaultListableBeanFactory - Creating instance of bean 'org.springframework.transaction.config.internalTransactionalEventListenerFactory'
23:31:12.519 [Test worker] DEBUG org.springframework.beans.factory.support.DefaultListableBeanFactory - Eagerly caching bean 'org.springframework.transaction.config.internalTransactionalEventListenerFactory' to allow for resolving potential circular references
23:31:12.525 [Test worker] DEBUG org.springframework.beans.factory.support.DefaultListableBeanFactory - Creating shared instance of singleton bean 'org.springframework.transaction.config.internalTransactionAdvisor'
23:31:12.528 [Test worker] DEBUG org.springframework.beans.factory.support.DefaultListableBeanFactory - Creating instance of bean 'org.springframework.transaction.config.internalTransactionAdvisor'
23:31:12.534 [Test worker] DEBUG org.springframework.beans.factory.support.DefaultListableBeanFactory - Eagerly caching bean 'org.springframework.transaction.config.internalTransactionAdvisor' to allow for resolving potential circular references
23:31:12.562 [Test worker] DEBUG org.springframework.beans.factory.support.DefaultListableBeanFactory - Creating shared instance of singleton bean 'org.springframework.transaction.annotation.AnnotationTransactionAttributeSource#0'
23:31:12.564 [Test worker] DEBUG org.springframework.beans.factory.support.DefaultListableBeanFactory - Creating instance of bean 'org.springframework.transaction.annotation.AnnotationTransactionAttributeSource#0'
23:31:12.566 [Test worker] DEBUG org.springframework.beans.factory.support.DefaultListableBeanFactory - Eagerly caching bean 'org.springframework.transaction.annotation.AnnotationTransactionAttributeSource#0' to allow for resolving potential circular references
23:31:12.569 [Test worker] DEBUG org.springframework.aop.framework.autoproxy.BeanFactoryAdvisorRetrievalHelper - Skipping currently created advisor 'org.springframework.transaction.config.internalTransactionAdvisor'
23:31:12.571 [Test worker] DEBUG org.springframework.beans.factory.support.DefaultListableBeanFactory - Finished creating instance of bean 'org.springframework.transaction.annotation.AnnotationTransactionAttributeSource#0'
23:31:12.572 [Test worker] DEBUG org.springframework.beans.factory.support.DefaultListableBeanFactory - Finished creating instance of bean 'org.springframework.transaction.config.internalTransactionAdvisor'
23:31:12.576 [Test worker] DEBUG org.springframework.beans.factory.support.DefaultListableBeanFactory - Finished creating instance of bean 'org.springframework.transaction.config.internalTransactionalEventListenerFactory'
23:31:12.576 [Test worker] DEBUG org.springframework.beans.factory.support.DefaultListableBeanFactory - Returning cached instance of singleton bean 'org.springframework.aop.config.internalAutoProxyCreator'
23:31:12.576 [Test worker] DEBUG org.springframework.beans.factory.support.DefaultListableBeanFactory - Returning cached instance of singleton bean 'org.springframework.transaction.annotation.AnnotationTransactionAttributeSource#0'
23:31:12.576 [Test worker] DEBUG org.springframework.beans.factory.support.DefaultListableBeanFactory - Creating shared instance of singleton bean 'org.springframework.transaction.interceptor.TransactionInterceptor#0'
23:31:12.577 [Test worker] DEBUG org.springframework.beans.factory.support.DefaultListableBeanFactory - Creating instance of bean 'org.springframework.transaction.interceptor.TransactionInterceptor#0'
23:31:12.580 [Test worker] DEBUG org.springframework.beans.factory.support.DefaultListableBeanFactory - Eagerly caching bean 'org.springframework.transaction.interceptor.TransactionInterceptor#0' to allow for resolving potential circular references
23:31:12.587 [Test worker] DEBUG org.springframework.beans.factory.support.DefaultListableBeanFactory - Returning cached instance of singleton bean 'org.springframework.transaction.annotation.AnnotationTransactionAttributeSource#0'
23:31:12.588 [Test worker] DEBUG org.springframework.beans.factory.support.DefaultListableBeanFactory - Invoking afterPropertiesSet() on bean with name 'org.springframework.transaction.interceptor.TransactionInterceptor#0'
23:31:12.588 [Test worker] DEBUG org.springframework.beans.factory.support.DefaultListableBeanFactory - Finished creating instance of bean 'org.springframework.transaction.interceptor.TransactionInterceptor#0'
23:31:12.588 [Test worker] DEBUG org.springframework.beans.factory.support.DefaultListableBeanFactory - Returning cached instance of singleton bean 'org.springframework.transaction.config.internalTransactionAdvisor'
23:31:12.588 [Test worker] DEBUG org.springframework.beans.factory.support.DefaultListableBeanFactory - Creating shared instance of singleton bean 'org.springframework.context.config.internalBeanConfigurerAspect'
23:31:12.588 [Test worker] DEBUG org.springframework.beans.factory.support.DefaultListableBeanFactory - Creating instance of bean 'org.springframework.context.config.internalBeanConfigurerAspect'
23:31:12.630 [Test worker] DEBUG org.springframework.beans.factory.support.DefaultListableBeanFactory - Eagerly caching bean 'org.springframework.context.config.internalBeanConfigurerAspect' to allow for resolving potential circular references
23:31:12.638 [Test worker] DEBUG org.springframework.beans.factory.support.DefaultListableBeanFactory - Invoking afterPropertiesSet() on bean with name 'org.springframework.context.config.internalBeanConfigurerAspect'
23:31:12.639 [Test worker] DEBUG org.springframework.beans.factory.support.DefaultListableBeanFactory - Returning cached instance of singleton bean 'org.springframework.transaction.config.internalTransactionAdvisor'
23:31:12.669 [Test worker] DEBUG org.springframework.beans.factory.support.DefaultListableBeanFactory - Finished creating instance of bean 'org.springframework.context.config.internalBeanConfigurerAspect'
23:31:12.670 [Test worker] DEBUG org.springframework.beans.factory.support.DefaultListableBeanFactory - Creating shared instance of singleton bean 'board001Service'
23:31:12.670 [Test worker] DEBUG org.springframework.beans.factory.support.DefaultListableBeanFactory - Creating instance of bean 'board001Service'
23:31:12.676 [Test worker] DEBUG org.springframework.beans.factory.annotation.InjectionMetadata - Registered injected element on class [com.springV01.service.board.Board001Service]: AutowiredFieldElement for protected com.framework.dao.MybatisDao com.framework.service.BaseService.mtDao
23:31:12.676 [Test worker] DEBUG org.springframework.beans.factory.support.DefaultListableBeanFactory - Eagerly caching bean 'board001Service' to allow for resolving potential circular references
23:31:12.682 [Test worker] DEBUG org.springframework.beans.factory.annotation.InjectionMetadata - Processing injected element of bean 'board001Service': AutowiredFieldElement for protected com.framework.dao.MybatisDao com.framework.service.BaseService.mtDao
23:31:12.727 [Test worker] DEBUG org.apache.ibatis.logging.LogFactory - Logging initialized using 'class org.apache.ibatis.logging.slf4j.Slf4jImpl' adapter.
23:31:12.732 [Test worker] DEBUG org.springframework.beans.factory.support.DefaultListableBeanFactory - Creating shared instance of singleton bean 'mybatisService'
23:31:12.733 [Test worker] DEBUG org.springframework.beans.factory.support.DefaultListableBeanFactory - Creating instance of bean 'mybatisService'
23:31:12.742 [Test worker] DEBUG org.springframework.beans.factory.annotation.InjectionMetadata - Registered injected element on class [com.framework.dao.MybatisService]: AutowiredFieldElement for private org.apache.ibatis.session.SqlSession com.framework.dao.MybatisService.sqlSession
23:31:12.744 [Test worker] DEBUG org.springframework.beans.factory.support.DefaultListableBeanFactory - Eagerly caching bean 'mybatisService' to allow for resolving potential circular references
23:31:12.748 [Test worker] DEBUG org.springframework.beans.factory.annotation.InjectionMetadata - Processing injected element of bean 'mybatisService': AutowiredFieldElement for private org.apache.ibatis.session.SqlSession com.framework.dao.MybatisService.sqlSession
23:31:12.750 [Test worker] DEBUG org.springframework.beans.factory.support.DefaultListableBeanFactory - Creating shared instance of singleton bean 'sqlSession'
23:31:12.750 [Test worker] DEBUG org.springframework.beans.factory.support.DefaultListableBeanFactory - Creating instance of bean 'sqlSession'
23:31:12.766 [Test worker] DEBUG org.springframework.beans.factory.support.DefaultListableBeanFactory - Creating shared instance of singleton bean 'sqlSessionFactory'
23:31:12.766 [Test worker] DEBUG org.springframework.beans.factory.support.DefaultListableBeanFactory - Creating instance of bean 'sqlSessionFactory'
23:31:12.767 [Test worker] DEBUG org.springframework.beans.factory.support.DefaultListableBeanFactory - Eagerly caching bean 'sqlSessionFactory' to allow for resolving potential circular references
23:31:12.778 [Test worker] DEBUG org.springframework.beans.factory.support.DefaultListableBeanFactory - Creating shared instance of singleton bean 'dataSource'
23:31:12.778 [Test worker] DEBUG org.springframework.beans.factory.support.DefaultListableBeanFactory - Creating instance of bean 'dataSource'
23:31:12.781 [Test worker] DEBUG org.springframework.beans.factory.support.DefaultListableBeanFactory - Eagerly caching bean 'dataSource' to allow for resolving potential circular references
23:31:12.822 [Test worker] INFO org.springframework.jdbc.datasource.DriverManagerDataSource - Loaded JDBC driver: org.postgresql.Driver
23:31:12.822 [Test worker] DEBUG org.springframework.beans.factory.support.DefaultListableBeanFactory - Returning cached instance of singleton bean 'org.springframework.transaction.config.internalTransactionAdvisor'
23:31:12.824 [Test worker] DEBUG org.springframework.beans.factory.support.DefaultListableBeanFactory - Finished creating instance of bean 'dataSource'
23:31:12.826 [Test worker] DEBUG org.springframework.core.io.support.PathMatchingResourcePatternResolver - Looking for matching resources in directory tree [/home/nick/IdeaProjects/2017_Spring_v01/build/resources/main/com/springV01/mapper]
23:31:12.827 [Test worker] DEBUG org.springframework.core.io.support.PathMatchingResourcePatternResolver - Searching directory [/home/nick/IdeaProjects/2017_Spring_v01/build/resources/main/com/springV01/mapper] for files matching pattern [/home/nick/IdeaProjects/2017_Spring_v01/build/resources/main/com/springV01/mapper/**/*.xml]
23:31:12.827 [Test worker] DEBUG org.springframework.core.io.support.PathMatchingResourcePatternResolver - Searching directory [/home/nick/IdeaProjects/2017_Spring_v01/build/resources/main/com/springV01/mapper/board] for files matching pattern [/home/nick/IdeaProjects/2017_Spring_v01/build/resources/main/com/springV01/mapper/**/*.xml]
23:31:12.828 [Test worker] DEBUG org.springframework.core.io.support.PathMatchingResourcePatternResolver - Searching directory [/home/nick/IdeaProjects/2017_Spring_v01/build/resources/main/com/springV01/mapper/main] for files matching pattern [/home/nick/IdeaProjects/2017_Spring_v01/build/resources/main/com/springV01/mapper/**/*.xml]
23:31:12.829 [Test worker] DEBUG org.springframework.core.io.support.PathMatchingResourcePatternResolver - Resolved location pattern [classpath:com/springV01/mapper/**/*.xml] to resources [file [/home/nick/IdeaProjects/2017_Spring_v01/build/resources/main/com/springV01/mapper/board/Board001Mapper.xml], file [/home/nick/IdeaProjects/2017_Spring_v01/build/resources/main/com/springV01/mapper/main/Main001Mapper.xml]]
23:31:12.831 [Test worker] DEBUG org.springframework.beans.factory.support.DefaultListableBeanFactory - Invoking afterPropertiesSet() on bean with name 'sqlSessionFactory'
23:31:13.127 [Test worker] DEBUG org.mybatis.spring.SqlSessionFactoryBean - Parsed configuration file: 'class path resource [com/framework/mybatis/mybatis-config.xml]'
23:31:13.204 [Test worker] DEBUG org.mybatis.spring.SqlSessionFactoryBean - Parsed mapper file: 'file [/home/nick/IdeaProjects/2017_Spring_v01/build/resources/main/com/springV01/mapper/board/Board001Mapper.xml]'
23:31:13.224 [Test worker] DEBUG org.mybatis.spring.SqlSessionFactoryBean - Parsed mapper file: 'file [/home/nick/IdeaProjects/2017_Spring_v01/build/resources/main/com/springV01/mapper/main/Main001Mapper.xml]'
23:31:13.225 [Test worker] DEBUG org.springframework.beans.factory.support.DefaultListableBeanFactory - Returning cached instance of singleton bean 'org.springframework.transaction.config.internalTransactionAdvisor'
23:31:13.226 [Test worker] DEBUG org.springframework.beans.factory.support.DefaultListableBeanFactory - Finished creating instance of bean 'sqlSessionFactory'
23:31:13.226 [Test worker] DEBUG org.springframework.beans.factory.support.DefaultListableBeanFactory - Returning cached instance of singleton bean 'org.springframework.transaction.config.internalTransactionAdvisor'
23:31:13.258 [Test worker] DEBUG org.springframework.beans.factory.support.DefaultListableBeanFactory - Eagerly caching bean 'sqlSession' to allow for resolving potential circular references
23:31:13.266 [Test worker] DEBUG org.springframework.beans.factory.support.DefaultListableBeanFactory - Returning cached instance of singleton bean 'org.springframework.transaction.config.internalTransactionAdvisor'
23:31:13.267 [Test worker] DEBUG org.springframework.beans.factory.support.DefaultListableBeanFactory - Finished creating instance of bean 'sqlSession'
23:31:13.267 [Test worker] DEBUG org.springframework.beans.factory.annotation.AutowiredAnnotationBeanPostProcessor - Autowiring by type from bean name 'mybatisService' to bean named 'sqlSession'
23:31:13.268 [Test worker] DEBUG org.springframework.beans.factory.support.DefaultListableBeanFactory - Returning cached instance of singleton bean 'org.springframework.transaction.config.internalTransactionAdvisor'
23:31:13.269 [Test worker] DEBUG org.springframework.beans.factory.support.DefaultListableBeanFactory - Finished creating instance of bean 'mybatisService'
23:31:13.269 [Test worker] DEBUG org.springframework.beans.factory.annotation.AutowiredAnnotationBeanPostProcessor - Autowiring by type from bean name 'board001Service' to bean named 'mybatisService'
23:31:13.269 [Test worker] DEBUG org.springframework.beans.factory.support.DefaultListableBeanFactory - Returning cached instance of singleton bean 'org.springframework.transaction.config.internalTransactionAdvisor'
23:31:13.272 [Test worker] DEBUG org.springframework.beans.factory.support.DefaultListableBeanFactory - Finished creating instance of bean 'board001Service'
23:31:13.272 [Test worker] DEBUG org.springframework.beans.factory.support.DefaultListableBeanFactory - Returning cached instance of singleton bean 'org.springframework.context.annotation.internalConfigurationAnnotationProcessor'
23:31:13.272 [Test worker] DEBUG org.springframework.beans.factory.support.DefaultListableBeanFactory - Returning cached instance of singleton bean 'org.springframework.context.annotation.internalAutowiredAnnotationProcessor'
23:31:13.272 [Test worker] DEBUG org.springframework.beans.factory.support.DefaultListableBeanFactory - Returning cached instance of singleton bean 'org.springframework.context.annotation.internalRequiredAnnotationProcessor'
23:31:13.272 [Test worker] DEBUG org.springframework.beans.factory.support.DefaultListableBeanFactory - Returning cached instance of singleton bean 'org.springframework.context.annotation.internalCommonAnnotationProcessor'
23:31:13.272 [Test worker] DEBUG org.springframework.beans.factory.support.DefaultListableBeanFactory - Creating shared instance of singleton bean 'org.springframework.context.event.internalEventListenerProcessor'
23:31:13.272 [Test worker] DEBUG org.springframework.beans.factory.support.DefaultListableBeanFactory - Creating instance of bean 'org.springframework.context.event.internalEventListenerProcessor'
23:31:13.275 [Test worker] DEBUG org.springframework.beans.factory.support.DefaultListableBeanFactory - Eagerly caching bean 'org.springframework.context.event.internalEventListenerProcessor' to allow for resolving potential circular references
23:31:13.278 [Test worker] DEBUG org.springframework.beans.factory.support.DefaultListableBeanFactory - Returning cached instance of singleton bean 'org.springframework.transaction.config.internalTransactionAdvisor'
23:31:13.279 [Test worker] DEBUG org.springframework.beans.factory.support.DefaultListableBeanFactory - Finished creating instance of bean 'org.springframework.context.event.internalEventListenerProcessor'
23:31:13.279 [Test worker] DEBUG org.springframework.beans.factory.support.DefaultListableBeanFactory - Creating shared instance of singleton bean 'org.springframework.context.event.internalEventListenerFactory'
23:31:13.279 [Test worker] DEBUG org.springframework.beans.factory.support.DefaultListableBeanFactory - Creating instance of bean 'org.springframework.context.event.internalEventListenerFactory'
23:31:13.280 [Test worker] DEBUG org.springframework.beans.factory.support.DefaultListableBeanFactory - Eagerly caching bean 'org.springframework.context.event.internalEventListenerFactory' to allow for resolving potential circular references
23:31:13.283 [Test worker] DEBUG org.springframework.beans.factory.support.DefaultListableBeanFactory - Returning cached instance of singleton bean 'org.springframework.transaction.config.internalTransactionAdvisor'
23:31:13.283 [Test worker] DEBUG org.springframework.beans.factory.support.DefaultListableBeanFactory - Finished creating instance of bean 'org.springframework.context.event.internalEventListenerFactory'
23:31:13.283 [Test worker] DEBUG org.springframework.beans.factory.support.DefaultListableBeanFactory - Returning cached instance of singleton bean 'org.springframework.context.support.PropertySourcesPlaceholderConfigurer#0'
23:31:13.283 [Test worker] DEBUG org.springframework.beans.factory.support.DefaultListableBeanFactory - Returning cached instance of singleton bean 'dataSource'
23:31:13.284 [Test worker] DEBUG org.springframework.beans.factory.support.DefaultListableBeanFactory - Returning cached instance of singleton bean 'sqlSessionFactory'
23:31:13.284 [Test worker] DEBUG org.springframework.beans.factory.support.DefaultListableBeanFactory - Returning cached instance of singleton bean 'sqlSession'
23:31:13.284 [Test worker] DEBUG org.springframework.beans.factory.support.DefaultListableBeanFactory - Returning cached instance of singleton bean 'mybatisService'
23:31:13.284 [Test worker] DEBUG org.springframework.beans.factory.support.DefaultListableBeanFactory - Returning cached instance of singleton bean 'org.mybatis.spring.mapper.MapperScannerConfigurer#0'
23:31:13.285 [Test worker] DEBUG org.springframework.beans.factory.support.DefaultListableBeanFactory - Returning cached instance of singleton bean 'org.springframework.transaction.config.internalTransactionalEventListenerFactory'
23:31:13.285 [Test worker] DEBUG org.springframework.beans.factory.support.DefaultListableBeanFactory - Returning cached instance of singleton bean 'org.springframework.context.event.internalEventListenerFactory'
23:31:13.327 [Test worker] DEBUG org.springframework.context.support.GenericApplicationContext - Unable to locate LifecycleProcessor with name 'lifecycleProcessor': using default [org.springframework.context.support.DefaultLifecycleProcessor@426f4dc7]
23:31:13.328 [Test worker] DEBUG org.springframework.beans.factory.support.DefaultListableBeanFactory - Returning cached instance of singleton bean 'lifecycleProcessor'
23:31:13.332 [Test worker] DEBUG org.springframework.beans.factory.support.DefaultListableBeanFactory - Returning cached instance of singleton bean 'sqlSessionFactory'
23:31:13.342 [Test worker] DEBUG org.springframework.core.env.PropertySourcesPropertyResolver - Could not find key 'spring.liveBeansView.mbeanDomain' in any property source
23:31:13.345 [Test worker] DEBUG org.springframework.test.context.cache.DefaultCacheAwareContextLoaderDelegate - Storing ApplicationContext in cache under key [[MergedContextConfiguration@4c0e2605 testClass = DataSourceTest, locations = '{classpath:com/framework/spring/*-context.xml}', classes = '{}', contextInitializerClasses = '[]', activeProfiles = '{}', propertySourceLocations = '{}', propertySourceProperties = '{}', contextCustomizers = set[[empty]], contextLoader = 'org.springframework.test.context.support.DelegatingSmartContextLoader', parent = [null]]]
23:31:13.345 [Test worker] DEBUG org.springframework.test.context.cache - Spring test ApplicationContext cache statistics: [DefaultContextCache@93bdf4e size = 1, maxSize = 32, parentContextCount = 0, hitCount = 0, missCount = 1]
23:31:13.348 [Test worker] DEBUG org.springframework.beans.factory.annotation.InjectionMetadata - Processing injected element of bean 'com.springV01.web.DataSourceTest': AutowiredFieldElement for private javax.sql.DataSource com.springV01.web.DataSourceTest.ds
23:31:13.349 [Test worker] DEBUG org.springframework.beans.factory.support.DefaultListableBeanFactory - Returning cached instance of singleton bean 'dataSource'
23:31:13.349 [Test worker] DEBUG org.springframework.beans.factory.annotation.AutowiredAnnotationBeanPostProcessor - Autowiring by type from bean name 'com.springV01.web.DataSourceTest' to bean named 'dataSource'
23:31:13.354 [Test worker] DEBUG org.springframework.beans.factory.support.DefaultListableBeanFactory - Returning cached instance of singleton bean 'org.springframework.transaction.config.internalTransactionAdvisor'
23:31:13.362 [Test worker] DEBUG org.springframework.test.context.support.AbstractDirtiesContextTestExecutionListener - Before test method: context [DefaultTestContext@8ab9ee0 testClass = DataSourceTest, testInstance = com.springV01.web.DataSourceTest@26288c0c, testMethod = testConnection@DataSourceTest, testException = [null], mergedContextConfiguration = [MergedContextConfiguration@4c0e2605 testClass = DataSourceTest, locations = '{classpath:com/framework/spring/*-context.xml}', classes = '{}', contextInitializerClasses = '[]', activeProfiles = '{}', propertySourceLocations = '{}', propertySourceProperties = '{}', contextCustomizers = set[[empty]], contextLoader = 'org.springframework.test.context.support.DelegatingSmartContextLoader', parent = [null]]], class annotated with @DirtiesContext [false] with mode [null], method annotated with @DirtiesContext [false] with mode [null].
23:31:13.365 [Test worker] DEBUG org.springframework.jdbc.datasource.DriverManagerDataSource - Creating new JDBC DriverManager Connection to [jdbc:postgresql://localhost:5432/postgres]
###DBcon: org.postgresql.jdbc4.Jdbc4Connection@fc9565f
23:31:13.505 [Test worker] DEBUG org.springframework.test.context.support.AbstractDirtiesContextTestExecutionListener - After test method: context [DefaultTestContext@8ab9ee0 testClass = DataSourceTest, testInstance = com.springV01.web.DataSourceTest@26288c0c, testMethod = testConnection@DataSourceTest, testException = [null], mergedContextConfiguration = [MergedContextConfiguration@4c0e2605 testClass = DataSourceTest, locations = '{classpath:com/framework/spring/*-context.xml}', classes = '{}', contextInitializerClasses = '[]', activeProfiles = '{}', propertySourceLocations = '{}', propertySourceProperties = '{}', contextCustomizers = set[[empty]], contextLoader = 'org.springframework.test.context.support.DelegatingSmartContextLoader', parent = [null]]], class annotated with @DirtiesContext [false] with mode [null], method annotated with @DirtiesContext [false] with mode [null].
23:31:13.511 [Test worker] DEBUG org.springframework.test.context.support.AbstractDirtiesContextTestExecutionListener - After test class: context [DefaultTestContext@8ab9ee0 testClass = DataSourceTest, testInstance = [null], testMethod = [null], testException = [null], mergedContextConfiguration = [MergedContextConfiguration@4c0e2605 testClass = DataSourceTest, locations = '{classpath:com/framework/spring/*-context.xml}', classes = '{}', contextInitializerClasses = '[]', activeProfiles = '{}', propertySourceLocations = '{}', propertySourceProperties = '{}', contextCustomizers = set[[empty]], contextLoader = 'org.springframework.test.context.support.DelegatingSmartContextLoader', parent = [null]]], class annotated with @DirtiesContext [false] with mode [null].
]]></system-out>
  <system-err><![CDATA[]]></system-err>
</testsuite>
