<?xml version="1.0" encoding="UTF-8"?>
<testsuite name="com.springV01.web.DataSourceTest" tests="1" skipped="0" failures="0" errors="0" timestamp="2017-05-12T11:22:24" hostname="jo" time="0.399">
  <properties/>
  <testcase name="testConnection" classname="com.springV01.web.DataSourceTest" time="0.399"/>
  <system-out><![CDATA[20:22:23.718 [Test worker] DEBUG org.apache.ibatis.logging.LogFactory - Logging initialized using 'class org.apache.ibatis.logging.slf4j.Slf4jImpl' adapter.
20:22:23.937 [Test worker] DEBUG org.mybatis.spring.SqlSessionFactoryBean - Parsed configuration file: 'class path resource [com/framework/mybatis/mybatis-config.xml]'
20:22:23.939 [Test worker] DEBUG org.mybatis.spring.SqlSessionFactoryBean - Property 'mapperLocations' was not specified or no matching resources found
###DBcon: org.postgresql.jdbc4.Jdbc4Connection@bbd6eb4
]]></system-out>
  <system-err><![CDATA[5월 12, 2017 8:22:22 오후 org.springframework.test.context.support.DefaultTestContextBootstrapper getDefaultTestExecutionListenerClassNames
정보: Loaded default TestExecutionListener class names from location [META-INF/spring.factories]: [org.springframework.test.context.web.ServletTestExecutionListener, org.springframework.test.context.support.DirtiesContextBeforeModesTestExecutionListener, org.springframework.test.context.support.DependencyInjectionTestExecutionListener, org.springframework.test.context.support.DirtiesContextTestExecutionListener, org.springframework.test.context.transaction.TransactionalTestExecutionListener, org.springframework.test.context.jdbc.SqlScriptsTestExecutionListener]
5월 12, 2017 8:22:22 오후 org.springframework.test.context.support.DefaultTestContextBootstrapper getTestExecutionListeners
정보: Using TestExecutionListeners: [org.springframework.test.context.web.ServletTestExecutionListener@39c39c1a, org.springframework.test.context.support.DirtiesContextBeforeModesTestExecutionListener@5b771f25, org.springframework.test.context.support.DependencyInjectionTestExecutionListener@62c959d8, org.springframework.test.context.support.DirtiesContextTestExecutionListener@b44666a, org.springframework.test.context.transaction.TransactionalTestExecutionListener@2ec20854, org.springframework.test.context.jdbc.SqlScriptsTestExecutionListener@4d2fa49e]
5월 12, 2017 8:22:22 오후 org.springframework.beans.factory.xml.XmlBeanDefinitionReader loadBeanDefinitions
정보: Loading XML bean definitions from file [/home/nick/IdeaProjects/2017_Spring_v01/build/resources/main/com/framework/spring/common-context.xml]
5월 12, 2017 8:22:23 오후 org.springframework.beans.factory.xml.XmlBeanDefinitionReader loadBeanDefinitions
정보: Loading XML bean definitions from file [/home/nick/IdeaProjects/2017_Spring_v01/build/resources/main/com/framework/spring/datasource-context.xml]
5월 12, 2017 8:22:23 오후 org.springframework.beans.factory.xml.XmlBeanDefinitionReader loadBeanDefinitions
정보: Loading XML bean definitions from file [/home/nick/IdeaProjects/2017_Spring_v01/build/resources/main/com/framework/spring/mapper-context.xml]
5월 12, 2017 8:22:23 오후 org.springframework.context.support.GenericApplicationContext prepareRefresh
정보: Refreshing org.springframework.context.support.GenericApplicationContext@660bda: startup date [Fri May 12 20:22:23 KST 2017]; root of context hierarchy
5월 12, 2017 8:22:23 오후 org.mybatis.spring.mapper.ClassPathMapperScanner doScan
경고: No MyBatis mapper was found in '[classpath:com/springV01/mapper/**/*.xml]' package. Please check your configuration.
5월 12, 2017 8:22:23 오후 org.springframework.context.support.PropertySourcesPlaceholderConfigurer loadProperties
정보: Loading properties file from class path resource [com/framework/spring/jdbc.properties]
5월 12, 2017 8:22:23 오후 org.springframework.beans.factory.annotation.AutowiredAnnotationBeanPostProcessor <init>
정보: JSR-330 'javax.inject.Inject' annotation found and supported for autowiring
5월 12, 2017 8:22:23 오후 org.springframework.jdbc.datasource.DriverManagerDataSource setDriverClassName
정보: Loaded JDBC driver: org.postgresql.Driver
]]></system-err>
</testsuite>
